2016-03-29 12:36:43,474 INFO [localhost-startStop-1] o.s.w.c.ContextLoader [ContextLoader.java:285] Root WebApplicationContext: initialization started
2016-03-29 12:36:43,673 INFO [localhost-startStop-1] o.s.w.c.s.XmlWebApplicationContext [AbstractApplicationContext.java:510] Refreshing Root WebApplicationContext: startup date [Tue Mar 29 12:36:43 CEST 2016]; root of context hierarchy
2016-03-29 12:36:43,751 INFO [localhost-startStop-1] o.s.b.f.x.XmlBeanDefinitionReader [XmlBeanDefinitionReader.java:317] Loading XML bean definitions from class path resource [spring/business-config.xml]
2016-03-29 12:36:44,306 INFO [localhost-startStop-1] o.s.b.f.x.XmlBeanDefinitionReader [XmlBeanDefinitionReader.java:317] Loading XML bean definitions from class path resource [spring/persistence-config.xml]
2016-03-29 12:36:44,771 INFO [localhost-startStop-1] o.s.c.s.PropertySourcesPlaceholderConfigurer [PropertiesLoaderSupport.java:172] Loading properties file from class path resource [spring/data-access.properties]
2016-03-29 12:36:44,791 INFO [localhost-startStop-1] o.s.b.f.a.AutowiredAnnotationBeanPostProcessor [AutowiredAnnotationBeanPostProcessor.java:153] JSR-330 'javax.inject.Inject' annotation found and supported for autowiring
2016-03-29 12:36:45,223 INFO [localhost-startStop-1] o.s.o.j.LocalContainerEntityManagerFactoryBean [LocalContainerEntityManagerFactoryBean.java:339] Building JPA container EntityManagerFactory for persistence unit 'wp'
2016-03-29 12:36:45,299 INFO [localhost-startStop-1] o.h.j.i.u.LogHelper [LogHelper.java:46] HHH000204: Processing PersistenceUnitInfo [
	name: wp
	...]
2016-03-29 12:36:45,769 INFO [localhost-startStop-1] o.h.Version [Version.java:54] HHH000412: Hibernate Core {4.3.10.Final}
2016-03-29 12:36:45,773 INFO [localhost-startStop-1] o.h.c.Environment [Environment.java:239] HHH000206: hibernate.properties not found
2016-03-29 12:36:45,776 INFO [localhost-startStop-1] o.h.c.Environment [Environment.java:346] HHH000021: Bytecode provider name : javassist
2016-03-29 12:36:46,465 INFO [localhost-startStop-1] o.h.a.c.Version [JavaReflectionManager.java:66] HCANN000001: Hibernate Commons Annotations {4.0.5.Final}
2016-03-29 12:36:47,584 INFO [localhost-startStop-1] o.h.d.Dialect [Dialect.java:145] HHH000400: Using dialect: org.hibernate.dialect.MySQLDialect
2016-03-29 12:36:48,104 INFO [localhost-startStop-1] o.h.h.i.a.ASTQueryTranslatorFactory [ASTQueryTranslatorFactory.java:47] HHH000397: Using ASTQueryTranslatorFactory
2016-03-29 12:36:48,388 INFO [localhost-startStop-1] o.h.v.i.u.Version [Version.java:27] HV000001: Hibernate Validator 5.1.3.Final
2016-03-29 12:36:49,646 INFO [localhost-startStop-1] o.h.t.h.SchemaUpdate [SchemaUpdate.java:207] HHH000228: Running hbm2ddl schema update
2016-03-29 12:36:49,646 INFO [localhost-startStop-1] o.h.t.h.SchemaUpdate [SchemaUpdate.java:218] HHH000102: Fetching database metadata
2016-03-29 12:36:49,650 INFO [localhost-startStop-1] o.h.t.h.SchemaUpdate [SchemaUpdate.java:230] HHH000396: Updating schema
2016-03-29 12:36:49,736 INFO [localhost-startStop-1] o.h.t.h.TableMetadata [TableMetadata.java:65] HHH000261: Table found: java_blog.blog
2016-03-29 12:36:49,737 INFO [localhost-startStop-1] o.h.t.h.TableMetadata [TableMetadata.java:66] HHH000037: Columns: [name, description, id]
2016-03-29 12:36:49,737 INFO [localhost-startStop-1] o.h.t.h.TableMetadata [TableMetadata.java:68] HHH000108: Foreign keys: []
2016-03-29 12:36:49,738 INFO [localhost-startStop-1] o.h.t.h.TableMetadata [TableMetadata.java:69] HHH000126: Indexes: [primary]
2016-03-29 12:36:49,789 INFO [localhost-startStop-1] o.h.t.h.TableMetadata [TableMetadata.java:65] HHH000261: Table found: java_blog.category
2016-03-29 12:36:49,790 INFO [localhost-startStop-1] o.h.t.h.TableMetadata [TableMetadata.java:66] HHH000037: Columns: [blog_id, name, id]
2016-03-29 12:36:49,790 INFO [localhost-startStop-1] o.h.t.h.TableMetadata [TableMetadata.java:68] HHH000108: Foreign keys: [fk_4bv8ll1clbk1o710s33f18cjy]
2016-03-29 12:36:49,791 INFO [localhost-startStop-1] o.h.t.h.TableMetadata [TableMetadata.java:69] HHH000126: Indexes: [uk_foei036ov74bv692o5lh5oi66, fk_4bv8ll1clbk1o710s33f18cjy, primary]
2016-03-29 12:36:49,851 INFO [localhost-startStop-1] o.h.t.h.TableMetadata [TableMetadata.java:65] HHH000261: Table found: java_blog.comment
2016-03-29 12:36:49,852 INFO [localhost-startStop-1] o.h.t.h.TableMetadata [TableMetadata.java:66] HHH000037: Columns: [date, sub_comment_id, website, post_id, author, id, content, email]
2016-03-29 12:36:49,853 INFO [localhost-startStop-1] o.h.t.h.TableMetadata [TableMetadata.java:68] HHH000108: Foreign keys: [fk_948uvh1i6013ukmhda57jpefc, fk_apirq8ka64iidc18f3k6x5tc5]
2016-03-29 12:36:49,853 INFO [localhost-startStop-1] o.h.t.h.TableMetadata [TableMetadata.java:69] HHH000126: Indexes: [fk_948uvh1i6013ukmhda57jpefc, fk_apirq8ka64iidc18f3k6x5tc5, primary]
2016-03-29 12:36:49,898 INFO [localhost-startStop-1] o.h.t.h.TableMetadata [TableMetadata.java:65] HHH000261: Table found: java_blog.post
2016-03-29 12:36:49,898 INFO [localhost-startStop-1] o.h.t.h.TableMetadata [TableMetadata.java:66] HHH000037: Columns: [date, user_id, rating, id, title, content, enabled]
2016-03-29 12:36:49,899 INFO [localhost-startStop-1] o.h.t.h.TableMetadata [TableMetadata.java:68] HHH000108: Foreign keys: [fk_s7ui38nhrh0c7q4nfpgf93bfk]
2016-03-29 12:36:49,900 INFO [localhost-startStop-1] o.h.t.h.TableMetadata [TableMetadata.java:69] HHH000126: Indexes: [fk_s7ui38nhrh0c7q4nfpgf93bfk, primary]
2016-03-29 12:36:49,952 INFO [localhost-startStop-1] o.h.t.h.TableMetadata [TableMetadata.java:65] HHH000261: Table found: java_blog.tag
2016-03-29 12:36:49,952 INFO [localhost-startStop-1] o.h.t.h.TableMetadata [TableMetadata.java:66] HHH000037: Columns: [name, id]
2016-03-29 12:36:49,953 INFO [localhost-startStop-1] o.h.t.h.TableMetadata [TableMetadata.java:68] HHH000108: Foreign keys: []
2016-03-29 12:36:49,953 INFO [localhost-startStop-1] o.h.t.h.TableMetadata [TableMetadata.java:69] HHH000126: Indexes: [primary, uk_24642shpebunaq3ggshotv9hk]
2016-03-29 12:36:50,016 INFO [localhost-startStop-1] o.h.t.h.TableMetadata [TableMetadata.java:65] HHH000261: Table found: java_blog.user
2016-03-29 12:36:50,016 INFO [localhost-startStop-1] o.h.t.h.TableMetadata [TableMetadata.java:66] HHH000037: Columns: [password, isadmin, surname, imageurl, name, uploadpath, id, email, username]
2016-03-29 12:36:50,016 INFO [localhost-startStop-1] o.h.t.h.TableMetadata [TableMetadata.java:68] HHH000108: Foreign keys: []
2016-03-29 12:36:50,017 INFO [localhost-startStop-1] o.h.t.h.TableMetadata [TableMetadata.java:69] HHH000126: Indexes: [uk_jreodf78a7pl5qidfh43axdfb, primary]
2016-03-29 12:36:50,063 INFO [localhost-startStop-1] o.h.t.h.TableMetadata [TableMetadata.java:65] HHH000261: Table found: java_blog.post_categories
2016-03-29 12:36:50,064 INFO [localhost-startStop-1] o.h.t.h.TableMetadata [TableMetadata.java:66] HHH000037: Columns: [cat_id, id]
2016-03-29 12:36:50,064 INFO [localhost-startStop-1] o.h.t.h.TableMetadata [TableMetadata.java:68] HHH000108: Foreign keys: [fk_230q54bqb82yj49m0c14o9pmd, fk_s46ut2yutkkkc3htv42bp0v9h]
2016-03-29 12:36:50,065 INFO [localhost-startStop-1] o.h.t.h.TableMetadata [TableMetadata.java:69] HHH000126: Indexes: [fk_230q54bqb82yj49m0c14o9pmd, fk_s46ut2yutkkkc3htv42bp0v9h]
2016-03-29 12:36:50,164 INFO [localhost-startStop-1] o.h.t.h.TableMetadata [TableMetadata.java:65] HHH000261: Table found: java_blog.post_image_urls
2016-03-29 12:36:50,165 INFO [localhost-startStop-1] o.h.t.h.TableMetadata [TableMetadata.java:66] HHH000037: Columns: [image_url, id]
2016-03-29 12:36:50,166 INFO [localhost-startStop-1] o.h.t.h.TableMetadata [TableMetadata.java:68] HHH000108: Foreign keys: [fk_65wldw1rxrqdf4jsi8lphe6t4]
2016-03-29 12:36:50,166 INFO [localhost-startStop-1] o.h.t.h.TableMetadata [TableMetadata.java:69] HHH000126: Indexes: [uk_csptxsmdum3y13jp2rtoxk6vu]
2016-03-29 12:36:50,225 INFO [localhost-startStop-1] o.h.t.h.TableMetadata [TableMetadata.java:65] HHH000261: Table found: java_blog.post_tags
2016-03-29 12:36:50,226 INFO [localhost-startStop-1] o.h.t.h.TableMetadata [TableMetadata.java:66] HHH000037: Columns: [tag_id, id]
2016-03-29 12:36:50,226 INFO [localhost-startStop-1] o.h.t.h.TableMetadata [TableMetadata.java:68] HHH000108: Foreign keys: [fk_n8k2owli9ecanh4phj01mddvv, fk_38vimqfhetfvqs16abqbrmy59]
2016-03-29 12:36:50,227 INFO [localhost-startStop-1] o.h.t.h.TableMetadata [TableMetadata.java:69] HHH000126: Indexes: [fk_n8k2owli9ecanh4phj01mddvv, fk_38vimqfhetfvqs16abqbrmy59]
2016-03-29 12:36:50,228 INFO [localhost-startStop-1] o.h.t.h.SchemaUpdate [SchemaUpdate.java:267] HHH000232: Schema update complete
2016-03-29 12:36:50,856 INFO [localhost-startStop-1] o.s.w.c.ContextLoader [ContextLoader.java:325] Root WebApplicationContext: initialization completed in 7375 ms
2016-03-29 12:36:50,886 INFO [localhost-startStop-1] o.s.w.s.DispatcherServlet [FrameworkServlet.java:485] FrameworkServlet 'dispatcherServlet': initialization started
2016-03-29 12:36:50,891 INFO [localhost-startStop-1] o.s.w.c.s.XmlWebApplicationContext [AbstractApplicationContext.java:510] Refreshing WebApplicationContext for namespace 'dispatcherServlet-servlet': startup date [Tue Mar 29 12:36:50 CEST 2016]; parent: Root WebApplicationContext
2016-03-29 12:36:50,892 INFO [localhost-startStop-1] o.s.b.f.x.XmlBeanDefinitionReader [XmlBeanDefinitionReader.java:317] Loading XML bean definitions from class path resource [spring/mvc-core-config.xml]
2016-03-29 12:36:50,972 INFO [localhost-startStop-1] o.s.b.f.x.XmlBeanDefinitionReader [XmlBeanDefinitionReader.java:317] Loading XML bean definitions from class path resource [spring/mvc-view-config.xml]
2016-03-29 12:36:51,232 INFO [localhost-startStop-1] o.s.b.f.a.AutowiredAnnotationBeanPostProcessor [AutowiredAnnotationBeanPostProcessor.java:153] JSR-330 'javax.inject.Inject' annotation found and supported for autowiring
2016-03-29 12:36:51,653 INFO [localhost-startStop-1] o.s.w.s.m.m.a.RequestMappingHandlerMapping [AbstractHandlerMethodMapping.java:217] Mapped "{[/api/blog/post/search],methods=[GET],produces=[application/json]}" onto public java.util.List<mk.ukim.finki.wp.model.Post> mk.ukim.finki.wp.web.BlogResource.search(java.lang.String)
2016-03-29 12:36:51,655 INFO [localhost-startStop-1] o.s.w.s.m.m.a.RequestMappingHandlerMapping [AbstractHandlerMethodMapping.java:217] Mapped "{[/api/blog/post/{postId}],methods=[GET],produces=[application/json]}" onto public mk.ukim.finki.wp.model.Post mk.ukim.finki.wp.web.BlogResource.getPost(java.lang.Long)
2016-03-29 12:36:51,656 INFO [localhost-startStop-1] o.s.w.s.m.m.a.RequestMappingHandlerMapping [AbstractHandlerMethodMapping.java:217] Mapped "{[/api/blog/post],methods=[GET],produces=[application/json]}" onto public java.util.List<mk.ukim.finki.wp.model.Post> mk.ukim.finki.wp.web.BlogResource.getAllPosts()
2016-03-29 12:36:51,656 INFO [localhost-startStop-1] o.s.w.s.m.m.a.RequestMappingHandlerMapping [AbstractHandlerMethodMapping.java:217] Mapped "{[/api/blog/comment/{commentId}],methods=[GET],produces=[application/json]}" onto public mk.ukim.finki.wp.model.Comment mk.ukim.finki.wp.web.BlogResource.getCommentById(java.lang.Long)
2016-03-29 12:36:51,658 INFO [localhost-startStop-1] o.s.w.s.m.m.a.RequestMappingHandlerMapping [AbstractHandlerMethodMapping.java:217] Mapped "{[/api/blog/post/byTag/{tagId}],produces=[application/json]}" onto public java.util.List<mk.ukim.finki.wp.model.Post> mk.ukim.finki.wp.web.BlogResource.getPostsByTag(java.lang.Long)
2016-03-29 12:36:51,658 INFO [localhost-startStop-1] o.s.w.s.m.m.a.RequestMappingHandlerMapping [AbstractHandlerMethodMapping.java:217] Mapped "{[/api/blog/tag/byName/{tagName}],methods=[GET],produces=[application/json]}" onto public mk.ukim.finki.wp.model.Tag mk.ukim.finki.wp.web.BlogResource.getTagByName(java.lang.String)
2016-03-29 12:36:51,659 INFO [localhost-startStop-1] o.s.w.s.m.m.a.RequestMappingHandlerMapping [AbstractHandlerMethodMapping.java:217] Mapped "{[/api/blog/{blogId}],methods=[GET],produces=[application/json]}" onto public mk.ukim.finki.wp.model.Blog mk.ukim.finki.wp.web.BlogResource.getBlog(java.lang.Long)
2016-03-29 12:36:51,661 INFO [localhost-startStop-1] o.s.w.s.m.m.a.RequestMappingHandlerMapping [AbstractHandlerMethodMapping.java:217] Mapped "{[/api/blog/category/byBlog/{blogId}],methods=[GET],produces=[application/json]}" onto public java.util.List<mk.ukim.finki.wp.model.Category> mk.ukim.finki.wp.web.BlogResource.getCategoriesByBlog(java.lang.Long)
2016-03-29 12:36:51,662 INFO [localhost-startStop-1] o.s.w.s.m.m.a.RequestMappingHandlerMapping [AbstractHandlerMethodMapping.java:217] Mapped "{[/api/blog/comment/byPost/{postId}],methods=[GET],produces=[application/json]}" onto public java.util.List<mk.ukim.finki.wp.model.Comment> mk.ukim.finki.wp.web.BlogResource.getCommentsByPost(java.lang.Long)
2016-03-29 12:36:51,663 INFO [localhost-startStop-1] o.s.w.s.m.m.a.RequestMappingHandlerMapping [AbstractHandlerMethodMapping.java:217] Mapped "{[/api/blog/post/byCategory/{categoryId}],methods=[GET],produces=[application/json]}" onto public java.util.List<mk.ukim.finki.wp.model.Post> mk.ukim.finki.wp.web.BlogResource.getPostsByCategory(java.lang.Long)
2016-03-29 12:36:51,664 INFO [localhost-startStop-1] o.s.w.s.m.m.a.RequestMappingHandlerMapping [AbstractHandlerMethodMapping.java:217] Mapped "{[/api/blog/category/{categoryId}],methods=[GET],produces=[application/json]}" onto public mk.ukim.finki.wp.model.Category mk.ukim.finki.wp.web.BlogResource.getCategory(java.lang.Long)
2016-03-29 12:36:51,665 INFO [localhost-startStop-1] o.s.w.s.m.m.a.RequestMappingHandlerMapping [AbstractHandlerMethodMapping.java:217] Mapped "{[/api/blog/comment/add/{postId}/{parentCommentId}],methods=[POST],produces=[application/json]}" onto public void mk.ukim.finki.wp.web.BlogResource.postComment(java.lang.Long,java.lang.Long,java.lang.String,java.lang.String,java.lang.String,java.lang.String)
2016-03-29 12:36:51,665 INFO [localhost-startStop-1] o.s.w.s.m.m.a.RequestMappingHandlerMapping [AbstractHandlerMethodMapping.java:217] Mapped "{[/api/blog/post/add],methods=[POST],produces=[application/json]}" onto public void mk.ukim.finki.wp.web.BlogResource.createPost(java.lang.String,java.lang.String,java.lang.String,java.lang.Long)
2016-03-29 12:36:51,666 INFO [localhost-startStop-1] o.s.w.s.m.m.a.RequestMappingHandlerMapping [AbstractHandlerMethodMapping.java:217] Mapped "{[/api/blog/post/recent],methods=[GET],produces=[application/json]}" onto public java.util.List<mk.ukim.finki.wp.model.Post> mk.ukim.finki.wp.web.BlogResource.getRecentPosts()
2016-03-29 12:36:51,667 INFO [localhost-startStop-1] o.s.w.s.m.m.a.RequestMappingHandlerMapping [AbstractHandlerMethodMapping.java:217] Mapped "{[/api/blog/post],methods=[POST],produces=[application/json]}" onto public void mk.ukim.finki.wp.web.BlogResource.postPost(java.lang.String,java.lang.String,java.util.ArrayList<org.springframework.web.multipart.MultipartFile>,java.lang.Boolean,java.util.List<java.lang.String>,java.util.List<java.lang.String>,javax.servlet.http.HttpSession)
2016-03-29 12:36:51,670 INFO [localhost-startStop-1] o.s.w.s.m.m.a.RequestMappingHandlerMapping [AbstractHandlerMethodMapping.java:217] Mapped "{[],methods=[GET]}" onto public org.springframework.web.servlet.ModelAndView mk.ukim.finki.wp.web.HomeController.index()
2016-03-29 12:36:51,670 INFO [localhost-startStop-1] o.s.w.s.m.m.a.RequestMappingHandlerMapping [AbstractHandlerMethodMapping.java:217] Mapped "{[],methods=[POST]}" onto public org.springframework.web.servlet.ModelAndView mk.ukim.finki.wp.web.HomeController.post(java.lang.String,java.lang.String,java.util.List<org.springframework.web.multipart.MultipartFile>,java.lang.Boolean,java.util.List<java.lang.String>,javax.servlet.http.HttpSession)
2016-03-29 12:36:51,672 INFO [localhost-startStop-1] o.s.w.s.m.m.a.RequestMappingHandlerMapping [AbstractHandlerMethodMapping.java:217] Mapped "{[/signup],methods=[POST]}" onto public void mk.ukim.finki.wp.web.HomeController.signUp(java.lang.String,java.lang.String,java.lang.String,java.lang.String,java.lang.String,org.springframework.web.multipart.MultipartFile)
2016-03-29 12:36:51,674 INFO [localhost-startStop-1] o.s.w.s.m.m.a.RequestMappingHandlerMapping [AbstractHandlerMethodMapping.java:217] Mapped "{[/api/blog/user/login],methods=[POST],produces=[application/json]}" onto public mk.ukim.finki.wp.model.User mk.ukim.finki.wp.web.UserRepository.logIn(java.lang.String,java.lang.String,java.lang.Boolean,javax.servlet.http.HttpServletRequest)
2016-03-29 12:36:51,675 INFO [localhost-startStop-1] o.s.w.s.m.m.a.RequestMappingHandlerMapping [AbstractHandlerMethodMapping.java:217] Mapped "{[/api/blog/user/signup],methods=[POST],produces=[application/json]}" onto public void mk.ukim.finki.wp.web.UserRepository.signUp(java.lang.String,java.lang.String,java.lang.String,java.lang.String,java.lang.String)
2016-03-29 12:36:52,417 INFO [localhost-startStop-1] o.s.w.s.m.m.a.RequestMappingHandlerAdapter [RequestMappingHandlerAdapter.java:517] Looking for @ControllerAdvice: WebApplicationContext for namespace 'dispatcherServlet-servlet': startup date [Tue Mar 29 12:36:50 CEST 2016]; parent: Root WebApplicationContext
2016-03-29 12:36:52,503 INFO [localhost-startStop-1] o.s.w.s.m.m.a.RequestMappingHandlerAdapter [RequestMappingHandlerAdapter.java:517] Looking for @ControllerAdvice: WebApplicationContext for namespace 'dispatcherServlet-servlet': startup date [Tue Mar 29 12:36:50 CEST 2016]; parent: Root WebApplicationContext
2016-03-29 12:36:52,684 INFO [localhost-startStop-1] o.s.w.s.h.SimpleUrlHandlerMapping [AbstractUrlHandlerMapping.java:314] Mapped URL path [/resources/**] onto handler 'org.springframework.web.servlet.resource.ResourceHttpRequestHandler#0'
2016-03-29 12:36:52,700 INFO [localhost-startStop-1] o.s.w.s.h.SimpleUrlHandlerMapping [AbstractUrlHandlerMapping.java:301] Root mapping to handler of type [class org.springframework.web.servlet.mvc.ParameterizableViewController]
2016-03-29 12:36:52,709 INFO [localhost-startStop-1] o.s.w.s.h.SimpleUrlHandlerMapping [AbstractUrlHandlerMapping.java:314] Mapped URL path [/**] onto handler 'org.springframework.web.servlet.resource.DefaultServletHttpRequestHandler#0'
2016-03-29 12:36:52,770 INFO [localhost-startStop-1] o.s.w.s.DispatcherServlet [FrameworkServlet.java:504] FrameworkServlet 'dispatcherServlet': initialization completed in 1884 ms
