2016-03-07 18:16:25,864 INFO [localhost-startStop-1] o.s.w.c.ContextLoader [ContextLoader.java:285] Root WebApplicationContext: initialization started
2016-03-07 18:16:26,040 INFO [localhost-startStop-1] o.s.w.c.s.XmlWebApplicationContext [AbstractApplicationContext.java:510] Refreshing Root WebApplicationContext: startup date [Mon Mar 07 18:16:26 CET 2016]; root of context hierarchy
2016-03-07 18:16:26,095 INFO [localhost-startStop-1] o.s.b.f.x.XmlBeanDefinitionReader [XmlBeanDefinitionReader.java:317] Loading XML bean definitions from class path resource [spring/business-config.xml]
2016-03-07 18:16:26,643 INFO [localhost-startStop-1] o.s.b.f.x.XmlBeanDefinitionReader [XmlBeanDefinitionReader.java:317] Loading XML bean definitions from class path resource [spring/persistence-config.xml]
2016-03-07 18:16:27,050 INFO [localhost-startStop-1] o.s.c.s.PropertySourcesPlaceholderConfigurer [PropertiesLoaderSupport.java:172] Loading properties file from class path resource [spring/data-access.properties]
2016-03-07 18:16:27,075 INFO [localhost-startStop-1] o.s.b.f.a.AutowiredAnnotationBeanPostProcessor [AutowiredAnnotationBeanPostProcessor.java:153] JSR-330 'javax.inject.Inject' annotation found and supported for autowiring
2016-03-07 18:16:27,505 INFO [localhost-startStop-1] o.s.o.j.LocalContainerEntityManagerFactoryBean [LocalContainerEntityManagerFactoryBean.java:339] Building JPA container EntityManagerFactory for persistence unit 'wp'
2016-03-07 18:16:27,633 INFO [localhost-startStop-1] o.h.j.i.u.LogHelper [LogHelper.java:46] HHH000204: Processing PersistenceUnitInfo [
	name: wp
	...]
2016-03-07 18:16:27,994 INFO [localhost-startStop-1] o.h.Version [Version.java:54] HHH000412: Hibernate Core {4.3.10.Final}
2016-03-07 18:16:27,999 INFO [localhost-startStop-1] o.h.c.Environment [Environment.java:239] HHH000206: hibernate.properties not found
2016-03-07 18:16:28,003 INFO [localhost-startStop-1] o.h.c.Environment [Environment.java:346] HHH000021: Bytecode provider name : javassist
2016-03-07 18:16:28,400 INFO [localhost-startStop-1] o.h.a.c.Version [JavaReflectionManager.java:66] HCANN000001: Hibernate Commons Annotations {4.0.5.Final}
2016-03-07 18:16:31,178 WARN [localhost-startStop-1] o.h.e.j.i.JdbcServicesImpl [JdbcServicesImpl.java:204] HHH000342: Could not obtain connection to query metadata : Communications link failure

The last packet sent successfully to the server was 0 milliseconds ago. The driver has not received any packets from the server.
2016-03-07 18:16:31,227 INFO [localhost-startStop-1] o.h.d.Dialect [Dialect.java:145] HHH000400: Using dialect: org.hibernate.dialect.MySQLDialect
2016-03-07 18:16:31,242 INFO [localhost-startStop-1] o.h.e.j.i.LobCreatorBuilder [LobCreatorBuilder.java:88] HHH000422: Disabling contextual LOB creation as connection was null
2016-03-07 18:16:31,693 INFO [localhost-startStop-1] o.h.h.i.a.ASTQueryTranslatorFactory [ASTQueryTranslatorFactory.java:47] HHH000397: Using ASTQueryTranslatorFactory
2016-03-07 18:16:31,802 INFO [localhost-startStop-1] o.h.v.i.u.Version [Version.java:27] HV000001: Hibernate Validator 5.1.3.Final
2016-03-07 18:16:39,988 INFO [localhost-startStop-1] o.h.t.h.SchemaUpdate [SchemaUpdate.java:207] HHH000228: Running hbm2ddl schema update
2016-03-07 18:16:39,989 INFO [localhost-startStop-1] o.h.t.h.SchemaUpdate [SchemaUpdate.java:218] HHH000102: Fetching database metadata
2016-03-07 18:16:42,006 ERROR [localhost-startStop-1] o.h.t.h.SchemaUpdate [SchemaUpdate.java:226] HHH000319: Could not get database metadata
com.mysql.jdbc.exceptions.jdbc4.CommunicationsException: Communications link failure

The last packet sent successfully to the server was 0 milliseconds ago. The driver has not received any packets from the server.
	at sun.reflect.NativeConstructorAccessorImpl.newInstance0(Native Method) ~[na:1.8.0_51]
	at sun.reflect.NativeConstructorAccessorImpl.newInstance(NativeConstructorAccessorImpl.java:62) ~[na:1.8.0_51]
	at sun.reflect.DelegatingConstructorAccessorImpl.newInstance(DelegatingConstructorAccessorImpl.java:45) ~[na:1.8.0_51]
	at java.lang.reflect.Constructor.newInstance(Constructor.java:422) ~[na:1.8.0_51]
	at com.mysql.jdbc.Util.handleNewInstance(Util.java:400) ~[mysql-connector-java-5.1.36.jar:5.1.36]
	at com.mysql.jdbc.SQLError.createCommunicationsException(SQLError.java:1038) ~[mysql-connector-java-5.1.36.jar:5.1.36]
	at com.mysql.jdbc.MysqlIO.<init>(MysqlIO.java:339) ~[mysql-connector-java-5.1.36.jar:5.1.36]
	at com.mysql.jdbc.ConnectionImpl.coreConnect(ConnectionImpl.java:2247) ~[mysql-connector-java-5.1.36.jar:5.1.36]
	at com.mysql.jdbc.ConnectionImpl.connectOneTryOnly(ConnectionImpl.java:2280) ~[mysql-connector-java-5.1.36.jar:5.1.36]
	at com.mysql.jdbc.ConnectionImpl.createNewIO(ConnectionImpl.java:2079) ~[mysql-connector-java-5.1.36.jar:5.1.36]
	at com.mysql.jdbc.ConnectionImpl.<init>(ConnectionImpl.java:794) ~[mysql-connector-java-5.1.36.jar:5.1.36]
	at com.mysql.jdbc.JDBC4Connection.<init>(JDBC4Connection.java:44) ~[mysql-connector-java-5.1.36.jar:5.1.36]
	at sun.reflect.NativeConstructorAccessorImpl.newInstance0(Native Method) ~[na:1.8.0_51]
	at sun.reflect.NativeConstructorAccessorImpl.newInstance(NativeConstructorAccessorImpl.java:62) ~[na:1.8.0_51]
	at sun.reflect.DelegatingConstructorAccessorImpl.newInstance(DelegatingConstructorAccessorImpl.java:45) ~[na:1.8.0_51]
	at java.lang.reflect.Constructor.newInstance(Constructor.java:422) ~[na:1.8.0_51]
	at com.mysql.jdbc.Util.handleNewInstance(Util.java:400) ~[mysql-connector-java-5.1.36.jar:5.1.36]
	at com.mysql.jdbc.ConnectionImpl.getInstance(ConnectionImpl.java:399) ~[mysql-connector-java-5.1.36.jar:5.1.36]
	at com.mysql.jdbc.NonRegisteringDriver.connect(NonRegisteringDriver.java:325) ~[mysql-connector-java-5.1.36.jar:5.1.36]
	at org.apache.tomcat.jdbc.pool.PooledConnection.connectUsingDriver(PooledConnection.java:278) ~[tomcat-jdbc-7.0.59.jar:na]
	at org.apache.tomcat.jdbc.pool.PooledConnection.connect(PooledConnection.java:182) ~[tomcat-jdbc-7.0.59.jar:na]
	at org.apache.tomcat.jdbc.pool.ConnectionPool.createConnection(ConnectionPool.java:701) ~[tomcat-jdbc-7.0.59.jar:na]
	at org.apache.tomcat.jdbc.pool.ConnectionPool.borrowConnection(ConnectionPool.java:635) ~[tomcat-jdbc-7.0.59.jar:na]
	at org.apache.tomcat.jdbc.pool.ConnectionPool.init(ConnectionPool.java:486) ~[tomcat-jdbc-7.0.59.jar:na]
	at org.apache.tomcat.jdbc.pool.ConnectionPool.<init>(ConnectionPool.java:144) ~[tomcat-jdbc-7.0.59.jar:na]
	at org.apache.tomcat.jdbc.pool.DataSourceProxy.pCreatePool(DataSourceProxy.java:116) ~[tomcat-jdbc-7.0.59.jar:na]
	at org.apache.tomcat.jdbc.pool.DataSourceProxy.createPool(DataSourceProxy.java:103) ~[tomcat-jdbc-7.0.59.jar:na]
	at org.apache.tomcat.jdbc.pool.DataSourceProxy.getConnection(DataSourceProxy.java:127) ~[tomcat-jdbc-7.0.59.jar:na]
	at org.hibernate.engine.jdbc.connections.internal.DatasourceConnectionProviderImpl.getConnection(DatasourceConnectionProviderImpl.java:139) ~[hibernate-core-4.3.10.Final.jar:4.3.10.Final]
	at org.hibernate.tool.hbm2ddl.SuppliedConnectionProviderConnectionHelper.prepare(SuppliedConnectionProviderConnectionHelper.java:51) ~[hibernate-core-4.3.10.Final.jar:4.3.10.Final]
	at org.hibernate.tool.hbm2ddl.SchemaUpdate.execute(SchemaUpdate.java:219) ~[hibernate-core-4.3.10.Final.jar:4.3.10.Final]
	at org.hibernate.tool.hbm2ddl.SchemaUpdate.execute(SchemaUpdate.java:203) ~[hibernate-core-4.3.10.Final.jar:4.3.10.Final]
	at org.hibernate.internal.SessionFactoryImpl.<init>(SessionFactoryImpl.java:522) ~[hibernate-core-4.3.10.Final.jar:4.3.10.Final]
	at org.hibernate.cfg.Configuration.buildSessionFactory(Configuration.java:1859) ~[hibernate-core-4.3.10.Final.jar:4.3.10.Final]
	at org.hibernate.jpa.boot.internal.EntityManagerFactoryBuilderImpl$4.perform(EntityManagerFactoryBuilderImpl.java:857) [hibernate-entitymanager-4.3.10.Final.jar:4.3.10.Final]
	at org.hibernate.jpa.boot.internal.EntityManagerFactoryBuilderImpl$4.perform(EntityManagerFactoryBuilderImpl.java:850) [hibernate-entitymanager-4.3.10.Final.jar:4.3.10.Final]
	at org.hibernate.boot.registry.classloading.internal.ClassLoaderServiceImpl.withTccl(ClassLoaderServiceImpl.java:425) [hibernate-core-4.3.10.Final.jar:4.3.10.Final]
	at org.hibernate.jpa.boot.internal.EntityManagerFactoryBuilderImpl.build(EntityManagerFactoryBuilderImpl.java:849) [hibernate-entitymanager-4.3.10.Final.jar:4.3.10.Final]
	at org.springframework.orm.jpa.vendor.SpringHibernateJpaPersistenceProvider.createContainerEntityManagerFactory(SpringHibernateJpaPersistenceProvider.java:60) [spring-orm-4.1.7.RELEASE.jar:4.1.7.RELEASE]
	at org.springframework.orm.jpa.LocalContainerEntityManagerFactoryBean.createNativeEntityManagerFactory(LocalContainerEntityManagerFactoryBean.java:343) [spring-orm-4.1.7.RELEASE.jar:4.1.7.RELEASE]
	at org.springframework.orm.jpa.AbstractEntityManagerFactoryBean.afterPropertiesSet(AbstractEntityManagerFactoryBean.java:318) [spring-orm-4.1.7.RELEASE.jar:4.1.7.RELEASE]
	at org.springframework.beans.factory.support.AbstractAutowireCapableBeanFactory.invokeInitMethods(AbstractAutowireCapableBeanFactory.java:1633) [spring-beans-4.1.7.RELEASE.jar:4.1.7.RELEASE]
	at org.springframework.beans.factory.support.AbstractAutowireCapableBeanFactory.initializeBean(AbstractAutowireCapableBeanFactory.java:1570) [spring-beans-4.1.7.RELEASE.jar:4.1.7.RELEASE]
	at org.springframework.beans.factory.support.AbstractAutowireCapableBeanFactory.doCreateBean(AbstractAutowireCapableBeanFactory.java:539) [spring-beans-4.1.7.RELEASE.jar:4.1.7.RELEASE]
	at org.springframework.beans.factory.support.AbstractAutowireCapableBeanFactory.createBean(AbstractAutowireCapableBeanFactory.java:476) [spring-beans-4.1.7.RELEASE.jar:4.1.7.RELEASE]
	at org.springframework.beans.factory.support.AbstractBeanFactory$1.getObject(AbstractBeanFactory.java:303) [spring-beans-4.1.7.RELEASE.jar:4.1.7.RELEASE]
	at org.springframework.beans.factory.support.DefaultSingletonBeanRegistry.getSingleton(DefaultSingletonBeanRegistry.java:230) [spring-beans-4.1.7.RELEASE.jar:4.1.7.RELEASE]
	at org.springframework.beans.factory.support.AbstractBeanFactory.doGetBean(AbstractBeanFactory.java:299) [spring-beans-4.1.7.RELEASE.jar:4.1.7.RELEASE]
	at org.springframework.beans.factory.support.AbstractBeanFactory.getBean(AbstractBeanFactory.java:194) [spring-beans-4.1.7.RELEASE.jar:4.1.7.RELEASE]
	at org.springframework.context.support.AbstractApplicationContext.getBean(AbstractApplicationContext.java:956) [spring-context-4.1.7.RELEASE.jar:4.1.7.RELEASE]
	at org.springframework.context.support.AbstractApplicationContext.finishBeanFactoryInitialization(AbstractApplicationContext.java:747) [spring-context-4.1.7.RELEASE.jar:4.1.7.RELEASE]
	at org.springframework.context.support.AbstractApplicationContext.refresh(AbstractApplicationContext.java:480) [spring-context-4.1.7.RELEASE.jar:4.1.7.RELEASE]
	at org.springframework.web.context.ContextLoader.configureAndRefreshWebApplicationContext(ContextLoader.java:434) [spring-web-4.1.7.RELEASE.jar:4.1.7.RELEASE]
	at org.springframework.web.context.ContextLoader.initWebApplicationContext(ContextLoader.java:306) [spring-web-4.1.7.RELEASE.jar:4.1.7.RELEASE]
	at org.springframework.web.context.ContextLoaderListener.contextInitialized(ContextLoaderListener.java:106) [spring-web-4.1.7.RELEASE.jar:4.1.7.RELEASE]
	at org.apache.catalina.core.StandardContext.listenerStart(StandardContext.java:4939) [tomcat-embed-core-7.0.47.jar:7.0.47]
	at org.apache.catalina.core.StandardContext.startInternal(StandardContext.java:5434) [tomcat-embed-core-7.0.47.jar:7.0.47]
	at org.apache.catalina.util.LifecycleBase.start(LifecycleBase.java:150) [tomcat-embed-core-7.0.47.jar:7.0.47]
	at org.apache.catalina.core.ContainerBase$StartChild.call(ContainerBase.java:1559) [tomcat-embed-core-7.0.47.jar:7.0.47]
	at org.apache.catalina.core.ContainerBase$StartChild.call(ContainerBase.java:1549) [tomcat-embed-core-7.0.47.jar:7.0.47]
	at java.util.concurrent.FutureTask.run(FutureTask.java:266) [na:1.8.0_51]
	at java.util.concurrent.ThreadPoolExecutor.runWorker(ThreadPoolExecutor.java:1142) [na:1.8.0_51]
	at java.util.concurrent.ThreadPoolExecutor$Worker.run(ThreadPoolExecutor.java:617) [na:1.8.0_51]
	at java.lang.Thread.run(Thread.java:745) [na:1.8.0_51]
Caused by: java.net.ConnectException: Connection refused: connect
	at java.net.DualStackPlainSocketImpl.connect0(Native Method) ~[na:1.8.0_51]
	at java.net.DualStackPlainSocketImpl.socketConnect(DualStackPlainSocketImpl.java:79) ~[na:1.8.0_51]
	at java.net.AbstractPlainSocketImpl.doConnect(AbstractPlainSocketImpl.java:345) ~[na:1.8.0_51]
	at java.net.AbstractPlainSocketImpl.connectToAddress(AbstractPlainSocketImpl.java:206) ~[na:1.8.0_51]
	at java.net.AbstractPlainSocketImpl.connect(AbstractPlainSocketImpl.java:188) ~[na:1.8.0_51]
	at java.net.PlainSocketImpl.connect(PlainSocketImpl.java:172) ~[na:1.8.0_51]
	at java.net.SocksSocketImpl.connect(SocksSocketImpl.java:392) ~[na:1.8.0_51]
	at java.net.Socket.connect(Socket.java:589) ~[na:1.8.0_51]
	at com.mysql.jdbc.StandardSocketFactory.connect(StandardSocketFactory.java:214) ~[mysql-connector-java-5.1.36.jar:5.1.36]
	at com.mysql.jdbc.MysqlIO.<init>(MysqlIO.java:298) ~[mysql-connector-java-5.1.36.jar:5.1.36]
	... 57 common frames omitted
2016-03-07 18:16:42,014 ERROR [localhost-startStop-1] o.h.t.h.SchemaUpdate [SchemaUpdate.java:272] HHH000299: Could not complete schema update
com.mysql.jdbc.exceptions.jdbc4.CommunicationsException: Communications link failure

The last packet sent successfully to the server was 0 milliseconds ago. The driver has not received any packets from the server.
	at sun.reflect.NativeConstructorAccessorImpl.newInstance0(Native Method) ~[na:1.8.0_51]
	at sun.reflect.NativeConstructorAccessorImpl.newInstance(NativeConstructorAccessorImpl.java:62) ~[na:1.8.0_51]
	at sun.reflect.DelegatingConstructorAccessorImpl.newInstance(DelegatingConstructorAccessorImpl.java:45) ~[na:1.8.0_51]
	at java.lang.reflect.Constructor.newInstance(Constructor.java:422) ~[na:1.8.0_51]
	at com.mysql.jdbc.Util.handleNewInstance(Util.java:400) ~[mysql-connector-java-5.1.36.jar:5.1.36]
	at com.mysql.jdbc.SQLError.createCommunicationsException(SQLError.java:1038) ~[mysql-connector-java-5.1.36.jar:5.1.36]
	at com.mysql.jdbc.MysqlIO.<init>(MysqlIO.java:339) ~[mysql-connector-java-5.1.36.jar:5.1.36]
	at com.mysql.jdbc.ConnectionImpl.coreConnect(ConnectionImpl.java:2247) ~[mysql-connector-java-5.1.36.jar:5.1.36]
	at com.mysql.jdbc.ConnectionImpl.connectOneTryOnly(ConnectionImpl.java:2280) ~[mysql-connector-java-5.1.36.jar:5.1.36]
	at com.mysql.jdbc.ConnectionImpl.createNewIO(ConnectionImpl.java:2079) ~[mysql-connector-java-5.1.36.jar:5.1.36]
	at com.mysql.jdbc.ConnectionImpl.<init>(ConnectionImpl.java:794) ~[mysql-connector-java-5.1.36.jar:5.1.36]
	at com.mysql.jdbc.JDBC4Connection.<init>(JDBC4Connection.java:44) ~[mysql-connector-java-5.1.36.jar:5.1.36]
	at sun.reflect.NativeConstructorAccessorImpl.newInstance0(Native Method) ~[na:1.8.0_51]
	at sun.reflect.NativeConstructorAccessorImpl.newInstance(NativeConstructorAccessorImpl.java:62) ~[na:1.8.0_51]
	at sun.reflect.DelegatingConstructorAccessorImpl.newInstance(DelegatingConstructorAccessorImpl.java:45) ~[na:1.8.0_51]
	at java.lang.reflect.Constructor.newInstance(Constructor.java:422) ~[na:1.8.0_51]
	at com.mysql.jdbc.Util.handleNewInstance(Util.java:400) ~[mysql-connector-java-5.1.36.jar:5.1.36]
	at com.mysql.jdbc.ConnectionImpl.getInstance(ConnectionImpl.java:399) ~[mysql-connector-java-5.1.36.jar:5.1.36]
	at com.mysql.jdbc.NonRegisteringDriver.connect(NonRegisteringDriver.java:325) ~[mysql-connector-java-5.1.36.jar:5.1.36]
	at org.apache.tomcat.jdbc.pool.PooledConnection.connectUsingDriver(PooledConnection.java:278) ~[tomcat-jdbc-7.0.59.jar:na]
	at org.apache.tomcat.jdbc.pool.PooledConnection.connect(PooledConnection.java:182) ~[tomcat-jdbc-7.0.59.jar:na]
	at org.apache.tomcat.jdbc.pool.ConnectionPool.createConnection(ConnectionPool.java:701) ~[tomcat-jdbc-7.0.59.jar:na]
	at org.apache.tomcat.jdbc.pool.ConnectionPool.borrowConnection(ConnectionPool.java:635) ~[tomcat-jdbc-7.0.59.jar:na]
	at org.apache.tomcat.jdbc.pool.ConnectionPool.init(ConnectionPool.java:486) ~[tomcat-jdbc-7.0.59.jar:na]
	at org.apache.tomcat.jdbc.pool.ConnectionPool.<init>(ConnectionPool.java:144) ~[tomcat-jdbc-7.0.59.jar:na]
	at org.apache.tomcat.jdbc.pool.DataSourceProxy.pCreatePool(DataSourceProxy.java:116) ~[tomcat-jdbc-7.0.59.jar:na]
	at org.apache.tomcat.jdbc.pool.DataSourceProxy.createPool(DataSourceProxy.java:103) ~[tomcat-jdbc-7.0.59.jar:na]
	at org.apache.tomcat.jdbc.pool.DataSourceProxy.getConnection(DataSourceProxy.java:127) ~[tomcat-jdbc-7.0.59.jar:na]
	at org.hibernate.engine.jdbc.connections.internal.DatasourceConnectionProviderImpl.getConnection(DatasourceConnectionProviderImpl.java:139) ~[hibernate-core-4.3.10.Final.jar:4.3.10.Final]
	at org.hibernate.tool.hbm2ddl.SuppliedConnectionProviderConnectionHelper.prepare(SuppliedConnectionProviderConnectionHelper.java:51) ~[hibernate-core-4.3.10.Final.jar:4.3.10.Final]
	at org.hibernate.tool.hbm2ddl.SchemaUpdate.execute(SchemaUpdate.java:219) ~[hibernate-core-4.3.10.Final.jar:4.3.10.Final]
	at org.hibernate.tool.hbm2ddl.SchemaUpdate.execute(SchemaUpdate.java:203) ~[hibernate-core-4.3.10.Final.jar:4.3.10.Final]
	at org.hibernate.internal.SessionFactoryImpl.<init>(SessionFactoryImpl.java:522) ~[hibernate-core-4.3.10.Final.jar:4.3.10.Final]
	at org.hibernate.cfg.Configuration.buildSessionFactory(Configuration.java:1859) ~[hibernate-core-4.3.10.Final.jar:4.3.10.Final]
	at org.hibernate.jpa.boot.internal.EntityManagerFactoryBuilderImpl$4.perform(EntityManagerFactoryBuilderImpl.java:857) [hibernate-entitymanager-4.3.10.Final.jar:4.3.10.Final]
	at org.hibernate.jpa.boot.internal.EntityManagerFactoryBuilderImpl$4.perform(EntityManagerFactoryBuilderImpl.java:850) [hibernate-entitymanager-4.3.10.Final.jar:4.3.10.Final]
	at org.hibernate.boot.registry.classloading.internal.ClassLoaderServiceImpl.withTccl(ClassLoaderServiceImpl.java:425) [hibernate-core-4.3.10.Final.jar:4.3.10.Final]
	at org.hibernate.jpa.boot.internal.EntityManagerFactoryBuilderImpl.build(EntityManagerFactoryBuilderImpl.java:849) [hibernate-entitymanager-4.3.10.Final.jar:4.3.10.Final]
	at org.springframework.orm.jpa.vendor.SpringHibernateJpaPersistenceProvider.createContainerEntityManagerFactory(SpringHibernateJpaPersistenceProvider.java:60) [spring-orm-4.1.7.RELEASE.jar:4.1.7.RELEASE]
	at org.springframework.orm.jpa.LocalContainerEntityManagerFactoryBean.createNativeEntityManagerFactory(LocalContainerEntityManagerFactoryBean.java:343) [spring-orm-4.1.7.RELEASE.jar:4.1.7.RELEASE]
	at org.springframework.orm.jpa.AbstractEntityManagerFactoryBean.afterPropertiesSet(AbstractEntityManagerFactoryBean.java:318) [spring-orm-4.1.7.RELEASE.jar:4.1.7.RELEASE]
	at org.springframework.beans.factory.support.AbstractAutowireCapableBeanFactory.invokeInitMethods(AbstractAutowireCapableBeanFactory.java:1633) [spring-beans-4.1.7.RELEASE.jar:4.1.7.RELEASE]
	at org.springframework.beans.factory.support.AbstractAutowireCapableBeanFactory.initializeBean(AbstractAutowireCapableBeanFactory.java:1570) [spring-beans-4.1.7.RELEASE.jar:4.1.7.RELEASE]
	at org.springframework.beans.factory.support.AbstractAutowireCapableBeanFactory.doCreateBean(AbstractAutowireCapableBeanFactory.java:539) [spring-beans-4.1.7.RELEASE.jar:4.1.7.RELEASE]
	at org.springframework.beans.factory.support.AbstractAutowireCapableBeanFactory.createBean(AbstractAutowireCapableBeanFactory.java:476) [spring-beans-4.1.7.RELEASE.jar:4.1.7.RELEASE]
	at org.springframework.beans.factory.support.AbstractBeanFactory$1.getObject(AbstractBeanFactory.java:303) [spring-beans-4.1.7.RELEASE.jar:4.1.7.RELEASE]
	at org.springframework.beans.factory.support.DefaultSingletonBeanRegistry.getSingleton(DefaultSingletonBeanRegistry.java:230) [spring-beans-4.1.7.RELEASE.jar:4.1.7.RELEASE]
	at org.springframework.beans.factory.support.AbstractBeanFactory.doGetBean(AbstractBeanFactory.java:299) [spring-beans-4.1.7.RELEASE.jar:4.1.7.RELEASE]
	at org.springframework.beans.factory.support.AbstractBeanFactory.getBean(AbstractBeanFactory.java:194) [spring-beans-4.1.7.RELEASE.jar:4.1.7.RELEASE]
	at org.springframework.context.support.AbstractApplicationContext.getBean(AbstractApplicationContext.java:956) [spring-context-4.1.7.RELEASE.jar:4.1.7.RELEASE]
	at org.springframework.context.support.AbstractApplicationContext.finishBeanFactoryInitialization(AbstractApplicationContext.java:747) [spring-context-4.1.7.RELEASE.jar:4.1.7.RELEASE]
	at org.springframework.context.support.AbstractApplicationContext.refresh(AbstractApplicationContext.java:480) [spring-context-4.1.7.RELEASE.jar:4.1.7.RELEASE]
	at org.springframework.web.context.ContextLoader.configureAndRefreshWebApplicationContext(ContextLoader.java:434) [spring-web-4.1.7.RELEASE.jar:4.1.7.RELEASE]
	at org.springframework.web.context.ContextLoader.initWebApplicationContext(ContextLoader.java:306) [spring-web-4.1.7.RELEASE.jar:4.1.7.RELEASE]
	at org.springframework.web.context.ContextLoaderListener.contextInitialized(ContextLoaderListener.java:106) [spring-web-4.1.7.RELEASE.jar:4.1.7.RELEASE]
	at org.apache.catalina.core.StandardContext.listenerStart(StandardContext.java:4939) [tomcat-embed-core-7.0.47.jar:7.0.47]
	at org.apache.catalina.core.StandardContext.startInternal(StandardContext.java:5434) [tomcat-embed-core-7.0.47.jar:7.0.47]
	at org.apache.catalina.util.LifecycleBase.start(LifecycleBase.java:150) [tomcat-embed-core-7.0.47.jar:7.0.47]
	at org.apache.catalina.core.ContainerBase$StartChild.call(ContainerBase.java:1559) [tomcat-embed-core-7.0.47.jar:7.0.47]
	at org.apache.catalina.core.ContainerBase$StartChild.call(ContainerBase.java:1549) [tomcat-embed-core-7.0.47.jar:7.0.47]
	at java.util.concurrent.FutureTask.run(FutureTask.java:266) [na:1.8.0_51]
	at java.util.concurrent.ThreadPoolExecutor.runWorker(ThreadPoolExecutor.java:1142) [na:1.8.0_51]
	at java.util.concurrent.ThreadPoolExecutor$Worker.run(ThreadPoolExecutor.java:617) [na:1.8.0_51]
	at java.lang.Thread.run(Thread.java:745) [na:1.8.0_51]
Caused by: java.net.ConnectException: Connection refused: connect
	at java.net.DualStackPlainSocketImpl.connect0(Native Method) ~[na:1.8.0_51]
	at java.net.DualStackPlainSocketImpl.socketConnect(DualStackPlainSocketImpl.java:79) ~[na:1.8.0_51]
	at java.net.AbstractPlainSocketImpl.doConnect(AbstractPlainSocketImpl.java:345) ~[na:1.8.0_51]
	at java.net.AbstractPlainSocketImpl.connectToAddress(AbstractPlainSocketImpl.java:206) ~[na:1.8.0_51]
	at java.net.AbstractPlainSocketImpl.connect(AbstractPlainSocketImpl.java:188) ~[na:1.8.0_51]
	at java.net.PlainSocketImpl.connect(PlainSocketImpl.java:172) ~[na:1.8.0_51]
	at java.net.SocksSocketImpl.connect(SocksSocketImpl.java:392) ~[na:1.8.0_51]
	at java.net.Socket.connect(Socket.java:589) ~[na:1.8.0_51]
	at com.mysql.jdbc.StandardSocketFactory.connect(StandardSocketFactory.java:214) ~[mysql-connector-java-5.1.36.jar:5.1.36]
	at com.mysql.jdbc.MysqlIO.<init>(MysqlIO.java:298) ~[mysql-connector-java-5.1.36.jar:5.1.36]
	... 57 common frames omitted
2016-03-07 18:16:42,821 INFO [localhost-startStop-1] o.s.w.c.ContextLoader [ContextLoader.java:325] Root WebApplicationContext: initialization completed in 16952 ms
2016-03-07 18:16:42,853 INFO [localhost-startStop-1] o.s.w.s.DispatcherServlet [FrameworkServlet.java:485] FrameworkServlet 'dispatcherServlet': initialization started
2016-03-07 18:16:42,857 INFO [localhost-startStop-1] o.s.w.c.s.XmlWebApplicationContext [AbstractApplicationContext.java:510] Refreshing WebApplicationContext for namespace 'dispatcherServlet-servlet': startup date [Mon Mar 07 18:16:42 CET 2016]; parent: Root WebApplicationContext
2016-03-07 18:16:42,859 INFO [localhost-startStop-1] o.s.b.f.x.XmlBeanDefinitionReader [XmlBeanDefinitionReader.java:317] Loading XML bean definitions from class path resource [spring/mvc-core-config.xml]
2016-03-07 18:16:42,906 INFO [localhost-startStop-1] o.s.b.f.x.XmlBeanDefinitionReader [XmlBeanDefinitionReader.java:317] Loading XML bean definitions from class path resource [spring/mvc-view-config.xml]
2016-03-07 18:16:43,099 INFO [localhost-startStop-1] o.s.b.f.a.AutowiredAnnotationBeanPostProcessor [AutowiredAnnotationBeanPostProcessor.java:153] JSR-330 'javax.inject.Inject' annotation found and supported for autowiring
2016-03-07 18:16:43,602 INFO [localhost-startStop-1] o.s.w.s.m.m.a.RequestMappingHandlerMapping [AbstractHandlerMethodMapping.java:217] Mapped "{[/api/blog/post/search],methods=[GET],produces=[application/json]}" onto public java.util.List<mk.ukim.finki.wp.model.Post> mk.ukim.finki.wp.web.BlogResource.search(java.lang.String)
2016-03-07 18:16:43,603 INFO [localhost-startStop-1] o.s.w.s.m.m.a.RequestMappingHandlerMapping [AbstractHandlerMethodMapping.java:217] Mapped "{[/api/blog/post/{postId}],methods=[GET],produces=[application/json]}" onto public mk.ukim.finki.wp.model.Post mk.ukim.finki.wp.web.BlogResource.getPost(java.lang.Long)
2016-03-07 18:16:43,604 INFO [localhost-startStop-1] o.s.w.s.m.m.a.RequestMappingHandlerMapping [AbstractHandlerMethodMapping.java:217] Mapped "{[/api/blog/post],methods=[GET],produces=[application/json]}" onto public java.util.List<mk.ukim.finki.wp.model.Post> mk.ukim.finki.wp.web.BlogResource.getAllPosts()
2016-03-07 18:16:43,605 INFO [localhost-startStop-1] o.s.w.s.m.m.a.RequestMappingHandlerMapping [AbstractHandlerMethodMapping.java:217] Mapped "{[/api/blog/{blogId}],methods=[GET],produces=[application/json]}" onto public mk.ukim.finki.wp.model.Blog mk.ukim.finki.wp.web.BlogResource.getBlog(java.lang.Long)
2016-03-07 18:16:43,605 INFO [localhost-startStop-1] o.s.w.s.m.m.a.RequestMappingHandlerMapping [AbstractHandlerMethodMapping.java:217] Mapped "{[/api/blog/comment/{commentId}],methods=[GET],produces=[application/json]}" onto public mk.ukim.finki.wp.model.Comment mk.ukim.finki.wp.web.BlogResource.getCommentById(java.lang.Long)
2016-03-07 18:16:43,606 INFO [localhost-startStop-1] o.s.w.s.m.m.a.RequestMappingHandlerMapping [AbstractHandlerMethodMapping.java:217] Mapped "{[/api/blog/tag/byName/{tagName}],methods=[GET],produces=[application/json]}" onto public mk.ukim.finki.wp.model.Tag mk.ukim.finki.wp.web.BlogResource.getTagByName(java.lang.String)
2016-03-07 18:16:43,606 INFO [localhost-startStop-1] o.s.w.s.m.m.a.RequestMappingHandlerMapping [AbstractHandlerMethodMapping.java:217] Mapped "{[/api/blog/post/byTag/{tagId}],produces=[application/json]}" onto public java.util.List<mk.ukim.finki.wp.model.Post> mk.ukim.finki.wp.web.BlogResource.getPostsByTag(java.lang.Long)
2016-03-07 18:16:43,607 INFO [localhost-startStop-1] o.s.w.s.m.m.a.RequestMappingHandlerMapping [AbstractHandlerMethodMapping.java:217] Mapped "{[/api/blog/post],methods=[POST],produces=[application/json]}" onto public void mk.ukim.finki.wp.web.BlogResource.postPost(java.lang.String,java.lang.String,java.util.ArrayList<org.springframework.web.multipart.MultipartFile>,java.lang.Boolean,java.util.List<java.lang.String>,java.util.List<java.lang.String>,javax.servlet.http.HttpSession)
2016-03-07 18:16:43,608 INFO [localhost-startStop-1] o.s.w.s.m.m.a.RequestMappingHandlerMapping [AbstractHandlerMethodMapping.java:217] Mapped "{[/api/blog/comment/add/{postId}/{parentCommentId}],methods=[POST],produces=[application/json]}" onto public void mk.ukim.finki.wp.web.BlogResource.postComment(java.lang.Long,java.lang.Long,java.lang.String,java.lang.String,java.lang.String,java.lang.String)
2016-03-07 18:16:43,609 INFO [localhost-startStop-1] o.s.w.s.m.m.a.RequestMappingHandlerMapping [AbstractHandlerMethodMapping.java:217] Mapped "{[/api/blog/post/recent],methods=[GET],produces=[application/json]}" onto public java.util.List<mk.ukim.finki.wp.model.Post> mk.ukim.finki.wp.web.BlogResource.getRecentPosts()
2016-03-07 18:16:43,610 INFO [localhost-startStop-1] o.s.w.s.m.m.a.RequestMappingHandlerMapping [AbstractHandlerMethodMapping.java:217] Mapped "{[/api/blog/post/add],methods=[POST],produces=[application/json]}" onto public void mk.ukim.finki.wp.web.BlogResource.createPost(java.lang.String,java.lang.String,java.lang.String,java.lang.Long)
2016-03-07 18:16:43,610 INFO [localhost-startStop-1] o.s.w.s.m.m.a.RequestMappingHandlerMapping [AbstractHandlerMethodMapping.java:217] Mapped "{[/api/blog/category/{categoryId}],methods=[GET],produces=[application/json]}" onto public mk.ukim.finki.wp.model.Category mk.ukim.finki.wp.web.BlogResource.getCategory(java.lang.Long)
2016-03-07 18:16:43,611 INFO [localhost-startStop-1] o.s.w.s.m.m.a.RequestMappingHandlerMapping [AbstractHandlerMethodMapping.java:217] Mapped "{[/api/blog/category/byBlog/{blogId}],methods=[GET],produces=[application/json]}" onto public java.util.List<mk.ukim.finki.wp.model.Category> mk.ukim.finki.wp.web.BlogResource.getCategoriesByBlog(java.lang.Long)
2016-03-07 18:16:43,611 INFO [localhost-startStop-1] o.s.w.s.m.m.a.RequestMappingHandlerMapping [AbstractHandlerMethodMapping.java:217] Mapped "{[/api/blog/post/byCategory/{categoryId}],methods=[GET],produces=[application/json]}" onto public java.util.List<mk.ukim.finki.wp.model.Post> mk.ukim.finki.wp.web.BlogResource.getPostsByCategory(java.lang.Long)
2016-03-07 18:16:43,613 INFO [localhost-startStop-1] o.s.w.s.m.m.a.RequestMappingHandlerMapping [AbstractHandlerMethodMapping.java:217] Mapped "{[/api/blog/comment/byPost/{postId}],methods=[GET],produces=[application/json]}" onto public java.util.List<mk.ukim.finki.wp.model.Comment> mk.ukim.finki.wp.web.BlogResource.getCommentsByPost(java.lang.Long)
2016-03-07 18:16:43,620 INFO [localhost-startStop-1] o.s.w.s.m.m.a.RequestMappingHandlerMapping [AbstractHandlerMethodMapping.java:217] Mapped "{[],methods=[GET]}" onto public org.springframework.web.servlet.ModelAndView mk.ukim.finki.wp.web.HomeController.index()
2016-03-07 18:16:43,623 INFO [localhost-startStop-1] o.s.w.s.m.m.a.RequestMappingHandlerMapping [AbstractHandlerMethodMapping.java:217] Mapped "{[],methods=[POST]}" onto public org.springframework.web.servlet.ModelAndView mk.ukim.finki.wp.web.HomeController.post(java.lang.String,java.lang.String,java.util.List<org.springframework.web.multipart.MultipartFile>,java.lang.Boolean,java.util.List<java.lang.String>,javax.servlet.http.HttpSession)
2016-03-07 18:16:43,624 INFO [localhost-startStop-1] o.s.w.s.m.m.a.RequestMappingHandlerMapping [AbstractHandlerMethodMapping.java:217] Mapped "{[/signup],methods=[POST]}" onto public void mk.ukim.finki.wp.web.HomeController.signUp(java.lang.String,java.lang.String,java.lang.String,java.lang.String,java.lang.String,org.springframework.web.multipart.MultipartFile)
2016-03-07 18:16:43,628 INFO [localhost-startStop-1] o.s.w.s.m.m.a.RequestMappingHandlerMapping [AbstractHandlerMethodMapping.java:217] Mapped "{[/api/blog/user/signup],methods=[POST],produces=[application/json]}" onto public void mk.ukim.finki.wp.web.UserRepository.signUp(java.lang.String,java.lang.String,java.lang.String,java.lang.String,java.lang.String)
2016-03-07 18:16:43,630 INFO [localhost-startStop-1] o.s.w.s.m.m.a.RequestMappingHandlerMapping [AbstractHandlerMethodMapping.java:217] Mapped "{[/api/blog/user/login],methods=[POST],produces=[application/json]}" onto public mk.ukim.finki.wp.model.User mk.ukim.finki.wp.web.UserRepository.logIn(java.lang.String,java.lang.String,java.lang.Boolean,javax.servlet.http.HttpServletRequest)
2016-03-07 18:16:44,804 INFO [localhost-startStop-1] o.s.w.s.m.m.a.RequestMappingHandlerAdapter [RequestMappingHandlerAdapter.java:517] Looking for @ControllerAdvice: WebApplicationContext for namespace 'dispatcherServlet-servlet': startup date [Mon Mar 07 18:16:42 CET 2016]; parent: Root WebApplicationContext
2016-03-07 18:16:44,889 INFO [localhost-startStop-1] o.s.w.s.m.m.a.RequestMappingHandlerAdapter [RequestMappingHandlerAdapter.java:517] Looking for @ControllerAdvice: WebApplicationContext for namespace 'dispatcherServlet-servlet': startup date [Mon Mar 07 18:16:42 CET 2016]; parent: Root WebApplicationContext
2016-03-07 18:16:45,030 INFO [localhost-startStop-1] o.s.w.s.h.SimpleUrlHandlerMapping [AbstractUrlHandlerMapping.java:314] Mapped URL path [/resources/**] onto handler 'org.springframework.web.servlet.resource.ResourceHttpRequestHandler#0'
2016-03-07 18:16:45,042 INFO [localhost-startStop-1] o.s.w.s.h.SimpleUrlHandlerMapping [AbstractUrlHandlerMapping.java:301] Root mapping to handler of type [class org.springframework.web.servlet.mvc.ParameterizableViewController]
2016-03-07 18:16:45,050 INFO [localhost-startStop-1] o.s.w.s.h.SimpleUrlHandlerMapping [AbstractUrlHandlerMapping.java:314] Mapped URL path [/**] onto handler 'org.springframework.web.servlet.resource.DefaultServletHttpRequestHandler#0'
2016-03-07 18:16:45,086 INFO [localhost-startStop-1] o.s.w.s.DispatcherServlet [FrameworkServlet.java:504] FrameworkServlet 'dispatcherServlet': initialization completed in 2232 ms
2016-03-07 18:18:52,386 INFO [localhost-startStop-1] o.s.w.c.ContextLoader [ContextLoader.java:285] Root WebApplicationContext: initialization started
2016-03-07 18:18:52,631 INFO [localhost-startStop-1] o.s.w.c.s.XmlWebApplicationContext [AbstractApplicationContext.java:510] Refreshing Root WebApplicationContext: startup date [Mon Mar 07 18:18:52 CET 2016]; root of context hierarchy
2016-03-07 18:18:52,696 INFO [localhost-startStop-1] o.s.b.f.x.XmlBeanDefinitionReader [XmlBeanDefinitionReader.java:317] Loading XML bean definitions from class path resource [spring/business-config.xml]
2016-03-07 18:18:53,010 INFO [localhost-startStop-1] o.s.b.f.x.XmlBeanDefinitionReader [XmlBeanDefinitionReader.java:317] Loading XML bean definitions from class path resource [spring/persistence-config.xml]
2016-03-07 18:18:53,495 INFO [localhost-startStop-1] o.s.c.s.PropertySourcesPlaceholderConfigurer [PropertiesLoaderSupport.java:172] Loading properties file from class path resource [spring/data-access.properties]
2016-03-07 18:18:53,532 INFO [localhost-startStop-1] o.s.b.f.a.AutowiredAnnotationBeanPostProcessor [AutowiredAnnotationBeanPostProcessor.java:153] JSR-330 'javax.inject.Inject' annotation found and supported for autowiring
2016-03-07 18:18:53,840 INFO [localhost-startStop-1] o.s.o.j.LocalContainerEntityManagerFactoryBean [LocalContainerEntityManagerFactoryBean.java:339] Building JPA container EntityManagerFactory for persistence unit 'wp'
2016-03-07 18:18:53,870 INFO [localhost-startStop-1] o.h.j.i.u.LogHelper [LogHelper.java:46] HHH000204: Processing PersistenceUnitInfo [
	name: wp
	...]
2016-03-07 18:18:54,150 INFO [localhost-startStop-1] o.h.Version [Version.java:54] HHH000412: Hibernate Core {4.3.10.Final}
2016-03-07 18:18:54,157 INFO [localhost-startStop-1] o.h.c.Environment [Environment.java:239] HHH000206: hibernate.properties not found
2016-03-07 18:18:54,161 INFO [localhost-startStop-1] o.h.c.Environment [Environment.java:346] HHH000021: Bytecode provider name : javassist
2016-03-07 18:18:54,513 INFO [localhost-startStop-1] o.h.a.c.Version [JavaReflectionManager.java:66] HCANN000001: Hibernate Commons Annotations {4.0.5.Final}
2016-03-07 18:18:55,478 INFO [localhost-startStop-1] o.h.d.Dialect [Dialect.java:145] HHH000400: Using dialect: org.hibernate.dialect.MySQLDialect
2016-03-07 18:18:55,854 INFO [localhost-startStop-1] o.h.h.i.a.ASTQueryTranslatorFactory [ASTQueryTranslatorFactory.java:47] HHH000397: Using ASTQueryTranslatorFactory
2016-03-07 18:18:55,985 INFO [localhost-startStop-1] o.h.v.i.u.Version [Version.java:27] HV000001: Hibernate Validator 5.1.3.Final
2016-03-07 18:18:57,258 INFO [localhost-startStop-1] o.h.t.h.SchemaUpdate [SchemaUpdate.java:207] HHH000228: Running hbm2ddl schema update
2016-03-07 18:18:57,258 INFO [localhost-startStop-1] o.h.t.h.SchemaUpdate [SchemaUpdate.java:218] HHH000102: Fetching database metadata
2016-03-07 18:18:57,263 INFO [localhost-startStop-1] o.h.t.h.SchemaUpdate [SchemaUpdate.java:230] HHH000396: Updating schema
2016-03-07 18:18:57,762 INFO [localhost-startStop-1] o.h.t.h.TableMetadata [TableMetadata.java:65] HHH000261: Table found: java_blog.blog
2016-03-07 18:18:57,763 INFO [localhost-startStop-1] o.h.t.h.TableMetadata [TableMetadata.java:66] HHH000037: Columns: [name, description, id]
2016-03-07 18:18:57,763 INFO [localhost-startStop-1] o.h.t.h.TableMetadata [TableMetadata.java:68] HHH000108: Foreign keys: []
2016-03-07 18:18:57,764 INFO [localhost-startStop-1] o.h.t.h.TableMetadata [TableMetadata.java:69] HHH000126: Indexes: [primary]
2016-03-07 18:18:57,894 INFO [localhost-startStop-1] o.h.t.h.TableMetadata [TableMetadata.java:65] HHH000261: Table found: java_blog.category
2016-03-07 18:18:57,895 INFO [localhost-startStop-1] o.h.t.h.TableMetadata [TableMetadata.java:66] HHH000037: Columns: [blog_id, name, id]
2016-03-07 18:18:57,895 INFO [localhost-startStop-1] o.h.t.h.TableMetadata [TableMetadata.java:68] HHH000108: Foreign keys: [fk_4bv8ll1clbk1o710s33f18cjy]
2016-03-07 18:18:57,896 INFO [localhost-startStop-1] o.h.t.h.TableMetadata [TableMetadata.java:69] HHH000126: Indexes: [uk_foei036ov74bv692o5lh5oi66, fk_4bv8ll1clbk1o710s33f18cjy, primary]
2016-03-07 18:18:57,998 INFO [localhost-startStop-1] o.h.t.h.TableMetadata [TableMetadata.java:65] HHH000261: Table found: java_blog.comment
2016-03-07 18:18:57,998 INFO [localhost-startStop-1] o.h.t.h.TableMetadata [TableMetadata.java:66] HHH000037: Columns: [date, sub_comment_id, website, post_id, author, id, content, email]
2016-03-07 18:18:57,999 INFO [localhost-startStop-1] o.h.t.h.TableMetadata [TableMetadata.java:68] HHH000108: Foreign keys: [fk_948uvh1i6013ukmhda57jpefc, fk_apirq8ka64iidc18f3k6x5tc5]
2016-03-07 18:18:57,999 INFO [localhost-startStop-1] o.h.t.h.TableMetadata [TableMetadata.java:69] HHH000126: Indexes: [fk_948uvh1i6013ukmhda57jpefc, fk_apirq8ka64iidc18f3k6x5tc5, primary]
2016-03-07 18:18:58,060 INFO [localhost-startStop-1] o.h.t.h.TableMetadata [TableMetadata.java:65] HHH000261: Table found: java_blog.post
2016-03-07 18:18:58,061 INFO [localhost-startStop-1] o.h.t.h.TableMetadata [TableMetadata.java:66] HHH000037: Columns: [date, user_id, rating, id, title, content, enabled]
2016-03-07 18:18:58,062 INFO [localhost-startStop-1] o.h.t.h.TableMetadata [TableMetadata.java:68] HHH000108: Foreign keys: [fk_s7ui38nhrh0c7q4nfpgf93bfk]
2016-03-07 18:18:58,062 INFO [localhost-startStop-1] o.h.t.h.TableMetadata [TableMetadata.java:69] HHH000126: Indexes: [fk_s7ui38nhrh0c7q4nfpgf93bfk, primary]
2016-03-07 18:18:58,100 INFO [localhost-startStop-1] o.h.t.h.TableMetadata [TableMetadata.java:65] HHH000261: Table found: java_blog.tag
2016-03-07 18:18:58,101 INFO [localhost-startStop-1] o.h.t.h.TableMetadata [TableMetadata.java:66] HHH000037: Columns: [name, id]
2016-03-07 18:18:58,101 INFO [localhost-startStop-1] o.h.t.h.TableMetadata [TableMetadata.java:68] HHH000108: Foreign keys: []
2016-03-07 18:18:58,102 INFO [localhost-startStop-1] o.h.t.h.TableMetadata [TableMetadata.java:69] HHH000126: Indexes: [primary, uk_24642shpebunaq3ggshotv9hk]
2016-03-07 18:18:58,148 INFO [localhost-startStop-1] o.h.t.h.TableMetadata [TableMetadata.java:65] HHH000261: Table found: java_blog.user
2016-03-07 18:18:58,149 INFO [localhost-startStop-1] o.h.t.h.TableMetadata [TableMetadata.java:66] HHH000037: Columns: [password, isadmin, surname, imageurl, name, uploadpath, id, email, username]
2016-03-07 18:18:58,150 INFO [localhost-startStop-1] o.h.t.h.TableMetadata [TableMetadata.java:68] HHH000108: Foreign keys: []
2016-03-07 18:18:58,150 INFO [localhost-startStop-1] o.h.t.h.TableMetadata [TableMetadata.java:69] HHH000126: Indexes: [uk_jreodf78a7pl5qidfh43axdfb, primary]
2016-03-07 18:18:58,189 INFO [localhost-startStop-1] o.h.t.h.TableMetadata [TableMetadata.java:65] HHH000261: Table found: java_blog.post_categories
2016-03-07 18:18:58,190 INFO [localhost-startStop-1] o.h.t.h.TableMetadata [TableMetadata.java:66] HHH000037: Columns: [cat_id, id]
2016-03-07 18:18:58,190 INFO [localhost-startStop-1] o.h.t.h.TableMetadata [TableMetadata.java:68] HHH000108: Foreign keys: [fk_230q54bqb82yj49m0c14o9pmd, fk_s46ut2yutkkkc3htv42bp0v9h]
2016-03-07 18:18:58,191 INFO [localhost-startStop-1] o.h.t.h.TableMetadata [TableMetadata.java:69] HHH000126: Indexes: [fk_230q54bqb82yj49m0c14o9pmd, fk_s46ut2yutkkkc3htv42bp0v9h]
2016-03-07 18:18:58,240 INFO [localhost-startStop-1] o.h.t.h.TableMetadata [TableMetadata.java:65] HHH000261: Table found: java_blog.post_image_urls
2016-03-07 18:18:58,241 INFO [localhost-startStop-1] o.h.t.h.TableMetadata [TableMetadata.java:66] HHH000037: Columns: [image_url, id]
2016-03-07 18:18:58,241 INFO [localhost-startStop-1] o.h.t.h.TableMetadata [TableMetadata.java:68] HHH000108: Foreign keys: [fk_65wldw1rxrqdf4jsi8lphe6t4]
2016-03-07 18:18:58,242 INFO [localhost-startStop-1] o.h.t.h.TableMetadata [TableMetadata.java:69] HHH000126: Indexes: [uk_csptxsmdum3y13jp2rtoxk6vu]
2016-03-07 18:18:58,305 INFO [localhost-startStop-1] o.h.t.h.TableMetadata [TableMetadata.java:65] HHH000261: Table found: java_blog.post_tags
2016-03-07 18:18:58,305 INFO [localhost-startStop-1] o.h.t.h.TableMetadata [TableMetadata.java:66] HHH000037: Columns: [tag_id, id]
2016-03-07 18:18:58,306 INFO [localhost-startStop-1] o.h.t.h.TableMetadata [TableMetadata.java:68] HHH000108: Foreign keys: [fk_n8k2owli9ecanh4phj01mddvv, fk_38vimqfhetfvqs16abqbrmy59]
2016-03-07 18:18:58,307 INFO [localhost-startStop-1] o.h.t.h.TableMetadata [TableMetadata.java:69] HHH000126: Indexes: [fk_n8k2owli9ecanh4phj01mddvv, fk_38vimqfhetfvqs16abqbrmy59]
2016-03-07 18:18:58,309 INFO [localhost-startStop-1] o.h.t.h.SchemaUpdate [SchemaUpdate.java:267] HHH000232: Schema update complete
2016-03-07 18:18:58,989 INFO [localhost-startStop-1] o.s.w.c.ContextLoader [ContextLoader.java:325] Root WebApplicationContext: initialization completed in 6550 ms
2016-03-07 18:18:59,064 INFO [localhost-startStop-1] o.s.w.s.DispatcherServlet [FrameworkServlet.java:485] FrameworkServlet 'dispatcherServlet': initialization started
2016-03-07 18:18:59,069 INFO [localhost-startStop-1] o.s.w.c.s.XmlWebApplicationContext [AbstractApplicationContext.java:510] Refreshing WebApplicationContext for namespace 'dispatcherServlet-servlet': startup date [Mon Mar 07 18:18:59 CET 2016]; parent: Root WebApplicationContext
2016-03-07 18:18:59,071 INFO [localhost-startStop-1] o.s.b.f.x.XmlBeanDefinitionReader [XmlBeanDefinitionReader.java:317] Loading XML bean definitions from class path resource [spring/mvc-core-config.xml]
2016-03-07 18:18:59,137 INFO [localhost-startStop-1] o.s.b.f.x.XmlBeanDefinitionReader [XmlBeanDefinitionReader.java:317] Loading XML bean definitions from class path resource [spring/mvc-view-config.xml]
2016-03-07 18:18:59,411 INFO [localhost-startStop-1] o.s.b.f.a.AutowiredAnnotationBeanPostProcessor [AutowiredAnnotationBeanPostProcessor.java:153] JSR-330 'javax.inject.Inject' annotation found and supported for autowiring
2016-03-07 18:18:59,708 INFO [localhost-startStop-1] o.s.w.s.m.m.a.RequestMappingHandlerMapping [AbstractHandlerMethodMapping.java:217] Mapped "{[/api/blog/post/search],methods=[GET],produces=[application/json]}" onto public java.util.List<mk.ukim.finki.wp.model.Post> mk.ukim.finki.wp.web.BlogResource.search(java.lang.String)
2016-03-07 18:18:59,708 INFO [localhost-startStop-1] o.s.w.s.m.m.a.RequestMappingHandlerMapping [AbstractHandlerMethodMapping.java:217] Mapped "{[/api/blog/post/{postId}],methods=[GET],produces=[application/json]}" onto public mk.ukim.finki.wp.model.Post mk.ukim.finki.wp.web.BlogResource.getPost(java.lang.Long)
2016-03-07 18:18:59,709 INFO [localhost-startStop-1] o.s.w.s.m.m.a.RequestMappingHandlerMapping [AbstractHandlerMethodMapping.java:217] Mapped "{[/api/blog/post],methods=[POST],produces=[application/json]}" onto public void mk.ukim.finki.wp.web.BlogResource.postPost(java.lang.String,java.lang.String,java.util.ArrayList<org.springframework.web.multipart.MultipartFile>,java.lang.Boolean,java.util.List<java.lang.String>,java.util.List<java.lang.String>,javax.servlet.http.HttpSession)
2016-03-07 18:18:59,711 INFO [localhost-startStop-1] o.s.w.s.m.m.a.RequestMappingHandlerMapping [AbstractHandlerMethodMapping.java:217] Mapped "{[/api/blog/post/recent],methods=[GET],produces=[application/json]}" onto public java.util.List<mk.ukim.finki.wp.model.Post> mk.ukim.finki.wp.web.BlogResource.getRecentPosts()
2016-03-07 18:18:59,712 INFO [localhost-startStop-1] o.s.w.s.m.m.a.RequestMappingHandlerMapping [AbstractHandlerMethodMapping.java:217] Mapped "{[/api/blog/comment/add/{postId}/{parentCommentId}],methods=[POST],produces=[application/json]}" onto public void mk.ukim.finki.wp.web.BlogResource.postComment(java.lang.Long,java.lang.Long,java.lang.String,java.lang.String,java.lang.String,java.lang.String)
2016-03-07 18:18:59,712 INFO [localhost-startStop-1] o.s.w.s.m.m.a.RequestMappingHandlerMapping [AbstractHandlerMethodMapping.java:217] Mapped "{[/api/blog/post/add],methods=[POST],produces=[application/json]}" onto public void mk.ukim.finki.wp.web.BlogResource.createPost(java.lang.String,java.lang.String,java.lang.String,java.lang.Long)
2016-03-07 18:18:59,712 INFO [localhost-startStop-1] o.s.w.s.m.m.a.RequestMappingHandlerMapping [AbstractHandlerMethodMapping.java:217] Mapped "{[/api/blog/category/{categoryId}],methods=[GET],produces=[application/json]}" onto public mk.ukim.finki.wp.model.Category mk.ukim.finki.wp.web.BlogResource.getCategory(java.lang.Long)
2016-03-07 18:18:59,713 INFO [localhost-startStop-1] o.s.w.s.m.m.a.RequestMappingHandlerMapping [AbstractHandlerMethodMapping.java:217] Mapped "{[/api/blog/category/byBlog/{blogId}],methods=[GET],produces=[application/json]}" onto public java.util.List<mk.ukim.finki.wp.model.Category> mk.ukim.finki.wp.web.BlogResource.getCategoriesByBlog(java.lang.Long)
2016-03-07 18:18:59,713 INFO [localhost-startStop-1] o.s.w.s.m.m.a.RequestMappingHandlerMapping [AbstractHandlerMethodMapping.java:217] Mapped "{[/api/blog/post/byCategory/{categoryId}],methods=[GET],produces=[application/json]}" onto public java.util.List<mk.ukim.finki.wp.model.Post> mk.ukim.finki.wp.web.BlogResource.getPostsByCategory(java.lang.Long)
2016-03-07 18:18:59,714 INFO [localhost-startStop-1] o.s.w.s.m.m.a.RequestMappingHandlerMapping [AbstractHandlerMethodMapping.java:217] Mapped "{[/api/blog/comment/byPost/{postId}],methods=[GET],produces=[application/json]}" onto public java.util.List<mk.ukim.finki.wp.model.Comment> mk.ukim.finki.wp.web.BlogResource.getCommentsByPost(java.lang.Long)
2016-03-07 18:18:59,714 INFO [localhost-startStop-1] o.s.w.s.m.m.a.RequestMappingHandlerMapping [AbstractHandlerMethodMapping.java:217] Mapped "{[/api/blog/{blogId}],methods=[GET],produces=[application/json]}" onto public mk.ukim.finki.wp.model.Blog mk.ukim.finki.wp.web.BlogResource.getBlog(java.lang.Long)
2016-03-07 18:18:59,715 INFO [localhost-startStop-1] o.s.w.s.m.m.a.RequestMappingHandlerMapping [AbstractHandlerMethodMapping.java:217] Mapped "{[/api/blog/comment/{commentId}],methods=[GET],produces=[application/json]}" onto public mk.ukim.finki.wp.model.Comment mk.ukim.finki.wp.web.BlogResource.getCommentById(java.lang.Long)
2016-03-07 18:18:59,716 INFO [localhost-startStop-1] o.s.w.s.m.m.a.RequestMappingHandlerMapping [AbstractHandlerMethodMapping.java:217] Mapped "{[/api/blog/tag/byName/{tagName}],methods=[GET],produces=[application/json]}" onto public mk.ukim.finki.wp.model.Tag mk.ukim.finki.wp.web.BlogResource.getTagByName(java.lang.String)
2016-03-07 18:18:59,716 INFO [localhost-startStop-1] o.s.w.s.m.m.a.RequestMappingHandlerMapping [AbstractHandlerMethodMapping.java:217] Mapped "{[/api/blog/post/byTag/{tagId}],produces=[application/json]}" onto public java.util.List<mk.ukim.finki.wp.model.Post> mk.ukim.finki.wp.web.BlogResource.getPostsByTag(java.lang.Long)
2016-03-07 18:18:59,717 INFO [localhost-startStop-1] o.s.w.s.m.m.a.RequestMappingHandlerMapping [AbstractHandlerMethodMapping.java:217] Mapped "{[/api/blog/post],methods=[GET],produces=[application/json]}" onto public java.util.List<mk.ukim.finki.wp.model.Post> mk.ukim.finki.wp.web.BlogResource.getAllPosts()
2016-03-07 18:18:59,720 INFO [localhost-startStop-1] o.s.w.s.m.m.a.RequestMappingHandlerMapping [AbstractHandlerMethodMapping.java:217] Mapped "{[],methods=[GET]}" onto public org.springframework.web.servlet.ModelAndView mk.ukim.finki.wp.web.HomeController.index()
2016-03-07 18:18:59,721 INFO [localhost-startStop-1] o.s.w.s.m.m.a.RequestMappingHandlerMapping [AbstractHandlerMethodMapping.java:217] Mapped "{[],methods=[POST]}" onto public org.springframework.web.servlet.ModelAndView mk.ukim.finki.wp.web.HomeController.post(java.lang.String,java.lang.String,java.util.List<org.springframework.web.multipart.MultipartFile>,java.lang.Boolean,java.util.List<java.lang.String>,javax.servlet.http.HttpSession)
2016-03-07 18:18:59,722 INFO [localhost-startStop-1] o.s.w.s.m.m.a.RequestMappingHandlerMapping [AbstractHandlerMethodMapping.java:217] Mapped "{[/signup],methods=[POST]}" onto public void mk.ukim.finki.wp.web.HomeController.signUp(java.lang.String,java.lang.String,java.lang.String,java.lang.String,java.lang.String,org.springframework.web.multipart.MultipartFile)
2016-03-07 18:18:59,724 INFO [localhost-startStop-1] o.s.w.s.m.m.a.RequestMappingHandlerMapping [AbstractHandlerMethodMapping.java:217] Mapped "{[/api/blog/user/signup],methods=[POST],produces=[application/json]}" onto public void mk.ukim.finki.wp.web.UserRepository.signUp(java.lang.String,java.lang.String,java.lang.String,java.lang.String,java.lang.String)
2016-03-07 18:18:59,724 INFO [localhost-startStop-1] o.s.w.s.m.m.a.RequestMappingHandlerMapping [AbstractHandlerMethodMapping.java:217] Mapped "{[/api/blog/user/login],methods=[POST],produces=[application/json]}" onto public mk.ukim.finki.wp.model.User mk.ukim.finki.wp.web.UserRepository.logIn(java.lang.String,java.lang.String,java.lang.Boolean,javax.servlet.http.HttpServletRequest)
2016-03-07 18:19:00,322 INFO [localhost-startStop-1] o.s.w.s.m.m.a.RequestMappingHandlerAdapter [RequestMappingHandlerAdapter.java:517] Looking for @ControllerAdvice: WebApplicationContext for namespace 'dispatcherServlet-servlet': startup date [Mon Mar 07 18:18:59 CET 2016]; parent: Root WebApplicationContext
2016-03-07 18:19:00,378 INFO [localhost-startStop-1] o.s.w.s.m.m.a.RequestMappingHandlerAdapter [RequestMappingHandlerAdapter.java:517] Looking for @ControllerAdvice: WebApplicationContext for namespace 'dispatcherServlet-servlet': startup date [Mon Mar 07 18:18:59 CET 2016]; parent: Root WebApplicationContext
2016-03-07 18:19:00,508 INFO [localhost-startStop-1] o.s.w.s.h.SimpleUrlHandlerMapping [AbstractUrlHandlerMapping.java:314] Mapped URL path [/resources/**] onto handler 'org.springframework.web.servlet.resource.ResourceHttpRequestHandler#0'
2016-03-07 18:19:00,521 INFO [localhost-startStop-1] o.s.w.s.h.SimpleUrlHandlerMapping [AbstractUrlHandlerMapping.java:301] Root mapping to handler of type [class org.springframework.web.servlet.mvc.ParameterizableViewController]
2016-03-07 18:19:00,539 INFO [localhost-startStop-1] o.s.w.s.h.SimpleUrlHandlerMapping [AbstractUrlHandlerMapping.java:314] Mapped URL path [/**] onto handler 'org.springframework.web.servlet.resource.DefaultServletHttpRequestHandler#0'
2016-03-07 18:19:00,602 INFO [localhost-startStop-1] o.s.w.s.DispatcherServlet [FrameworkServlet.java:504] FrameworkServlet 'dispatcherServlet': initialization completed in 1538 ms
