2016-03-05 00:55:26,553 INFO [localhost-startStop-1] o.s.w.c.ContextLoader [ContextLoader.java:285] Root WebApplicationContext: initialization started
2016-03-05 00:55:26,693 INFO [localhost-startStop-1] o.s.w.c.s.XmlWebApplicationContext [AbstractApplicationContext.java:510] Refreshing Root WebApplicationContext: startup date [Sat Mar 05 00:55:26 CET 2016]; root of context hierarchy
2016-03-05 00:55:26,748 INFO [localhost-startStop-1] o.s.b.f.x.XmlBeanDefinitionReader [XmlBeanDefinitionReader.java:317] Loading XML bean definitions from class path resource [spring/business-config.xml]
2016-03-05 00:55:27,112 INFO [localhost-startStop-1] o.s.b.f.x.XmlBeanDefinitionReader [XmlBeanDefinitionReader.java:317] Loading XML bean definitions from class path resource [spring/persistence-config.xml]
2016-03-05 00:55:27,509 INFO [localhost-startStop-1] o.s.c.s.PropertySourcesPlaceholderConfigurer [PropertiesLoaderSupport.java:172] Loading properties file from class path resource [spring/data-access.properties]
2016-03-05 00:55:27,543 INFO [localhost-startStop-1] o.s.b.f.a.AutowiredAnnotationBeanPostProcessor [AutowiredAnnotationBeanPostProcessor.java:153] JSR-330 'javax.inject.Inject' annotation found and supported for autowiring
2016-03-05 00:55:27,924 INFO [localhost-startStop-1] o.s.o.j.LocalContainerEntityManagerFactoryBean [LocalContainerEntityManagerFactoryBean.java:339] Building JPA container EntityManagerFactory for persistence unit 'wp'
2016-03-05 00:55:27,983 INFO [localhost-startStop-1] o.h.j.i.u.LogHelper [LogHelper.java:46] HHH000204: Processing PersistenceUnitInfo [
	name: wp
	...]
2016-03-05 00:55:28,283 INFO [localhost-startStop-1] o.h.Version [Version.java:54] HHH000412: Hibernate Core {4.3.10.Final}
2016-03-05 00:55:28,288 INFO [localhost-startStop-1] o.h.c.Environment [Environment.java:239] HHH000206: hibernate.properties not found
2016-03-05 00:55:28,291 INFO [localhost-startStop-1] o.h.c.Environment [Environment.java:346] HHH000021: Bytecode provider name : javassist
2016-03-05 00:55:28,741 INFO [localhost-startStop-1] o.h.a.c.Version [JavaReflectionManager.java:66] HCANN000001: Hibernate Commons Annotations {4.0.5.Final}
2016-03-05 00:55:29,542 INFO [localhost-startStop-1] o.h.d.Dialect [Dialect.java:145] HHH000400: Using dialect: org.hibernate.dialect.MySQLDialect
2016-03-05 00:55:30,049 INFO [localhost-startStop-1] o.h.h.i.a.ASTQueryTranslatorFactory [ASTQueryTranslatorFactory.java:47] HHH000397: Using ASTQueryTranslatorFactory
2016-03-05 00:55:30,158 INFO [localhost-startStop-1] o.h.v.i.u.Version [Version.java:27] HV000001: Hibernate Validator 5.1.3.Final
2016-03-05 00:55:31,297 INFO [localhost-startStop-1] o.h.t.h.SchemaUpdate [SchemaUpdate.java:207] HHH000228: Running hbm2ddl schema update
2016-03-05 00:55:31,297 INFO [localhost-startStop-1] o.h.t.h.SchemaUpdate [SchemaUpdate.java:218] HHH000102: Fetching database metadata
2016-03-05 00:55:31,301 INFO [localhost-startStop-1] o.h.t.h.SchemaUpdate [SchemaUpdate.java:230] HHH000396: Updating schema
2016-03-05 00:55:31,382 INFO [localhost-startStop-1] o.h.t.h.TableMetadata [TableMetadata.java:65] HHH000261: Table found: java_blog.blog
2016-03-05 00:55:31,382 INFO [localhost-startStop-1] o.h.t.h.TableMetadata [TableMetadata.java:66] HHH000037: Columns: [name, description, id]
2016-03-05 00:55:31,383 INFO [localhost-startStop-1] o.h.t.h.TableMetadata [TableMetadata.java:68] HHH000108: Foreign keys: []
2016-03-05 00:55:31,383 INFO [localhost-startStop-1] o.h.t.h.TableMetadata [TableMetadata.java:69] HHH000126: Indexes: [primary]
2016-03-05 00:55:31,402 INFO [localhost-startStop-1] o.h.t.h.TableMetadata [TableMetadata.java:65] HHH000261: Table found: java_blog.category
2016-03-05 00:55:31,402 INFO [localhost-startStop-1] o.h.t.h.TableMetadata [TableMetadata.java:66] HHH000037: Columns: [blog_id, name, id]
2016-03-05 00:55:31,403 INFO [localhost-startStop-1] o.h.t.h.TableMetadata [TableMetadata.java:68] HHH000108: Foreign keys: [fk_4bv8ll1clbk1o710s33f18cjy]
2016-03-05 00:55:31,403 INFO [localhost-startStop-1] o.h.t.h.TableMetadata [TableMetadata.java:69] HHH000126: Indexes: [uk_foei036ov74bv692o5lh5oi66, fk_4bv8ll1clbk1o710s33f18cjy, primary]
2016-03-05 00:55:31,419 INFO [localhost-startStop-1] o.h.t.h.TableMetadata [TableMetadata.java:65] HHH000261: Table found: java_blog.comment
2016-03-05 00:55:31,419 INFO [localhost-startStop-1] o.h.t.h.TableMetadata [TableMetadata.java:66] HHH000037: Columns: [date, sub_comment_id, website, post_id, author, id, content, email]
2016-03-05 00:55:31,420 INFO [localhost-startStop-1] o.h.t.h.TableMetadata [TableMetadata.java:68] HHH000108: Foreign keys: [fk_948uvh1i6013ukmhda57jpefc, fk_apirq8ka64iidc18f3k6x5tc5]
2016-03-05 00:55:31,421 INFO [localhost-startStop-1] o.h.t.h.TableMetadata [TableMetadata.java:69] HHH000126: Indexes: [fk_948uvh1i6013ukmhda57jpefc, fk_apirq8ka64iidc18f3k6x5tc5, primary]
2016-03-05 00:55:31,443 INFO [localhost-startStop-1] o.h.t.h.TableMetadata [TableMetadata.java:65] HHH000261: Table found: java_blog.post
2016-03-05 00:55:31,443 INFO [localhost-startStop-1] o.h.t.h.TableMetadata [TableMetadata.java:66] HHH000037: Columns: [date, user_id, rating, id, title, content, enabled]
2016-03-05 00:55:31,444 INFO [localhost-startStop-1] o.h.t.h.TableMetadata [TableMetadata.java:68] HHH000108: Foreign keys: [fk_s7ui38nhrh0c7q4nfpgf93bfk]
2016-03-05 00:55:31,444 INFO [localhost-startStop-1] o.h.t.h.TableMetadata [TableMetadata.java:69] HHH000126: Indexes: [fk_s7ui38nhrh0c7q4nfpgf93bfk, primary]
2016-03-05 00:55:31,457 INFO [localhost-startStop-1] o.h.t.h.TableMetadata [TableMetadata.java:65] HHH000261: Table found: java_blog.tag
2016-03-05 00:55:31,457 INFO [localhost-startStop-1] o.h.t.h.TableMetadata [TableMetadata.java:66] HHH000037: Columns: [name, id]
2016-03-05 00:55:31,458 INFO [localhost-startStop-1] o.h.t.h.TableMetadata [TableMetadata.java:68] HHH000108: Foreign keys: []
2016-03-05 00:55:31,458 INFO [localhost-startStop-1] o.h.t.h.TableMetadata [TableMetadata.java:69] HHH000126: Indexes: [primary, uk_24642shpebunaq3ggshotv9hk]
2016-03-05 00:55:31,473 INFO [localhost-startStop-1] o.h.t.h.TableMetadata [TableMetadata.java:65] HHH000261: Table found: java_blog.user
2016-03-05 00:55:31,473 INFO [localhost-startStop-1] o.h.t.h.TableMetadata [TableMetadata.java:66] HHH000037: Columns: [password, isadmin, surname, name, uploadpath, id, email, username]
2016-03-05 00:55:31,474 INFO [localhost-startStop-1] o.h.t.h.TableMetadata [TableMetadata.java:68] HHH000108: Foreign keys: []
2016-03-05 00:55:31,474 INFO [localhost-startStop-1] o.h.t.h.TableMetadata [TableMetadata.java:69] HHH000126: Indexes: [uk_jreodf78a7pl5qidfh43axdfb, primary]
2016-03-05 00:55:31,489 INFO [localhost-startStop-1] o.h.t.h.TableMetadata [TableMetadata.java:65] HHH000261: Table found: java_blog.post_categories
2016-03-05 00:55:31,490 INFO [localhost-startStop-1] o.h.t.h.TableMetadata [TableMetadata.java:66] HHH000037: Columns: [cat_id, id]
2016-03-05 00:55:31,490 INFO [localhost-startStop-1] o.h.t.h.TableMetadata [TableMetadata.java:68] HHH000108: Foreign keys: [fk_230q54bqb82yj49m0c14o9pmd, fk_s46ut2yutkkkc3htv42bp0v9h]
2016-03-05 00:55:31,490 INFO [localhost-startStop-1] o.h.t.h.TableMetadata [TableMetadata.java:69] HHH000126: Indexes: [fk_230q54bqb82yj49m0c14o9pmd, primary]
2016-03-05 00:55:31,509 INFO [localhost-startStop-1] o.h.t.h.TableMetadata [TableMetadata.java:65] HHH000261: Table found: java_blog.post_image_urls
2016-03-05 00:55:31,510 INFO [localhost-startStop-1] o.h.t.h.TableMetadata [TableMetadata.java:66] HHH000037: Columns: [image_url, id]
2016-03-05 00:55:31,510 INFO [localhost-startStop-1] o.h.t.h.TableMetadata [TableMetadata.java:68] HHH000108: Foreign keys: [fk_65wldw1rxrqdf4jsi8lphe6t4]
2016-03-05 00:55:31,510 INFO [localhost-startStop-1] o.h.t.h.TableMetadata [TableMetadata.java:69] HHH000126: Indexes: [uk_csptxsmdum3y13jp2rtoxk6vu]
2016-03-05 00:55:31,527 INFO [localhost-startStop-1] o.h.t.h.TableMetadata [TableMetadata.java:65] HHH000261: Table found: java_blog.post_tags
2016-03-05 00:55:31,528 INFO [localhost-startStop-1] o.h.t.h.TableMetadata [TableMetadata.java:66] HHH000037: Columns: [tag_id, id]
2016-03-05 00:55:31,528 INFO [localhost-startStop-1] o.h.t.h.TableMetadata [TableMetadata.java:68] HHH000108: Foreign keys: [fk_n8k2owli9ecanh4phj01mddvv, fk_38vimqfhetfvqs16abqbrmy59]
2016-03-05 00:55:31,529 INFO [localhost-startStop-1] o.h.t.h.TableMetadata [TableMetadata.java:69] HHH000126: Indexes: [fk_n8k2owli9ecanh4phj01mddvv, primary]
2016-03-05 00:55:31,531 INFO [localhost-startStop-1] o.h.t.h.SchemaUpdate [SchemaUpdate.java:267] HHH000232: Schema update complete
2016-03-05 00:55:32,096 INFO [localhost-startStop-1] o.s.w.c.ContextLoader [ContextLoader.java:325] Root WebApplicationContext: initialization completed in 5535 ms
2016-03-05 00:55:32,140 INFO [localhost-startStop-1] o.s.w.s.DispatcherServlet [FrameworkServlet.java:485] FrameworkServlet 'dispatcherServlet': initialization started
2016-03-05 00:55:32,145 INFO [localhost-startStop-1] o.s.w.c.s.XmlWebApplicationContext [AbstractApplicationContext.java:510] Refreshing WebApplicationContext for namespace 'dispatcherServlet-servlet': startup date [Sat Mar 05 00:55:32 CET 2016]; parent: Root WebApplicationContext
2016-03-05 00:55:32,146 INFO [localhost-startStop-1] o.s.b.f.x.XmlBeanDefinitionReader [XmlBeanDefinitionReader.java:317] Loading XML bean definitions from class path resource [spring/mvc-core-config.xml]
2016-03-05 00:55:32,208 INFO [localhost-startStop-1] o.s.b.f.x.XmlBeanDefinitionReader [XmlBeanDefinitionReader.java:317] Loading XML bean definitions from class path resource [spring/mvc-view-config.xml]
2016-03-05 00:55:32,391 INFO [localhost-startStop-1] o.s.b.f.a.AutowiredAnnotationBeanPostProcessor [AutowiredAnnotationBeanPostProcessor.java:153] JSR-330 'javax.inject.Inject' annotation found and supported for autowiring
2016-03-05 00:55:32,614 INFO [localhost-startStop-1] o.s.w.s.m.m.a.RequestMappingHandlerMapping [AbstractHandlerMethodMapping.java:217] Mapped "{[/api/blog/post/{postId}],methods=[GET],produces=[application/json]}" onto public mk.ukim.finki.wp.model.Post mk.ukim.finki.wp.web.BlogResource.getPost(java.lang.Long)
2016-03-05 00:55:32,615 INFO [localhost-startStop-1] o.s.w.s.m.m.a.RequestMappingHandlerMapping [AbstractHandlerMethodMapping.java:217] Mapped "{[/api/blog/post/recent],methods=[GET],produces=[application/json]}" onto public java.util.List<mk.ukim.finki.wp.model.Post> mk.ukim.finki.wp.web.BlogResource.getRecentPosts()
2016-03-05 00:55:32,616 INFO [localhost-startStop-1] o.s.w.s.m.m.a.RequestMappingHandlerMapping [AbstractHandlerMethodMapping.java:217] Mapped "{[/api/blog/post],methods=[POST],produces=[application/json]}" onto public void mk.ukim.finki.wp.web.BlogResource.postPost(java.lang.String,java.lang.String,java.util.ArrayList<org.springframework.web.multipart.MultipartFile>,java.lang.Boolean,java.util.List<java.lang.String>,java.util.List<java.lang.String>,javax.servlet.http.HttpSession)
2016-03-05 00:55:32,617 INFO [localhost-startStop-1] o.s.w.s.m.m.a.RequestMappingHandlerMapping [AbstractHandlerMethodMapping.java:217] Mapped "{[/api/blog/comment/add/{postId}/{parentCommentId}],methods=[POST],produces=[application/json]}" onto public void mk.ukim.finki.wp.web.BlogResource.postComment(java.lang.Long,java.lang.Long,java.lang.String,java.lang.String,java.lang.String,java.lang.String)
2016-03-05 00:55:32,617 INFO [localhost-startStop-1] o.s.w.s.m.m.a.RequestMappingHandlerMapping [AbstractHandlerMethodMapping.java:217] Mapped "{[/api/blog/comment/{commentId}],methods=[GET],produces=[application/json]}" onto public mk.ukim.finki.wp.model.Comment mk.ukim.finki.wp.web.BlogResource.getCommentById(java.lang.Long)
2016-03-05 00:55:32,618 INFO [localhost-startStop-1] o.s.w.s.m.m.a.RequestMappingHandlerMapping [AbstractHandlerMethodMapping.java:217] Mapped "{[/api/blog/tag/byName/{tagName}],methods=[GET],produces=[application/json]}" onto public mk.ukim.finki.wp.model.Tag mk.ukim.finki.wp.web.BlogResource.getTagByName(java.lang.String)
2016-03-05 00:55:32,618 INFO [localhost-startStop-1] o.s.w.s.m.m.a.RequestMappingHandlerMapping [AbstractHandlerMethodMapping.java:217] Mapped "{[/api/blog/post],methods=[GET],produces=[application/json]}" onto public java.util.List<mk.ukim.finki.wp.model.Post> mk.ukim.finki.wp.web.BlogResource.getAllPosts()
2016-03-05 00:55:32,619 INFO [localhost-startStop-1] o.s.w.s.m.m.a.RequestMappingHandlerMapping [AbstractHandlerMethodMapping.java:217] Mapped "{[/api/blog/{blogId}],methods=[GET],produces=[application/json]}" onto public mk.ukim.finki.wp.model.Blog mk.ukim.finki.wp.web.BlogResource.getBlog(java.lang.Long)
2016-03-05 00:55:32,619 INFO [localhost-startStop-1] o.s.w.s.m.m.a.RequestMappingHandlerMapping [AbstractHandlerMethodMapping.java:217] Mapped "{[/api/blog/category/{categoryId}],methods=[GET],produces=[application/json]}" onto public mk.ukim.finki.wp.model.Category mk.ukim.finki.wp.web.BlogResource.getCategory(java.lang.Long)
2016-03-05 00:55:32,620 INFO [localhost-startStop-1] o.s.w.s.m.m.a.RequestMappingHandlerMapping [AbstractHandlerMethodMapping.java:217] Mapped "{[/api/blog/comment/byPost/{postId}],methods=[GET],produces=[application/json]}" onto public java.util.List<mk.ukim.finki.wp.model.Comment> mk.ukim.finki.wp.web.BlogResource.getCommentsByPost(java.lang.Long)
2016-03-05 00:55:32,620 INFO [localhost-startStop-1] o.s.w.s.m.m.a.RequestMappingHandlerMapping [AbstractHandlerMethodMapping.java:217] Mapped "{[/api/blog/category/byBlog/{blogId}],methods=[GET],produces=[application/json]}" onto public java.util.List<mk.ukim.finki.wp.model.Category> mk.ukim.finki.wp.web.BlogResource.getCategoriesByBlog(java.lang.Long)
2016-03-05 00:55:32,622 INFO [localhost-startStop-1] o.s.w.s.m.m.a.RequestMappingHandlerMapping [AbstractHandlerMethodMapping.java:217] Mapped "{[],methods=[GET]}" onto public org.springframework.web.servlet.ModelAndView mk.ukim.finki.wp.web.HomeController.index()
2016-03-05 00:55:32,622 INFO [localhost-startStop-1] o.s.w.s.m.m.a.RequestMappingHandlerMapping [AbstractHandlerMethodMapping.java:217] Mapped "{[],methods=[POST]}" onto public org.springframework.web.servlet.ModelAndView mk.ukim.finki.wp.web.HomeController.post(java.lang.String,java.lang.String,java.util.List<org.springframework.web.multipart.MultipartFile>,java.lang.Boolean,java.util.List<java.lang.String>,javax.servlet.http.HttpSession)
2016-03-05 00:55:33,157 INFO [localhost-startStop-1] o.s.w.s.m.m.a.RequestMappingHandlerAdapter [RequestMappingHandlerAdapter.java:517] Looking for @ControllerAdvice: WebApplicationContext for namespace 'dispatcherServlet-servlet': startup date [Sat Mar 05 00:55:32 CET 2016]; parent: Root WebApplicationContext
2016-03-05 00:55:33,227 INFO [localhost-startStop-1] o.s.w.s.m.m.a.RequestMappingHandlerAdapter [RequestMappingHandlerAdapter.java:517] Looking for @ControllerAdvice: WebApplicationContext for namespace 'dispatcherServlet-servlet': startup date [Sat Mar 05 00:55:32 CET 2016]; parent: Root WebApplicationContext
2016-03-05 00:55:33,363 INFO [localhost-startStop-1] o.s.w.s.h.SimpleUrlHandlerMapping [AbstractUrlHandlerMapping.java:314] Mapped URL path [/resources/**] onto handler 'org.springframework.web.servlet.resource.ResourceHttpRequestHandler#0'
2016-03-05 00:55:33,378 INFO [localhost-startStop-1] o.s.w.s.h.SimpleUrlHandlerMapping [AbstractUrlHandlerMapping.java:301] Root mapping to handler of type [class org.springframework.web.servlet.mvc.ParameterizableViewController]
2016-03-05 00:55:33,395 INFO [localhost-startStop-1] o.s.w.s.h.SimpleUrlHandlerMapping [AbstractUrlHandlerMapping.java:314] Mapped URL path [/**] onto handler 'org.springframework.web.servlet.resource.DefaultServletHttpRequestHandler#0'
2016-03-05 00:55:33,461 INFO [localhost-startStop-1] o.s.w.s.DispatcherServlet [FrameworkServlet.java:504] FrameworkServlet 'dispatcherServlet': initialization completed in 1320 ms
2016-03-05 01:05:25,844 INFO [localhost-startStop-1] o.s.w.c.ContextLoader [ContextLoader.java:285] Root WebApplicationContext: initialization started
2016-03-05 01:05:25,981 INFO [localhost-startStop-1] o.s.w.c.s.XmlWebApplicationContext [AbstractApplicationContext.java:510] Refreshing Root WebApplicationContext: startup date [Sat Mar 05 01:05:25 CET 2016]; root of context hierarchy
2016-03-05 01:05:26,036 INFO [localhost-startStop-1] o.s.b.f.x.XmlBeanDefinitionReader [XmlBeanDefinitionReader.java:317] Loading XML bean definitions from class path resource [spring/business-config.xml]
2016-03-05 01:05:26,336 INFO [localhost-startStop-1] o.s.b.f.x.XmlBeanDefinitionReader [XmlBeanDefinitionReader.java:317] Loading XML bean definitions from class path resource [spring/persistence-config.xml]
2016-03-05 01:05:26,844 INFO [localhost-startStop-1] o.s.c.s.PropertySourcesPlaceholderConfigurer [PropertiesLoaderSupport.java:172] Loading properties file from class path resource [spring/data-access.properties]
2016-03-05 01:05:26,910 INFO [localhost-startStop-1] o.s.b.f.a.AutowiredAnnotationBeanPostProcessor [AutowiredAnnotationBeanPostProcessor.java:153] JSR-330 'javax.inject.Inject' annotation found and supported for autowiring
2016-03-05 01:05:27,273 INFO [localhost-startStop-1] o.s.o.j.LocalContainerEntityManagerFactoryBean [LocalContainerEntityManagerFactoryBean.java:339] Building JPA container EntityManagerFactory for persistence unit 'wp'
2016-03-05 01:05:27,322 INFO [localhost-startStop-1] o.h.j.i.u.LogHelper [LogHelper.java:46] HHH000204: Processing PersistenceUnitInfo [
	name: wp
	...]
2016-03-05 01:05:27,695 INFO [localhost-startStop-1] o.h.Version [Version.java:54] HHH000412: Hibernate Core {4.3.10.Final}
2016-03-05 01:05:27,699 INFO [localhost-startStop-1] o.h.c.Environment [Environment.java:239] HHH000206: hibernate.properties not found
2016-03-05 01:05:27,702 INFO [localhost-startStop-1] o.h.c.Environment [Environment.java:346] HHH000021: Bytecode provider name : javassist
2016-03-05 01:05:28,102 INFO [localhost-startStop-1] o.h.a.c.Version [JavaReflectionManager.java:66] HCANN000001: Hibernate Commons Annotations {4.0.5.Final}
2016-03-05 01:05:28,792 INFO [localhost-startStop-1] o.h.d.Dialect [Dialect.java:145] HHH000400: Using dialect: org.hibernate.dialect.MySQLDialect
2016-03-05 01:05:29,140 INFO [localhost-startStop-1] o.h.h.i.a.ASTQueryTranslatorFactory [ASTQueryTranslatorFactory.java:47] HHH000397: Using ASTQueryTranslatorFactory
2016-03-05 01:05:29,242 INFO [localhost-startStop-1] o.h.v.i.u.Version [Version.java:27] HV000001: Hibernate Validator 5.1.3.Final
2016-03-05 01:05:30,493 INFO [localhost-startStop-1] o.h.t.h.SchemaUpdate [SchemaUpdate.java:207] HHH000228: Running hbm2ddl schema update
2016-03-05 01:05:30,494 INFO [localhost-startStop-1] o.h.t.h.SchemaUpdate [SchemaUpdate.java:218] HHH000102: Fetching database metadata
2016-03-05 01:05:30,498 INFO [localhost-startStop-1] o.h.t.h.SchemaUpdate [SchemaUpdate.java:230] HHH000396: Updating schema
2016-03-05 01:05:30,576 INFO [localhost-startStop-1] o.h.t.h.TableMetadata [TableMetadata.java:65] HHH000261: Table found: java_blog.blog
2016-03-05 01:05:30,577 INFO [localhost-startStop-1] o.h.t.h.TableMetadata [TableMetadata.java:66] HHH000037: Columns: [name, description, id]
2016-03-05 01:05:30,577 INFO [localhost-startStop-1] o.h.t.h.TableMetadata [TableMetadata.java:68] HHH000108: Foreign keys: []
2016-03-05 01:05:30,578 INFO [localhost-startStop-1] o.h.t.h.TableMetadata [TableMetadata.java:69] HHH000126: Indexes: [primary]
2016-03-05 01:05:30,602 INFO [localhost-startStop-1] o.h.t.h.TableMetadata [TableMetadata.java:65] HHH000261: Table found: java_blog.category
2016-03-05 01:05:30,603 INFO [localhost-startStop-1] o.h.t.h.TableMetadata [TableMetadata.java:66] HHH000037: Columns: [blog_id, name, id]
2016-03-05 01:05:30,604 INFO [localhost-startStop-1] o.h.t.h.TableMetadata [TableMetadata.java:68] HHH000108: Foreign keys: [fk_4bv8ll1clbk1o710s33f18cjy]
2016-03-05 01:05:30,604 INFO [localhost-startStop-1] o.h.t.h.TableMetadata [TableMetadata.java:69] HHH000126: Indexes: [uk_foei036ov74bv692o5lh5oi66, fk_4bv8ll1clbk1o710s33f18cjy, primary]
2016-03-05 01:05:30,635 INFO [localhost-startStop-1] o.h.t.h.TableMetadata [TableMetadata.java:65] HHH000261: Table found: java_blog.comment
2016-03-05 01:05:30,636 INFO [localhost-startStop-1] o.h.t.h.TableMetadata [TableMetadata.java:66] HHH000037: Columns: [date, sub_comment_id, website, post_id, author, id, content, email]
2016-03-05 01:05:30,636 INFO [localhost-startStop-1] o.h.t.h.TableMetadata [TableMetadata.java:68] HHH000108: Foreign keys: [fk_948uvh1i6013ukmhda57jpefc, fk_apirq8ka64iidc18f3k6x5tc5]
2016-03-05 01:05:30,637 INFO [localhost-startStop-1] o.h.t.h.TableMetadata [TableMetadata.java:69] HHH000126: Indexes: [fk_948uvh1i6013ukmhda57jpefc, fk_apirq8ka64iidc18f3k6x5tc5, primary]
2016-03-05 01:05:30,659 INFO [localhost-startStop-1] o.h.t.h.TableMetadata [TableMetadata.java:65] HHH000261: Table found: java_blog.post
2016-03-05 01:05:30,660 INFO [localhost-startStop-1] o.h.t.h.TableMetadata [TableMetadata.java:66] HHH000037: Columns: [date, user_id, rating, id, title, content, enabled]
2016-03-05 01:05:30,661 INFO [localhost-startStop-1] o.h.t.h.TableMetadata [TableMetadata.java:68] HHH000108: Foreign keys: [fk_s7ui38nhrh0c7q4nfpgf93bfk]
2016-03-05 01:05:30,662 INFO [localhost-startStop-1] o.h.t.h.TableMetadata [TableMetadata.java:69] HHH000126: Indexes: [fk_s7ui38nhrh0c7q4nfpgf93bfk, primary]
2016-03-05 01:05:30,681 INFO [localhost-startStop-1] o.h.t.h.TableMetadata [TableMetadata.java:65] HHH000261: Table found: java_blog.tag
2016-03-05 01:05:30,682 INFO [localhost-startStop-1] o.h.t.h.TableMetadata [TableMetadata.java:66] HHH000037: Columns: [name, id]
2016-03-05 01:05:30,683 INFO [localhost-startStop-1] o.h.t.h.TableMetadata [TableMetadata.java:68] HHH000108: Foreign keys: []
2016-03-05 01:05:30,683 INFO [localhost-startStop-1] o.h.t.h.TableMetadata [TableMetadata.java:69] HHH000126: Indexes: [primary, uk_24642shpebunaq3ggshotv9hk]
2016-03-05 01:05:30,821 INFO [localhost-startStop-1] o.h.t.h.TableMetadata [TableMetadata.java:65] HHH000261: Table found: java_blog.user
2016-03-05 01:05:30,822 INFO [localhost-startStop-1] o.h.t.h.TableMetadata [TableMetadata.java:66] HHH000037: Columns: [password, isadmin, surname, name, uploadpath, id, email, username]
2016-03-05 01:05:30,822 INFO [localhost-startStop-1] o.h.t.h.TableMetadata [TableMetadata.java:68] HHH000108: Foreign keys: []
2016-03-05 01:05:30,823 INFO [localhost-startStop-1] o.h.t.h.TableMetadata [TableMetadata.java:69] HHH000126: Indexes: [uk_jreodf78a7pl5qidfh43axdfb, primary]
2016-03-05 01:05:30,862 INFO [localhost-startStop-1] o.h.t.h.TableMetadata [TableMetadata.java:65] HHH000261: Table found: java_blog.post_categories
2016-03-05 01:05:30,862 INFO [localhost-startStop-1] o.h.t.h.TableMetadata [TableMetadata.java:66] HHH000037: Columns: [cat_id, id]
2016-03-05 01:05:30,863 INFO [localhost-startStop-1] o.h.t.h.TableMetadata [TableMetadata.java:68] HHH000108: Foreign keys: [fk_230q54bqb82yj49m0c14o9pmd, fk_s46ut2yutkkkc3htv42bp0v9h]
2016-03-05 01:05:30,863 INFO [localhost-startStop-1] o.h.t.h.TableMetadata [TableMetadata.java:69] HHH000126: Indexes: [fk_230q54bqb82yj49m0c14o9pmd, primary]
2016-03-05 01:05:30,887 INFO [localhost-startStop-1] o.h.t.h.TableMetadata [TableMetadata.java:65] HHH000261: Table found: java_blog.post_image_urls
2016-03-05 01:05:30,888 INFO [localhost-startStop-1] o.h.t.h.TableMetadata [TableMetadata.java:66] HHH000037: Columns: [image_url, id]
2016-03-05 01:05:30,888 INFO [localhost-startStop-1] o.h.t.h.TableMetadata [TableMetadata.java:68] HHH000108: Foreign keys: [fk_65wldw1rxrqdf4jsi8lphe6t4]
2016-03-05 01:05:30,889 INFO [localhost-startStop-1] o.h.t.h.TableMetadata [TableMetadata.java:69] HHH000126: Indexes: [uk_csptxsmdum3y13jp2rtoxk6vu]
2016-03-05 01:05:30,914 INFO [localhost-startStop-1] o.h.t.h.TableMetadata [TableMetadata.java:65] HHH000261: Table found: java_blog.post_tags
2016-03-05 01:05:30,915 INFO [localhost-startStop-1] o.h.t.h.TableMetadata [TableMetadata.java:66] HHH000037: Columns: [tag_id, id]
2016-03-05 01:05:30,915 INFO [localhost-startStop-1] o.h.t.h.TableMetadata [TableMetadata.java:68] HHH000108: Foreign keys: [fk_n8k2owli9ecanh4phj01mddvv, fk_38vimqfhetfvqs16abqbrmy59]
2016-03-05 01:05:30,916 INFO [localhost-startStop-1] o.h.t.h.TableMetadata [TableMetadata.java:69] HHH000126: Indexes: [fk_n8k2owli9ecanh4phj01mddvv, primary]
2016-03-05 01:05:30,918 INFO [localhost-startStop-1] o.h.t.h.SchemaUpdate [SchemaUpdate.java:267] HHH000232: Schema update complete
2016-03-05 01:05:31,529 INFO [localhost-startStop-1] o.s.w.c.ContextLoader [ContextLoader.java:325] Root WebApplicationContext: initialization completed in 5678 ms
2016-03-05 01:05:31,572 INFO [localhost-startStop-1] o.s.w.s.DispatcherServlet [FrameworkServlet.java:485] FrameworkServlet 'dispatcherServlet': initialization started
2016-03-05 01:05:31,577 INFO [localhost-startStop-1] o.s.w.c.s.XmlWebApplicationContext [AbstractApplicationContext.java:510] Refreshing WebApplicationContext for namespace 'dispatcherServlet-servlet': startup date [Sat Mar 05 01:05:31 CET 2016]; parent: Root WebApplicationContext
2016-03-05 01:05:31,579 INFO [localhost-startStop-1] o.s.b.f.x.XmlBeanDefinitionReader [XmlBeanDefinitionReader.java:317] Loading XML bean definitions from class path resource [spring/mvc-core-config.xml]
2016-03-05 01:05:31,630 INFO [localhost-startStop-1] o.s.b.f.x.XmlBeanDefinitionReader [XmlBeanDefinitionReader.java:317] Loading XML bean definitions from class path resource [spring/mvc-view-config.xml]
2016-03-05 01:05:31,817 INFO [localhost-startStop-1] o.s.b.f.a.AutowiredAnnotationBeanPostProcessor [AutowiredAnnotationBeanPostProcessor.java:153] JSR-330 'javax.inject.Inject' annotation found and supported for autowiring
2016-03-05 01:05:32,082 INFO [localhost-startStop-1] o.s.w.s.m.m.a.RequestMappingHandlerMapping [AbstractHandlerMethodMapping.java:217] Mapped "{[/api/blog/post/{postId}],methods=[GET],produces=[application/json]}" onto public mk.ukim.finki.wp.model.Post mk.ukim.finki.wp.web.BlogResource.getPost(java.lang.Long)
2016-03-05 01:05:32,083 INFO [localhost-startStop-1] o.s.w.s.m.m.a.RequestMappingHandlerMapping [AbstractHandlerMethodMapping.java:217] Mapped "{[/api/blog/post/recent],methods=[GET],produces=[application/json]}" onto public java.util.List<mk.ukim.finki.wp.model.Post> mk.ukim.finki.wp.web.BlogResource.getRecentPosts()
2016-03-05 01:05:32,086 INFO [localhost-startStop-1] o.s.w.s.m.m.a.RequestMappingHandlerMapping [AbstractHandlerMethodMapping.java:217] Mapped "{[/api/blog/comment/add/{postId}/{parentCommentId}],methods=[POST],produces=[application/json]}" onto public void mk.ukim.finki.wp.web.BlogResource.postComment(java.lang.Long,java.lang.Long,java.lang.String,java.lang.String,java.lang.String,java.lang.String)
2016-03-05 01:05:32,101 INFO [localhost-startStop-1] o.s.w.s.m.m.a.RequestMappingHandlerMapping [AbstractHandlerMethodMapping.java:217] Mapped "{[/api/blog/post],methods=[POST],produces=[application/json]}" onto public void mk.ukim.finki.wp.web.BlogResource.postPost(java.lang.String,java.lang.String,java.util.ArrayList<org.springframework.web.multipart.MultipartFile>,java.lang.Boolean,java.util.List<java.lang.String>,java.util.List<java.lang.String>,javax.servlet.http.HttpSession)
2016-03-05 01:05:32,103 INFO [localhost-startStop-1] o.s.w.s.m.m.a.RequestMappingHandlerMapping [AbstractHandlerMethodMapping.java:217] Mapped "{[/api/blog/category/{categoryId}],methods=[GET],produces=[application/json]}" onto public mk.ukim.finki.wp.model.Category mk.ukim.finki.wp.web.BlogResource.getCategory(java.lang.Long)
2016-03-05 01:05:32,104 INFO [localhost-startStop-1] o.s.w.s.m.m.a.RequestMappingHandlerMapping [AbstractHandlerMethodMapping.java:217] Mapped "{[/api/blog/category/byBlog/{blogId}],methods=[GET],produces=[application/json]}" onto public java.util.List<mk.ukim.finki.wp.model.Category> mk.ukim.finki.wp.web.BlogResource.getCategoriesByBlog(java.lang.Long)
2016-03-05 01:05:32,104 INFO [localhost-startStop-1] o.s.w.s.m.m.a.RequestMappingHandlerMapping [AbstractHandlerMethodMapping.java:217] Mapped "{[/api/blog/comment/byPost/{postId}],methods=[GET],produces=[application/json]}" onto public java.util.List<mk.ukim.finki.wp.model.Comment> mk.ukim.finki.wp.web.BlogResource.getCommentsByPost(java.lang.Long)
2016-03-05 01:05:32,105 INFO [localhost-startStop-1] o.s.w.s.m.m.a.RequestMappingHandlerMapping [AbstractHandlerMethodMapping.java:217] Mapped "{[/api/blog/tag/byName/{tagName}],methods=[GET],produces=[application/json]}" onto public mk.ukim.finki.wp.model.Tag mk.ukim.finki.wp.web.BlogResource.getTagByName(java.lang.String)
2016-03-05 01:05:32,105 INFO [localhost-startStop-1] o.s.w.s.m.m.a.RequestMappingHandlerMapping [AbstractHandlerMethodMapping.java:217] Mapped "{[/api/blog/comment/{commentId}],methods=[GET],produces=[application/json]}" onto public mk.ukim.finki.wp.model.Comment mk.ukim.finki.wp.web.BlogResource.getCommentById(java.lang.Long)
2016-03-05 01:05:32,106 INFO [localhost-startStop-1] o.s.w.s.m.m.a.RequestMappingHandlerMapping [AbstractHandlerMethodMapping.java:217] Mapped "{[/api/blog/{blogId}],methods=[GET],produces=[application/json]}" onto public mk.ukim.finki.wp.model.Blog mk.ukim.finki.wp.web.BlogResource.getBlog(java.lang.Long)
2016-03-05 01:05:32,107 INFO [localhost-startStop-1] o.s.w.s.m.m.a.RequestMappingHandlerMapping [AbstractHandlerMethodMapping.java:217] Mapped "{[/api/blog/post],methods=[GET],produces=[application/json]}" onto public java.util.List<mk.ukim.finki.wp.model.Post> mk.ukim.finki.wp.web.BlogResource.getAllPosts()
2016-03-05 01:05:32,110 INFO [localhost-startStop-1] o.s.w.s.m.m.a.RequestMappingHandlerMapping [AbstractHandlerMethodMapping.java:217] Mapped "{[],methods=[GET]}" onto public org.springframework.web.servlet.ModelAndView mk.ukim.finki.wp.web.HomeController.index()
2016-03-05 01:05:32,112 INFO [localhost-startStop-1] o.s.w.s.m.m.a.RequestMappingHandlerMapping [AbstractHandlerMethodMapping.java:217] Mapped "{[],methods=[POST]}" onto public org.springframework.web.servlet.ModelAndView mk.ukim.finki.wp.web.HomeController.post(java.lang.String,java.lang.String,java.util.List<org.springframework.web.multipart.MultipartFile>,java.lang.Boolean,java.util.List<java.lang.String>,javax.servlet.http.HttpSession)
2016-03-05 01:05:32,685 INFO [localhost-startStop-1] o.s.w.s.m.m.a.RequestMappingHandlerAdapter [RequestMappingHandlerAdapter.java:517] Looking for @ControllerAdvice: WebApplicationContext for namespace 'dispatcherServlet-servlet': startup date [Sat Mar 05 01:05:31 CET 2016]; parent: Root WebApplicationContext
2016-03-05 01:05:32,754 INFO [localhost-startStop-1] o.s.w.s.m.m.a.RequestMappingHandlerAdapter [RequestMappingHandlerAdapter.java:517] Looking for @ControllerAdvice: WebApplicationContext for namespace 'dispatcherServlet-servlet': startup date [Sat Mar 05 01:05:31 CET 2016]; parent: Root WebApplicationContext
2016-03-05 01:05:32,895 INFO [localhost-startStop-1] o.s.w.s.h.SimpleUrlHandlerMapping [AbstractUrlHandlerMapping.java:314] Mapped URL path [/resources/**] onto handler 'org.springframework.web.servlet.resource.ResourceHttpRequestHandler#0'
2016-03-05 01:05:32,909 INFO [localhost-startStop-1] o.s.w.s.h.SimpleUrlHandlerMapping [AbstractUrlHandlerMapping.java:301] Root mapping to handler of type [class org.springframework.web.servlet.mvc.ParameterizableViewController]
2016-03-05 01:05:32,919 INFO [localhost-startStop-1] o.s.w.s.h.SimpleUrlHandlerMapping [AbstractUrlHandlerMapping.java:314] Mapped URL path [/**] onto handler 'org.springframework.web.servlet.resource.DefaultServletHttpRequestHandler#0'
2016-03-05 01:05:32,978 INFO [localhost-startStop-1] o.s.w.s.DispatcherServlet [FrameworkServlet.java:504] FrameworkServlet 'dispatcherServlet': initialization completed in 1405 ms
2016-03-05 01:07:32,820 INFO [localhost-startStop-1] o.s.w.c.ContextLoader [ContextLoader.java:285] Root WebApplicationContext: initialization started
2016-03-05 01:07:32,932 INFO [localhost-startStop-1] o.s.w.c.s.XmlWebApplicationContext [AbstractApplicationContext.java:510] Refreshing Root WebApplicationContext: startup date [Sat Mar 05 01:07:32 CET 2016]; root of context hierarchy
2016-03-05 01:07:32,990 INFO [localhost-startStop-1] o.s.b.f.x.XmlBeanDefinitionReader [XmlBeanDefinitionReader.java:317] Loading XML bean definitions from class path resource [spring/business-config.xml]
2016-03-05 01:07:33,239 INFO [localhost-startStop-1] o.s.b.f.x.XmlBeanDefinitionReader [XmlBeanDefinitionReader.java:317] Loading XML bean definitions from class path resource [spring/persistence-config.xml]
2016-03-05 01:07:33,619 INFO [localhost-startStop-1] o.s.c.s.PropertySourcesPlaceholderConfigurer [PropertiesLoaderSupport.java:172] Loading properties file from class path resource [spring/data-access.properties]
2016-03-05 01:07:33,644 INFO [localhost-startStop-1] o.s.b.f.a.AutowiredAnnotationBeanPostProcessor [AutowiredAnnotationBeanPostProcessor.java:153] JSR-330 'javax.inject.Inject' annotation found and supported for autowiring
2016-03-05 01:07:33,948 INFO [localhost-startStop-1] o.s.o.j.LocalContainerEntityManagerFactoryBean [LocalContainerEntityManagerFactoryBean.java:339] Building JPA container EntityManagerFactory for persistence unit 'wp'
2016-03-05 01:07:33,998 INFO [localhost-startStop-1] o.h.j.i.u.LogHelper [LogHelper.java:46] HHH000204: Processing PersistenceUnitInfo [
	name: wp
	...]
2016-03-05 01:07:34,284 INFO [localhost-startStop-1] o.h.Version [Version.java:54] HHH000412: Hibernate Core {4.3.10.Final}
2016-03-05 01:07:34,289 INFO [localhost-startStop-1] o.h.c.Environment [Environment.java:239] HHH000206: hibernate.properties not found
2016-03-05 01:07:34,292 INFO [localhost-startStop-1] o.h.c.Environment [Environment.java:346] HHH000021: Bytecode provider name : javassist
2016-03-05 01:07:34,644 INFO [localhost-startStop-1] o.h.a.c.Version [JavaReflectionManager.java:66] HCANN000001: Hibernate Commons Annotations {4.0.5.Final}
2016-03-05 01:07:35,327 INFO [localhost-startStop-1] o.h.d.Dialect [Dialect.java:145] HHH000400: Using dialect: org.hibernate.dialect.MySQLDialect
2016-03-05 01:07:35,644 INFO [localhost-startStop-1] o.h.h.i.a.ASTQueryTranslatorFactory [ASTQueryTranslatorFactory.java:47] HHH000397: Using ASTQueryTranslatorFactory
2016-03-05 01:07:35,733 INFO [localhost-startStop-1] o.h.v.i.u.Version [Version.java:27] HV000001: Hibernate Validator 5.1.3.Final
2016-03-05 01:07:36,925 INFO [localhost-startStop-1] o.h.t.h.SchemaUpdate [SchemaUpdate.java:207] HHH000228: Running hbm2ddl schema update
2016-03-05 01:07:36,926 INFO [localhost-startStop-1] o.h.t.h.SchemaUpdate [SchemaUpdate.java:218] HHH000102: Fetching database metadata
2016-03-05 01:07:36,930 INFO [localhost-startStop-1] o.h.t.h.SchemaUpdate [SchemaUpdate.java:230] HHH000396: Updating schema
2016-03-05 01:07:36,979 INFO [localhost-startStop-1] o.h.t.h.TableMetadata [TableMetadata.java:65] HHH000261: Table found: java_blog.blog
2016-03-05 01:07:36,980 INFO [localhost-startStop-1] o.h.t.h.TableMetadata [TableMetadata.java:66] HHH000037: Columns: [name, description, id]
2016-03-05 01:07:36,980 INFO [localhost-startStop-1] o.h.t.h.TableMetadata [TableMetadata.java:68] HHH000108: Foreign keys: []
2016-03-05 01:07:36,981 INFO [localhost-startStop-1] o.h.t.h.TableMetadata [TableMetadata.java:69] HHH000126: Indexes: [primary]
2016-03-05 01:07:37,004 INFO [localhost-startStop-1] o.h.t.h.TableMetadata [TableMetadata.java:65] HHH000261: Table found: java_blog.category
2016-03-05 01:07:37,005 INFO [localhost-startStop-1] o.h.t.h.TableMetadata [TableMetadata.java:66] HHH000037: Columns: [blog_id, name, id]
2016-03-05 01:07:37,005 INFO [localhost-startStop-1] o.h.t.h.TableMetadata [TableMetadata.java:68] HHH000108: Foreign keys: [fk_4bv8ll1clbk1o710s33f18cjy]
2016-03-05 01:07:37,006 INFO [localhost-startStop-1] o.h.t.h.TableMetadata [TableMetadata.java:69] HHH000126: Indexes: [uk_foei036ov74bv692o5lh5oi66, fk_4bv8ll1clbk1o710s33f18cjy, primary]
2016-03-05 01:07:37,026 INFO [localhost-startStop-1] o.h.t.h.TableMetadata [TableMetadata.java:65] HHH000261: Table found: java_blog.comment
2016-03-05 01:07:37,027 INFO [localhost-startStop-1] o.h.t.h.TableMetadata [TableMetadata.java:66] HHH000037: Columns: [date, sub_comment_id, website, post_id, author, id, content, email]
2016-03-05 01:07:37,027 INFO [localhost-startStop-1] o.h.t.h.TableMetadata [TableMetadata.java:68] HHH000108: Foreign keys: [fk_948uvh1i6013ukmhda57jpefc, fk_apirq8ka64iidc18f3k6x5tc5]
2016-03-05 01:07:37,028 INFO [localhost-startStop-1] o.h.t.h.TableMetadata [TableMetadata.java:69] HHH000126: Indexes: [fk_948uvh1i6013ukmhda57jpefc, fk_apirq8ka64iidc18f3k6x5tc5, primary]
2016-03-05 01:07:37,048 INFO [localhost-startStop-1] o.h.t.h.TableMetadata [TableMetadata.java:65] HHH000261: Table found: java_blog.post
2016-03-05 01:07:37,049 INFO [localhost-startStop-1] o.h.t.h.TableMetadata [TableMetadata.java:66] HHH000037: Columns: [date, user_id, rating, id, title, content, enabled]
2016-03-05 01:07:37,049 INFO [localhost-startStop-1] o.h.t.h.TableMetadata [TableMetadata.java:68] HHH000108: Foreign keys: [fk_s7ui38nhrh0c7q4nfpgf93bfk]
2016-03-05 01:07:37,050 INFO [localhost-startStop-1] o.h.t.h.TableMetadata [TableMetadata.java:69] HHH000126: Indexes: [fk_s7ui38nhrh0c7q4nfpgf93bfk, primary]
2016-03-05 01:07:37,066 INFO [localhost-startStop-1] o.h.t.h.TableMetadata [TableMetadata.java:65] HHH000261: Table found: java_blog.tag
2016-03-05 01:07:37,067 INFO [localhost-startStop-1] o.h.t.h.TableMetadata [TableMetadata.java:66] HHH000037: Columns: [name, id]
2016-03-05 01:07:37,067 INFO [localhost-startStop-1] o.h.t.h.TableMetadata [TableMetadata.java:68] HHH000108: Foreign keys: []
2016-03-05 01:07:37,067 INFO [localhost-startStop-1] o.h.t.h.TableMetadata [TableMetadata.java:69] HHH000126: Indexes: [primary, uk_24642shpebunaq3ggshotv9hk]
2016-03-05 01:07:37,083 INFO [localhost-startStop-1] o.h.t.h.TableMetadata [TableMetadata.java:65] HHH000261: Table found: java_blog.user
2016-03-05 01:07:37,084 INFO [localhost-startStop-1] o.h.t.h.TableMetadata [TableMetadata.java:66] HHH000037: Columns: [password, isadmin, surname, name, uploadpath, id, email, username]
2016-03-05 01:07:37,084 INFO [localhost-startStop-1] o.h.t.h.TableMetadata [TableMetadata.java:68] HHH000108: Foreign keys: []
2016-03-05 01:07:37,085 INFO [localhost-startStop-1] o.h.t.h.TableMetadata [TableMetadata.java:69] HHH000126: Indexes: [uk_jreodf78a7pl5qidfh43axdfb, primary]
2016-03-05 01:07:37,107 INFO [localhost-startStop-1] o.h.t.h.TableMetadata [TableMetadata.java:65] HHH000261: Table found: java_blog.post_categories
2016-03-05 01:07:37,108 INFO [localhost-startStop-1] o.h.t.h.TableMetadata [TableMetadata.java:66] HHH000037: Columns: [cat_id, id]
2016-03-05 01:07:37,108 INFO [localhost-startStop-1] o.h.t.h.TableMetadata [TableMetadata.java:68] HHH000108: Foreign keys: [fk_230q54bqb82yj49m0c14o9pmd, fk_s46ut2yutkkkc3htv42bp0v9h]
2016-03-05 01:07:37,109 INFO [localhost-startStop-1] o.h.t.h.TableMetadata [TableMetadata.java:69] HHH000126: Indexes: [fk_230q54bqb82yj49m0c14o9pmd, primary]
2016-03-05 01:07:37,130 INFO [localhost-startStop-1] o.h.t.h.TableMetadata [TableMetadata.java:65] HHH000261: Table found: java_blog.post_image_urls
2016-03-05 01:07:37,130 INFO [localhost-startStop-1] o.h.t.h.TableMetadata [TableMetadata.java:66] HHH000037: Columns: [image_url, id]
2016-03-05 01:07:37,131 INFO [localhost-startStop-1] o.h.t.h.TableMetadata [TableMetadata.java:68] HHH000108: Foreign keys: [fk_65wldw1rxrqdf4jsi8lphe6t4]
2016-03-05 01:07:37,131 INFO [localhost-startStop-1] o.h.t.h.TableMetadata [TableMetadata.java:69] HHH000126: Indexes: [uk_csptxsmdum3y13jp2rtoxk6vu]
2016-03-05 01:07:37,156 INFO [localhost-startStop-1] o.h.t.h.TableMetadata [TableMetadata.java:65] HHH000261: Table found: java_blog.post_tags
2016-03-05 01:07:37,157 INFO [localhost-startStop-1] o.h.t.h.TableMetadata [TableMetadata.java:66] HHH000037: Columns: [tag_id, id]
2016-03-05 01:07:37,157 INFO [localhost-startStop-1] o.h.t.h.TableMetadata [TableMetadata.java:68] HHH000108: Foreign keys: [fk_n8k2owli9ecanh4phj01mddvv, fk_38vimqfhetfvqs16abqbrmy59]
2016-03-05 01:07:37,158 INFO [localhost-startStop-1] o.h.t.h.TableMetadata [TableMetadata.java:69] HHH000126: Indexes: [fk_n8k2owli9ecanh4phj01mddvv, primary]
2016-03-05 01:07:37,160 INFO [localhost-startStop-1] o.h.t.h.SchemaUpdate [SchemaUpdate.java:267] HHH000232: Schema update complete
2016-03-05 01:07:37,723 INFO [localhost-startStop-1] o.s.w.c.ContextLoader [ContextLoader.java:325] Root WebApplicationContext: initialization completed in 4898 ms
2016-03-05 01:07:37,759 INFO [localhost-startStop-1] o.s.w.s.DispatcherServlet [FrameworkServlet.java:485] FrameworkServlet 'dispatcherServlet': initialization started
2016-03-05 01:07:37,764 INFO [localhost-startStop-1] o.s.w.c.s.XmlWebApplicationContext [AbstractApplicationContext.java:510] Refreshing WebApplicationContext for namespace 'dispatcherServlet-servlet': startup date [Sat Mar 05 01:07:37 CET 2016]; parent: Root WebApplicationContext
2016-03-05 01:07:37,766 INFO [localhost-startStop-1] o.s.b.f.x.XmlBeanDefinitionReader [XmlBeanDefinitionReader.java:317] Loading XML bean definitions from class path resource [spring/mvc-core-config.xml]
2016-03-05 01:07:37,894 INFO [localhost-startStop-1] o.s.b.f.x.XmlBeanDefinitionReader [XmlBeanDefinitionReader.java:317] Loading XML bean definitions from class path resource [spring/mvc-view-config.xml]
2016-03-05 01:07:38,084 INFO [localhost-startStop-1] o.s.b.f.a.AutowiredAnnotationBeanPostProcessor [AutowiredAnnotationBeanPostProcessor.java:153] JSR-330 'javax.inject.Inject' annotation found and supported for autowiring
2016-03-05 01:07:38,297 INFO [localhost-startStop-1] o.s.w.s.m.m.a.RequestMappingHandlerMapping [AbstractHandlerMethodMapping.java:217] Mapped "{[/api/blog/post/{postId}],methods=[GET],produces=[application/json]}" onto public mk.ukim.finki.wp.model.Post mk.ukim.finki.wp.web.BlogResource.getPost(java.lang.Long)
2016-03-05 01:07:38,298 INFO [localhost-startStop-1] o.s.w.s.m.m.a.RequestMappingHandlerMapping [AbstractHandlerMethodMapping.java:217] Mapped "{[/api/blog/post],methods=[POST],produces=[application/json]}" onto public void mk.ukim.finki.wp.web.BlogResource.postPost(java.lang.String,java.lang.String,java.util.ArrayList<org.springframework.web.multipart.MultipartFile>,java.lang.Boolean,java.util.List<java.lang.String>,java.util.List<java.lang.String>,javax.servlet.http.HttpSession)
2016-03-05 01:07:38,299 INFO [localhost-startStop-1] o.s.w.s.m.m.a.RequestMappingHandlerMapping [AbstractHandlerMethodMapping.java:217] Mapped "{[/api/blog/comment/add/{postId}/{parentCommentId}],methods=[POST],produces=[application/json]}" onto public void mk.ukim.finki.wp.web.BlogResource.postComment(java.lang.Long,java.lang.Long,java.lang.String,java.lang.String,java.lang.String,java.lang.String)
2016-03-05 01:07:38,299 INFO [localhost-startStop-1] o.s.w.s.m.m.a.RequestMappingHandlerMapping [AbstractHandlerMethodMapping.java:217] Mapped "{[/api/blog/post/recent],methods=[GET],produces=[application/json]}" onto public java.util.List<mk.ukim.finki.wp.model.Post> mk.ukim.finki.wp.web.BlogResource.getRecentPosts()
2016-03-05 01:07:38,300 INFO [localhost-startStop-1] o.s.w.s.m.m.a.RequestMappingHandlerMapping [AbstractHandlerMethodMapping.java:217] Mapped "{[/api/blog/category/{categoryId}],methods=[GET],produces=[application/json]}" onto public mk.ukim.finki.wp.model.Category mk.ukim.finki.wp.web.BlogResource.getCategory(java.lang.Long)
2016-03-05 01:07:38,300 INFO [localhost-startStop-1] o.s.w.s.m.m.a.RequestMappingHandlerMapping [AbstractHandlerMethodMapping.java:217] Mapped "{[/api/blog/tag/byName/{tagName}],methods=[GET],produces=[application/json]}" onto public mk.ukim.finki.wp.model.Tag mk.ukim.finki.wp.web.BlogResource.getTagByName(java.lang.String)
2016-03-05 01:07:38,300 INFO [localhost-startStop-1] o.s.w.s.m.m.a.RequestMappingHandlerMapping [AbstractHandlerMethodMapping.java:217] Mapped "{[/api/blog/{blogId}],methods=[GET],produces=[application/json]}" onto public mk.ukim.finki.wp.model.Blog mk.ukim.finki.wp.web.BlogResource.getBlog(java.lang.Long)
2016-03-05 01:07:38,300 INFO [localhost-startStop-1] o.s.w.s.m.m.a.RequestMappingHandlerMapping [AbstractHandlerMethodMapping.java:217] Mapped "{[/api/blog/comment/{commentId}],methods=[GET],produces=[application/json]}" onto public mk.ukim.finki.wp.model.Comment mk.ukim.finki.wp.web.BlogResource.getCommentById(java.lang.Long)
2016-03-05 01:07:38,301 INFO [localhost-startStop-1] o.s.w.s.m.m.a.RequestMappingHandlerMapping [AbstractHandlerMethodMapping.java:217] Mapped "{[/api/blog/post],methods=[GET],produces=[application/json]}" onto public java.util.List<mk.ukim.finki.wp.model.Post> mk.ukim.finki.wp.web.BlogResource.getAllPosts()
2016-03-05 01:07:38,301 INFO [localhost-startStop-1] o.s.w.s.m.m.a.RequestMappingHandlerMapping [AbstractHandlerMethodMapping.java:217] Mapped "{[/api/blog/comment/byPost/{postId}],methods=[GET],produces=[application/json]}" onto public java.util.List<mk.ukim.finki.wp.model.Comment> mk.ukim.finki.wp.web.BlogResource.getCommentsByPost(java.lang.Long)
2016-03-05 01:07:38,301 INFO [localhost-startStop-1] o.s.w.s.m.m.a.RequestMappingHandlerMapping [AbstractHandlerMethodMapping.java:217] Mapped "{[/api/blog/category/byBlog/{blogId}],methods=[GET],produces=[application/json]}" onto public java.util.List<mk.ukim.finki.wp.model.Category> mk.ukim.finki.wp.web.BlogResource.getCategoriesByBlog(java.lang.Long)
2016-03-05 01:07:38,303 INFO [localhost-startStop-1] o.s.w.s.m.m.a.RequestMappingHandlerMapping [AbstractHandlerMethodMapping.java:217] Mapped "{[],methods=[GET]}" onto public org.springframework.web.servlet.ModelAndView mk.ukim.finki.wp.web.HomeController.index()
2016-03-05 01:07:38,303 INFO [localhost-startStop-1] o.s.w.s.m.m.a.RequestMappingHandlerMapping [AbstractHandlerMethodMapping.java:217] Mapped "{[],methods=[POST]}" onto public org.springframework.web.servlet.ModelAndView mk.ukim.finki.wp.web.HomeController.post(java.lang.String,java.lang.String,java.util.List<org.springframework.web.multipart.MultipartFile>,java.lang.Boolean,java.util.List<java.lang.String>,javax.servlet.http.HttpSession)
2016-03-05 01:07:38,796 INFO [localhost-startStop-1] o.s.w.s.m.m.a.RequestMappingHandlerAdapter [RequestMappingHandlerAdapter.java:517] Looking for @ControllerAdvice: WebApplicationContext for namespace 'dispatcherServlet-servlet': startup date [Sat Mar 05 01:07:37 CET 2016]; parent: Root WebApplicationContext
2016-03-05 01:07:38,864 INFO [localhost-startStop-1] o.s.w.s.m.m.a.RequestMappingHandlerAdapter [RequestMappingHandlerAdapter.java:517] Looking for @ControllerAdvice: WebApplicationContext for namespace 'dispatcherServlet-servlet': startup date [Sat Mar 05 01:07:37 CET 2016]; parent: Root WebApplicationContext
2016-03-05 01:07:38,980 INFO [localhost-startStop-1] o.s.w.s.h.SimpleUrlHandlerMapping [AbstractUrlHandlerMapping.java:314] Mapped URL path [/resources/**] onto handler 'org.springframework.web.servlet.resource.ResourceHttpRequestHandler#0'
2016-03-05 01:07:38,989 INFO [localhost-startStop-1] o.s.w.s.h.SimpleUrlHandlerMapping [AbstractUrlHandlerMapping.java:301] Root mapping to handler of type [class org.springframework.web.servlet.mvc.ParameterizableViewController]
2016-03-05 01:07:39,000 INFO [localhost-startStop-1] o.s.w.s.h.SimpleUrlHandlerMapping [AbstractUrlHandlerMapping.java:314] Mapped URL path [/**] onto handler 'org.springframework.web.servlet.resource.DefaultServletHttpRequestHandler#0'
2016-03-05 01:07:39,050 INFO [localhost-startStop-1] o.s.w.s.DispatcherServlet [FrameworkServlet.java:504] FrameworkServlet 'dispatcherServlet': initialization completed in 1291 ms
2016-03-05 02:19:36,925 INFO [localhost-startStop-1] o.s.w.c.ContextLoader [ContextLoader.java:285] Root WebApplicationContext: initialization started
2016-03-05 02:19:37,056 INFO [localhost-startStop-1] o.s.w.c.s.XmlWebApplicationContext [AbstractApplicationContext.java:510] Refreshing Root WebApplicationContext: startup date [Sat Mar 05 02:19:37 CET 2016]; root of context hierarchy
2016-03-05 02:19:37,101 INFO [localhost-startStop-1] o.s.b.f.x.XmlBeanDefinitionReader [XmlBeanDefinitionReader.java:317] Loading XML bean definitions from class path resource [spring/business-config.xml]
2016-03-05 02:19:37,336 INFO [localhost-startStop-1] o.s.b.f.x.XmlBeanDefinitionReader [XmlBeanDefinitionReader.java:317] Loading XML bean definitions from class path resource [spring/persistence-config.xml]
2016-03-05 02:19:37,762 INFO [localhost-startStop-1] o.s.c.s.PropertySourcesPlaceholderConfigurer [PropertiesLoaderSupport.java:172] Loading properties file from class path resource [spring/data-access.properties]
2016-03-05 02:19:37,787 INFO [localhost-startStop-1] o.s.b.f.a.AutowiredAnnotationBeanPostProcessor [AutowiredAnnotationBeanPostProcessor.java:153] JSR-330 'javax.inject.Inject' annotation found and supported for autowiring
2016-03-05 02:19:38,113 INFO [localhost-startStop-1] o.s.o.j.LocalContainerEntityManagerFactoryBean [LocalContainerEntityManagerFactoryBean.java:339] Building JPA container EntityManagerFactory for persistence unit 'wp'
2016-03-05 02:19:38,151 INFO [localhost-startStop-1] o.h.j.i.u.LogHelper [LogHelper.java:46] HHH000204: Processing PersistenceUnitInfo [
	name: wp
	...]
2016-03-05 02:19:38,363 INFO [localhost-startStop-1] o.h.Version [Version.java:54] HHH000412: Hibernate Core {4.3.10.Final}
2016-03-05 02:19:38,367 INFO [localhost-startStop-1] o.h.c.Environment [Environment.java:239] HHH000206: hibernate.properties not found
2016-03-05 02:19:38,371 INFO [localhost-startStop-1] o.h.c.Environment [Environment.java:346] HHH000021: Bytecode provider name : javassist
2016-03-05 02:19:38,687 INFO [localhost-startStop-1] o.h.a.c.Version [JavaReflectionManager.java:66] HCANN000001: Hibernate Commons Annotations {4.0.5.Final}
2016-03-05 02:19:39,302 INFO [localhost-startStop-1] o.h.d.Dialect [Dialect.java:145] HHH000400: Using dialect: org.hibernate.dialect.MySQLDialect
2016-03-05 02:19:39,619 INFO [localhost-startStop-1] o.h.h.i.a.ASTQueryTranslatorFactory [ASTQueryTranslatorFactory.java:47] HHH000397: Using ASTQueryTranslatorFactory
2016-03-05 02:19:39,686 INFO [localhost-startStop-1] o.h.v.i.u.Version [Version.java:27] HV000001: Hibernate Validator 5.1.3.Final
2016-03-05 02:19:41,075 INFO [localhost-startStop-1] o.h.t.h.SchemaUpdate [SchemaUpdate.java:207] HHH000228: Running hbm2ddl schema update
2016-03-05 02:19:41,076 INFO [localhost-startStop-1] o.h.t.h.SchemaUpdate [SchemaUpdate.java:218] HHH000102: Fetching database metadata
2016-03-05 02:19:41,080 INFO [localhost-startStop-1] o.h.t.h.SchemaUpdate [SchemaUpdate.java:230] HHH000396: Updating schema
2016-03-05 02:19:41,128 INFO [localhost-startStop-1] o.h.t.h.TableMetadata [TableMetadata.java:65] HHH000261: Table found: java_blog.blog
2016-03-05 02:19:41,128 INFO [localhost-startStop-1] o.h.t.h.TableMetadata [TableMetadata.java:66] HHH000037: Columns: [name, description, id]
2016-03-05 02:19:41,129 INFO [localhost-startStop-1] o.h.t.h.TableMetadata [TableMetadata.java:68] HHH000108: Foreign keys: []
2016-03-05 02:19:41,129 INFO [localhost-startStop-1] o.h.t.h.TableMetadata [TableMetadata.java:69] HHH000126: Indexes: [primary]
2016-03-05 02:19:41,153 INFO [localhost-startStop-1] o.h.t.h.TableMetadata [TableMetadata.java:65] HHH000261: Table found: java_blog.category
2016-03-05 02:19:41,154 INFO [localhost-startStop-1] o.h.t.h.TableMetadata [TableMetadata.java:66] HHH000037: Columns: [blog_id, name, id]
2016-03-05 02:19:41,155 INFO [localhost-startStop-1] o.h.t.h.TableMetadata [TableMetadata.java:68] HHH000108: Foreign keys: [fk_4bv8ll1clbk1o710s33f18cjy]
2016-03-05 02:19:41,155 INFO [localhost-startStop-1] o.h.t.h.TableMetadata [TableMetadata.java:69] HHH000126: Indexes: [uk_foei036ov74bv692o5lh5oi66, fk_4bv8ll1clbk1o710s33f18cjy, primary]
2016-03-05 02:19:41,177 INFO [localhost-startStop-1] o.h.t.h.TableMetadata [TableMetadata.java:65] HHH000261: Table found: java_blog.comment
2016-03-05 02:19:41,178 INFO [localhost-startStop-1] o.h.t.h.TableMetadata [TableMetadata.java:66] HHH000037: Columns: [date, sub_comment_id, website, post_id, author, id, content, email]
2016-03-05 02:19:41,178 INFO [localhost-startStop-1] o.h.t.h.TableMetadata [TableMetadata.java:68] HHH000108: Foreign keys: [fk_948uvh1i6013ukmhda57jpefc, fk_apirq8ka64iidc18f3k6x5tc5]
2016-03-05 02:19:41,179 INFO [localhost-startStop-1] o.h.t.h.TableMetadata [TableMetadata.java:69] HHH000126: Indexes: [fk_948uvh1i6013ukmhda57jpefc, fk_apirq8ka64iidc18f3k6x5tc5, primary]
2016-03-05 02:19:41,198 INFO [localhost-startStop-1] o.h.t.h.TableMetadata [TableMetadata.java:65] HHH000261: Table found: java_blog.post
2016-03-05 02:19:41,198 INFO [localhost-startStop-1] o.h.t.h.TableMetadata [TableMetadata.java:66] HHH000037: Columns: [date, user_id, rating, id, title, content, enabled]
2016-03-05 02:19:41,199 INFO [localhost-startStop-1] o.h.t.h.TableMetadata [TableMetadata.java:68] HHH000108: Foreign keys: [fk_s7ui38nhrh0c7q4nfpgf93bfk]
2016-03-05 02:19:41,199 INFO [localhost-startStop-1] o.h.t.h.TableMetadata [TableMetadata.java:69] HHH000126: Indexes: [fk_s7ui38nhrh0c7q4nfpgf93bfk, primary]
2016-03-05 02:19:41,217 INFO [localhost-startStop-1] o.h.t.h.TableMetadata [TableMetadata.java:65] HHH000261: Table found: java_blog.tag
2016-03-05 02:19:41,217 INFO [localhost-startStop-1] o.h.t.h.TableMetadata [TableMetadata.java:66] HHH000037: Columns: [name, id]
2016-03-05 02:19:41,218 INFO [localhost-startStop-1] o.h.t.h.TableMetadata [TableMetadata.java:68] HHH000108: Foreign keys: []
2016-03-05 02:19:41,218 INFO [localhost-startStop-1] o.h.t.h.TableMetadata [TableMetadata.java:69] HHH000126: Indexes: [primary, uk_24642shpebunaq3ggshotv9hk]
2016-03-05 02:19:41,238 INFO [localhost-startStop-1] o.h.t.h.TableMetadata [TableMetadata.java:65] HHH000261: Table found: java_blog.user
2016-03-05 02:19:41,238 INFO [localhost-startStop-1] o.h.t.h.TableMetadata [TableMetadata.java:66] HHH000037: Columns: [password, isadmin, surname, name, uploadpath, id, email, username]
2016-03-05 02:19:41,239 INFO [localhost-startStop-1] o.h.t.h.TableMetadata [TableMetadata.java:68] HHH000108: Foreign keys: []
2016-03-05 02:19:41,239 INFO [localhost-startStop-1] o.h.t.h.TableMetadata [TableMetadata.java:69] HHH000126: Indexes: [uk_jreodf78a7pl5qidfh43axdfb, primary]
2016-03-05 02:19:41,255 INFO [localhost-startStop-1] o.h.t.h.TableMetadata [TableMetadata.java:65] HHH000261: Table found: java_blog.post_categories
2016-03-05 02:19:41,256 INFO [localhost-startStop-1] o.h.t.h.TableMetadata [TableMetadata.java:66] HHH000037: Columns: [cat_id, id]
2016-03-05 02:19:41,256 INFO [localhost-startStop-1] o.h.t.h.TableMetadata [TableMetadata.java:68] HHH000108: Foreign keys: [fk_230q54bqb82yj49m0c14o9pmd, fk_s46ut2yutkkkc3htv42bp0v9h]
2016-03-05 02:19:41,257 INFO [localhost-startStop-1] o.h.t.h.TableMetadata [TableMetadata.java:69] HHH000126: Indexes: [fk_230q54bqb82yj49m0c14o9pmd, primary]
2016-03-05 02:19:41,275 INFO [localhost-startStop-1] o.h.t.h.TableMetadata [TableMetadata.java:65] HHH000261: Table found: java_blog.post_image_urls
2016-03-05 02:19:41,275 INFO [localhost-startStop-1] o.h.t.h.TableMetadata [TableMetadata.java:66] HHH000037: Columns: [image_url, id]
2016-03-05 02:19:41,275 INFO [localhost-startStop-1] o.h.t.h.TableMetadata [TableMetadata.java:68] HHH000108: Foreign keys: [fk_65wldw1rxrqdf4jsi8lphe6t4]
2016-03-05 02:19:41,276 INFO [localhost-startStop-1] o.h.t.h.TableMetadata [TableMetadata.java:69] HHH000126: Indexes: [uk_csptxsmdum3y13jp2rtoxk6vu]
2016-03-05 02:19:41,293 INFO [localhost-startStop-1] o.h.t.h.TableMetadata [TableMetadata.java:65] HHH000261: Table found: java_blog.post_tags
2016-03-05 02:19:41,294 INFO [localhost-startStop-1] o.h.t.h.TableMetadata [TableMetadata.java:66] HHH000037: Columns: [tag_id, id]
2016-03-05 02:19:41,294 INFO [localhost-startStop-1] o.h.t.h.TableMetadata [TableMetadata.java:68] HHH000108: Foreign keys: [fk_n8k2owli9ecanh4phj01mddvv, fk_38vimqfhetfvqs16abqbrmy59]
2016-03-05 02:19:41,295 INFO [localhost-startStop-1] o.h.t.h.TableMetadata [TableMetadata.java:69] HHH000126: Indexes: [fk_n8k2owli9ecanh4phj01mddvv, primary]
2016-03-05 02:19:41,297 INFO [localhost-startStop-1] o.h.t.h.SchemaUpdate [SchemaUpdate.java:267] HHH000232: Schema update complete
2016-03-05 02:19:41,828 INFO [localhost-startStop-1] o.s.w.c.ContextLoader [ContextLoader.java:325] Root WebApplicationContext: initialization completed in 4879 ms
2016-03-05 02:19:41,868 INFO [localhost-startStop-1] o.s.w.s.DispatcherServlet [FrameworkServlet.java:485] FrameworkServlet 'dispatcherServlet': initialization started
2016-03-05 02:19:41,873 INFO [localhost-startStop-1] o.s.w.c.s.XmlWebApplicationContext [AbstractApplicationContext.java:510] Refreshing WebApplicationContext for namespace 'dispatcherServlet-servlet': startup date [Sat Mar 05 02:19:41 CET 2016]; parent: Root WebApplicationContext
2016-03-05 02:19:41,874 INFO [localhost-startStop-1] o.s.b.f.x.XmlBeanDefinitionReader [XmlBeanDefinitionReader.java:317] Loading XML bean definitions from class path resource [spring/mvc-core-config.xml]
2016-03-05 02:19:41,950 INFO [localhost-startStop-1] o.s.b.f.x.XmlBeanDefinitionReader [XmlBeanDefinitionReader.java:317] Loading XML bean definitions from class path resource [spring/mvc-view-config.xml]
2016-03-05 02:19:42,148 INFO [localhost-startStop-1] o.s.b.f.a.AutowiredAnnotationBeanPostProcessor [AutowiredAnnotationBeanPostProcessor.java:153] JSR-330 'javax.inject.Inject' annotation found and supported for autowiring
2016-03-05 02:19:42,385 INFO [localhost-startStop-1] o.s.w.s.m.m.a.RequestMappingHandlerMapping [AbstractHandlerMethodMapping.java:217] Mapped "{[/api/blog/post/{postId}],methods=[GET],produces=[application/json]}" onto public mk.ukim.finki.wp.model.Post mk.ukim.finki.wp.web.BlogResource.getPost(java.lang.Long)
2016-03-05 02:19:42,388 INFO [localhost-startStop-1] o.s.w.s.m.m.a.RequestMappingHandlerMapping [AbstractHandlerMethodMapping.java:217] Mapped "{[/api/blog/post/recent],methods=[GET],produces=[application/json]}" onto public java.util.List<mk.ukim.finki.wp.model.Post> mk.ukim.finki.wp.web.BlogResource.getRecentPosts()
2016-03-05 02:19:42,389 INFO [localhost-startStop-1] o.s.w.s.m.m.a.RequestMappingHandlerMapping [AbstractHandlerMethodMapping.java:217] Mapped "{[/api/blog/post],methods=[POST],produces=[application/json]}" onto public void mk.ukim.finki.wp.web.BlogResource.postPost(java.lang.String,java.lang.String,java.util.ArrayList<org.springframework.web.multipart.MultipartFile>,java.lang.Boolean,java.util.List<java.lang.String>,java.util.List<java.lang.String>,javax.servlet.http.HttpSession)
2016-03-05 02:19:42,390 INFO [localhost-startStop-1] o.s.w.s.m.m.a.RequestMappingHandlerMapping [AbstractHandlerMethodMapping.java:217] Mapped "{[/api/blog/comment/add/{postId}/{parentCommentId}],methods=[POST],produces=[application/json]}" onto public void mk.ukim.finki.wp.web.BlogResource.postComment(java.lang.Long,java.lang.Long,java.lang.String,java.lang.String,java.lang.String,java.lang.String)
2016-03-05 02:19:42,391 INFO [localhost-startStop-1] o.s.w.s.m.m.a.RequestMappingHandlerMapping [AbstractHandlerMethodMapping.java:217] Mapped "{[/api/blog/comment/byPost/{postId}],methods=[GET],produces=[application/json]}" onto public java.util.List<mk.ukim.finki.wp.model.Comment> mk.ukim.finki.wp.web.BlogResource.getCommentsByPost(java.lang.Long)
2016-03-05 02:19:42,392 INFO [localhost-startStop-1] o.s.w.s.m.m.a.RequestMappingHandlerMapping [AbstractHandlerMethodMapping.java:217] Mapped "{[/api/blog/post/byCategory/{categoryId}],methods=[GET],produces=[application/json]}" onto public java.util.List<mk.ukim.finki.wp.model.Post> mk.ukim.finki.wp.web.BlogResource.getPostsByCategory(java.lang.Long)
2016-03-05 02:19:42,393 INFO [localhost-startStop-1] o.s.w.s.m.m.a.RequestMappingHandlerMapping [AbstractHandlerMethodMapping.java:217] Mapped "{[/api/blog/category/byBlog/{blogId}],methods=[GET],produces=[application/json]}" onto public java.util.List<mk.ukim.finki.wp.model.Category> mk.ukim.finki.wp.web.BlogResource.getCategoriesByBlog(java.lang.Long)
2016-03-05 02:19:42,393 INFO [localhost-startStop-1] o.s.w.s.m.m.a.RequestMappingHandlerMapping [AbstractHandlerMethodMapping.java:217] Mapped "{[/api/blog/category/{categoryId}],methods=[GET],produces=[application/json]}" onto public mk.ukim.finki.wp.model.Category mk.ukim.finki.wp.web.BlogResource.getCategory(java.lang.Long)
2016-03-05 02:19:42,394 INFO [localhost-startStop-1] o.s.w.s.m.m.a.RequestMappingHandlerMapping [AbstractHandlerMethodMapping.java:217] Mapped "{[/api/blog/tag/byName/{tagName}],methods=[GET],produces=[application/json]}" onto public mk.ukim.finki.wp.model.Tag mk.ukim.finki.wp.web.BlogResource.getTagByName(java.lang.String)
2016-03-05 02:19:42,395 INFO [localhost-startStop-1] o.s.w.s.m.m.a.RequestMappingHandlerMapping [AbstractHandlerMethodMapping.java:217] Mapped "{[/api/blog/comment/{commentId}],methods=[GET],produces=[application/json]}" onto public mk.ukim.finki.wp.model.Comment mk.ukim.finki.wp.web.BlogResource.getCommentById(java.lang.Long)
2016-03-05 02:19:42,395 INFO [localhost-startStop-1] o.s.w.s.m.m.a.RequestMappingHandlerMapping [AbstractHandlerMethodMapping.java:217] Mapped "{[/api/blog/post],methods=[GET],produces=[application/json]}" onto public java.util.List<mk.ukim.finki.wp.model.Post> mk.ukim.finki.wp.web.BlogResource.getAllPosts()
2016-03-05 02:19:42,396 INFO [localhost-startStop-1] o.s.w.s.m.m.a.RequestMappingHandlerMapping [AbstractHandlerMethodMapping.java:217] Mapped "{[/api/blog/{blogId}],methods=[GET],produces=[application/json]}" onto public mk.ukim.finki.wp.model.Blog mk.ukim.finki.wp.web.BlogResource.getBlog(java.lang.Long)
2016-03-05 02:19:42,398 INFO [localhost-startStop-1] o.s.w.s.m.m.a.RequestMappingHandlerMapping [AbstractHandlerMethodMapping.java:217] Mapped "{[],methods=[GET]}" onto public org.springframework.web.servlet.ModelAndView mk.ukim.finki.wp.web.HomeController.index()
2016-03-05 02:19:42,399 INFO [localhost-startStop-1] o.s.w.s.m.m.a.RequestMappingHandlerMapping [AbstractHandlerMethodMapping.java:217] Mapped "{[],methods=[POST]}" onto public org.springframework.web.servlet.ModelAndView mk.ukim.finki.wp.web.HomeController.post(java.lang.String,java.lang.String,java.util.List<org.springframework.web.multipart.MultipartFile>,java.lang.Boolean,java.util.List<java.lang.String>,javax.servlet.http.HttpSession)
2016-03-05 02:19:42,773 INFO [localhost-startStop-1] o.s.w.s.m.m.a.RequestMappingHandlerAdapter [RequestMappingHandlerAdapter.java:517] Looking for @ControllerAdvice: WebApplicationContext for namespace 'dispatcherServlet-servlet': startup date [Sat Mar 05 02:19:41 CET 2016]; parent: Root WebApplicationContext
2016-03-05 02:19:42,828 INFO [localhost-startStop-1] o.s.w.s.m.m.a.RequestMappingHandlerAdapter [RequestMappingHandlerAdapter.java:517] Looking for @ControllerAdvice: WebApplicationContext for namespace 'dispatcherServlet-servlet': startup date [Sat Mar 05 02:19:41 CET 2016]; parent: Root WebApplicationContext
2016-03-05 02:19:42,935 INFO [localhost-startStop-1] o.s.w.s.h.SimpleUrlHandlerMapping [AbstractUrlHandlerMapping.java:314] Mapped URL path [/resources/**] onto handler 'org.springframework.web.servlet.resource.ResourceHttpRequestHandler#0'
2016-03-05 02:19:42,945 INFO [localhost-startStop-1] o.s.w.s.h.SimpleUrlHandlerMapping [AbstractUrlHandlerMapping.java:301] Root mapping to handler of type [class org.springframework.web.servlet.mvc.ParameterizableViewController]
2016-03-05 02:19:42,958 INFO [localhost-startStop-1] o.s.w.s.h.SimpleUrlHandlerMapping [AbstractUrlHandlerMapping.java:314] Mapped URL path [/**] onto handler 'org.springframework.web.servlet.resource.DefaultServletHttpRequestHandler#0'
2016-03-05 02:19:43,008 INFO [localhost-startStop-1] o.s.w.s.DispatcherServlet [FrameworkServlet.java:504] FrameworkServlet 'dispatcherServlet': initialization completed in 1140 ms
2016-03-05 02:40:50,212 INFO [localhost-startStop-1] o.s.w.c.ContextLoader [ContextLoader.java:285] Root WebApplicationContext: initialization started
2016-03-05 02:40:50,336 INFO [localhost-startStop-1] o.s.w.c.s.XmlWebApplicationContext [AbstractApplicationContext.java:510] Refreshing Root WebApplicationContext: startup date [Sat Mar 05 02:40:50 CET 2016]; root of context hierarchy
2016-03-05 02:40:50,394 INFO [localhost-startStop-1] o.s.b.f.x.XmlBeanDefinitionReader [XmlBeanDefinitionReader.java:317] Loading XML bean definitions from class path resource [spring/business-config.xml]
2016-03-05 02:40:50,717 INFO [localhost-startStop-1] o.s.b.f.x.XmlBeanDefinitionReader [XmlBeanDefinitionReader.java:317] Loading XML bean definitions from class path resource [spring/persistence-config.xml]
2016-03-05 02:40:51,203 INFO [localhost-startStop-1] o.s.c.s.PropertySourcesPlaceholderConfigurer [PropertiesLoaderSupport.java:172] Loading properties file from class path resource [spring/data-access.properties]
2016-03-05 02:40:51,228 INFO [localhost-startStop-1] o.s.b.f.a.AutowiredAnnotationBeanPostProcessor [AutowiredAnnotationBeanPostProcessor.java:153] JSR-330 'javax.inject.Inject' annotation found and supported for autowiring
2016-03-05 02:40:51,584 INFO [localhost-startStop-1] o.s.o.j.LocalContainerEntityManagerFactoryBean [LocalContainerEntityManagerFactoryBean.java:339] Building JPA container EntityManagerFactory for persistence unit 'wp'
2016-03-05 02:40:51,633 INFO [localhost-startStop-1] o.h.j.i.u.LogHelper [LogHelper.java:46] HHH000204: Processing PersistenceUnitInfo [
	name: wp
	...]
2016-03-05 02:40:51,925 INFO [localhost-startStop-1] o.h.Version [Version.java:54] HHH000412: Hibernate Core {4.3.10.Final}
2016-03-05 02:40:51,932 INFO [localhost-startStop-1] o.h.c.Environment [Environment.java:239] HHH000206: hibernate.properties not found
2016-03-05 02:40:51,936 INFO [localhost-startStop-1] o.h.c.Environment [Environment.java:346] HHH000021: Bytecode provider name : javassist
2016-03-05 02:40:52,336 INFO [localhost-startStop-1] o.h.a.c.Version [JavaReflectionManager.java:66] HCANN000001: Hibernate Commons Annotations {4.0.5.Final}
2016-03-05 02:40:53,063 INFO [localhost-startStop-1] o.h.d.Dialect [Dialect.java:145] HHH000400: Using dialect: org.hibernate.dialect.MySQLDialect
2016-03-05 02:40:53,398 INFO [localhost-startStop-1] o.h.h.i.a.ASTQueryTranslatorFactory [ASTQueryTranslatorFactory.java:47] HHH000397: Using ASTQueryTranslatorFactory
2016-03-05 02:40:53,529 INFO [localhost-startStop-1] o.h.v.i.u.Version [Version.java:27] HV000001: Hibernate Validator 5.1.3.Final
2016-03-05 02:40:54,641 INFO [localhost-startStop-1] o.h.t.h.SchemaUpdate [SchemaUpdate.java:207] HHH000228: Running hbm2ddl schema update
2016-03-05 02:40:54,641 INFO [localhost-startStop-1] o.h.t.h.SchemaUpdate [SchemaUpdate.java:218] HHH000102: Fetching database metadata
2016-03-05 02:40:54,644 INFO [localhost-startStop-1] o.h.t.h.SchemaUpdate [SchemaUpdate.java:230] HHH000396: Updating schema
2016-03-05 02:40:54,711 INFO [localhost-startStop-1] o.h.t.h.TableMetadata [TableMetadata.java:65] HHH000261: Table found: java_blog.blog
2016-03-05 02:40:54,712 INFO [localhost-startStop-1] o.h.t.h.TableMetadata [TableMetadata.java:66] HHH000037: Columns: [name, description, id]
2016-03-05 02:40:54,712 INFO [localhost-startStop-1] o.h.t.h.TableMetadata [TableMetadata.java:68] HHH000108: Foreign keys: []
2016-03-05 02:40:54,712 INFO [localhost-startStop-1] o.h.t.h.TableMetadata [TableMetadata.java:69] HHH000126: Indexes: [primary]
2016-03-05 02:40:54,746 INFO [localhost-startStop-1] o.h.t.h.TableMetadata [TableMetadata.java:65] HHH000261: Table found: java_blog.category
2016-03-05 02:40:54,747 INFO [localhost-startStop-1] o.h.t.h.TableMetadata [TableMetadata.java:66] HHH000037: Columns: [blog_id, name, id]
2016-03-05 02:40:54,747 INFO [localhost-startStop-1] o.h.t.h.TableMetadata [TableMetadata.java:68] HHH000108: Foreign keys: [fk_4bv8ll1clbk1o710s33f18cjy]
2016-03-05 02:40:54,748 INFO [localhost-startStop-1] o.h.t.h.TableMetadata [TableMetadata.java:69] HHH000126: Indexes: [uk_foei036ov74bv692o5lh5oi66, fk_4bv8ll1clbk1o710s33f18cjy, primary]
2016-03-05 02:40:54,763 INFO [localhost-startStop-1] o.h.t.h.TableMetadata [TableMetadata.java:65] HHH000261: Table found: java_blog.comment
2016-03-05 02:40:54,764 INFO [localhost-startStop-1] o.h.t.h.TableMetadata [TableMetadata.java:66] HHH000037: Columns: [date, sub_comment_id, website, post_id, author, id, content, email]
2016-03-05 02:40:54,764 INFO [localhost-startStop-1] o.h.t.h.TableMetadata [TableMetadata.java:68] HHH000108: Foreign keys: [fk_948uvh1i6013ukmhda57jpefc, fk_apirq8ka64iidc18f3k6x5tc5]
2016-03-05 02:40:54,765 INFO [localhost-startStop-1] o.h.t.h.TableMetadata [TableMetadata.java:69] HHH000126: Indexes: [fk_948uvh1i6013ukmhda57jpefc, fk_apirq8ka64iidc18f3k6x5tc5, primary]
2016-03-05 02:40:54,782 INFO [localhost-startStop-1] o.h.t.h.TableMetadata [TableMetadata.java:65] HHH000261: Table found: java_blog.post
2016-03-05 02:40:54,783 INFO [localhost-startStop-1] o.h.t.h.TableMetadata [TableMetadata.java:66] HHH000037: Columns: [date, user_id, rating, id, title, content, enabled]
2016-03-05 02:40:54,783 INFO [localhost-startStop-1] o.h.t.h.TableMetadata [TableMetadata.java:68] HHH000108: Foreign keys: [fk_s7ui38nhrh0c7q4nfpgf93bfk]
2016-03-05 02:40:54,784 INFO [localhost-startStop-1] o.h.t.h.TableMetadata [TableMetadata.java:69] HHH000126: Indexes: [fk_s7ui38nhrh0c7q4nfpgf93bfk, primary]
2016-03-05 02:40:54,797 INFO [localhost-startStop-1] o.h.t.h.TableMetadata [TableMetadata.java:65] HHH000261: Table found: java_blog.tag
2016-03-05 02:40:54,798 INFO [localhost-startStop-1] o.h.t.h.TableMetadata [TableMetadata.java:66] HHH000037: Columns: [name, id]
2016-03-05 02:40:54,799 INFO [localhost-startStop-1] o.h.t.h.TableMetadata [TableMetadata.java:68] HHH000108: Foreign keys: []
2016-03-05 02:40:54,799 INFO [localhost-startStop-1] o.h.t.h.TableMetadata [TableMetadata.java:69] HHH000126: Indexes: [primary, uk_24642shpebunaq3ggshotv9hk]
2016-03-05 02:40:54,813 INFO [localhost-startStop-1] o.h.t.h.TableMetadata [TableMetadata.java:65] HHH000261: Table found: java_blog.user
2016-03-05 02:40:54,814 INFO [localhost-startStop-1] o.h.t.h.TableMetadata [TableMetadata.java:66] HHH000037: Columns: [password, isadmin, surname, name, uploadpath, id, email, username]
2016-03-05 02:40:54,814 INFO [localhost-startStop-1] o.h.t.h.TableMetadata [TableMetadata.java:68] HHH000108: Foreign keys: []
2016-03-05 02:40:54,814 INFO [localhost-startStop-1] o.h.t.h.TableMetadata [TableMetadata.java:69] HHH000126: Indexes: [uk_jreodf78a7pl5qidfh43axdfb, primary]
2016-03-05 02:40:54,828 INFO [localhost-startStop-1] o.h.t.h.TableMetadata [TableMetadata.java:65] HHH000261: Table found: java_blog.post_categories
2016-03-05 02:40:54,828 INFO [localhost-startStop-1] o.h.t.h.TableMetadata [TableMetadata.java:66] HHH000037: Columns: [cat_id, id]
2016-03-05 02:40:54,828 INFO [localhost-startStop-1] o.h.t.h.TableMetadata [TableMetadata.java:68] HHH000108: Foreign keys: [fk_230q54bqb82yj49m0c14o9pmd, fk_s46ut2yutkkkc3htv42bp0v9h]
2016-03-05 02:40:54,829 INFO [localhost-startStop-1] o.h.t.h.TableMetadata [TableMetadata.java:69] HHH000126: Indexes: [fk_230q54bqb82yj49m0c14o9pmd, primary]
2016-03-05 02:40:54,843 INFO [localhost-startStop-1] o.h.t.h.TableMetadata [TableMetadata.java:65] HHH000261: Table found: java_blog.post_image_urls
2016-03-05 02:40:54,843 INFO [localhost-startStop-1] o.h.t.h.TableMetadata [TableMetadata.java:66] HHH000037: Columns: [image_url, id]
2016-03-05 02:40:54,844 INFO [localhost-startStop-1] o.h.t.h.TableMetadata [TableMetadata.java:68] HHH000108: Foreign keys: [fk_65wldw1rxrqdf4jsi8lphe6t4]
2016-03-05 02:40:54,844 INFO [localhost-startStop-1] o.h.t.h.TableMetadata [TableMetadata.java:69] HHH000126: Indexes: [uk_csptxsmdum3y13jp2rtoxk6vu]
2016-03-05 02:40:54,861 INFO [localhost-startStop-1] o.h.t.h.TableMetadata [TableMetadata.java:65] HHH000261: Table found: java_blog.post_tags
2016-03-05 02:40:54,862 INFO [localhost-startStop-1] o.h.t.h.TableMetadata [TableMetadata.java:66] HHH000037: Columns: [tag_id, id]
2016-03-05 02:40:54,862 INFO [localhost-startStop-1] o.h.t.h.TableMetadata [TableMetadata.java:68] HHH000108: Foreign keys: [fk_n8k2owli9ecanh4phj01mddvv, fk_38vimqfhetfvqs16abqbrmy59]
2016-03-05 02:40:54,863 INFO [localhost-startStop-1] o.h.t.h.TableMetadata [TableMetadata.java:69] HHH000126: Indexes: [fk_n8k2owli9ecanh4phj01mddvv, primary]
2016-03-05 02:40:54,864 INFO [localhost-startStop-1] o.h.t.h.SchemaUpdate [SchemaUpdate.java:267] HHH000232: Schema update complete
2016-03-05 02:40:55,390 INFO [localhost-startStop-1] o.s.w.c.ContextLoader [ContextLoader.java:325] Root WebApplicationContext: initialization completed in 5172 ms
2016-03-05 02:40:55,432 INFO [localhost-startStop-1] o.s.w.s.DispatcherServlet [FrameworkServlet.java:485] FrameworkServlet 'dispatcherServlet': initialization started
2016-03-05 02:40:55,441 INFO [localhost-startStop-1] o.s.w.c.s.XmlWebApplicationContext [AbstractApplicationContext.java:510] Refreshing WebApplicationContext for namespace 'dispatcherServlet-servlet': startup date [Sat Mar 05 02:40:55 CET 2016]; parent: Root WebApplicationContext
2016-03-05 02:40:55,443 INFO [localhost-startStop-1] o.s.b.f.x.XmlBeanDefinitionReader [XmlBeanDefinitionReader.java:317] Loading XML bean definitions from class path resource [spring/mvc-core-config.xml]
2016-03-05 02:40:55,526 INFO [localhost-startStop-1] o.s.b.f.x.XmlBeanDefinitionReader [XmlBeanDefinitionReader.java:317] Loading XML bean definitions from class path resource [spring/mvc-view-config.xml]
2016-03-05 02:40:55,734 INFO [localhost-startStop-1] o.s.b.f.a.AutowiredAnnotationBeanPostProcessor [AutowiredAnnotationBeanPostProcessor.java:153] JSR-330 'javax.inject.Inject' annotation found and supported for autowiring
2016-03-05 02:40:55,960 INFO [localhost-startStop-1] o.s.w.s.m.m.a.RequestMappingHandlerMapping [AbstractHandlerMethodMapping.java:217] Mapped "{[/api/blog/post/{postId}],methods=[GET],produces=[application/json]}" onto public mk.ukim.finki.wp.model.Post mk.ukim.finki.wp.web.BlogResource.getPost(java.lang.Long)
2016-03-05 02:40:55,961 INFO [localhost-startStop-1] o.s.w.s.m.m.a.RequestMappingHandlerMapping [AbstractHandlerMethodMapping.java:217] Mapped "{[/api/blog/category/{categoryId}],methods=[GET],produces=[application/json]}" onto public mk.ukim.finki.wp.model.Category mk.ukim.finki.wp.web.BlogResource.getCategory(java.lang.Long)
2016-03-05 02:40:55,962 INFO [localhost-startStop-1] o.s.w.s.m.m.a.RequestMappingHandlerMapping [AbstractHandlerMethodMapping.java:217] Mapped "{[/api/blog/post/recent],methods=[GET],produces=[application/json]}" onto public java.util.List<mk.ukim.finki.wp.model.Post> mk.ukim.finki.wp.web.BlogResource.getRecentPosts()
2016-03-05 02:40:55,963 INFO [localhost-startStop-1] o.s.w.s.m.m.a.RequestMappingHandlerMapping [AbstractHandlerMethodMapping.java:217] Mapped "{[/api/blog/post],methods=[POST],produces=[application/json]}" onto public void mk.ukim.finki.wp.web.BlogResource.postPost(java.lang.String,java.lang.String,java.util.ArrayList<org.springframework.web.multipart.MultipartFile>,java.lang.Boolean,java.util.List<java.lang.String>,java.util.List<java.lang.String>,javax.servlet.http.HttpSession)
2016-03-05 02:40:55,964 INFO [localhost-startStop-1] o.s.w.s.m.m.a.RequestMappingHandlerMapping [AbstractHandlerMethodMapping.java:217] Mapped "{[/api/blog/comment/add/{postId}/{parentCommentId}],methods=[POST],produces=[application/json]}" onto public void mk.ukim.finki.wp.web.BlogResource.postComment(java.lang.Long,java.lang.Long,java.lang.String,java.lang.String,java.lang.String,java.lang.String)
2016-03-05 02:40:55,965 INFO [localhost-startStop-1] o.s.w.s.m.m.a.RequestMappingHandlerMapping [AbstractHandlerMethodMapping.java:217] Mapped "{[/api/blog/comment/byPost/{postId}],methods=[GET],produces=[application/json]}" onto public java.util.List<mk.ukim.finki.wp.model.Comment> mk.ukim.finki.wp.web.BlogResource.getCommentsByPost(java.lang.Long)
2016-03-05 02:40:55,966 INFO [localhost-startStop-1] o.s.w.s.m.m.a.RequestMappingHandlerMapping [AbstractHandlerMethodMapping.java:217] Mapped "{[/api/blog/category/byBlog/{blogId}],methods=[GET],produces=[application/json]}" onto public java.util.List<mk.ukim.finki.wp.model.Category> mk.ukim.finki.wp.web.BlogResource.getCategoriesByBlog(java.lang.Long)
2016-03-05 02:40:55,967 INFO [localhost-startStop-1] o.s.w.s.m.m.a.RequestMappingHandlerMapping [AbstractHandlerMethodMapping.java:217] Mapped "{[/api/blog/post/byCategory/{categoryId}],methods=[GET],produces=[application/json]}" onto public java.util.List<mk.ukim.finki.wp.model.Post> mk.ukim.finki.wp.web.BlogResource.getPostsByCategory(java.lang.Long)
2016-03-05 02:40:55,967 INFO [localhost-startStop-1] o.s.w.s.m.m.a.RequestMappingHandlerMapping [AbstractHandlerMethodMapping.java:217] Mapped "{[/api/blog/{blogId}],methods=[GET],produces=[application/json]}" onto public mk.ukim.finki.wp.model.Blog mk.ukim.finki.wp.web.BlogResource.getBlog(java.lang.Long)
2016-03-05 02:40:55,968 INFO [localhost-startStop-1] o.s.w.s.m.m.a.RequestMappingHandlerMapping [AbstractHandlerMethodMapping.java:217] Mapped "{[/api/blog/post],methods=[GET],produces=[application/json]}" onto public java.util.List<mk.ukim.finki.wp.model.Post> mk.ukim.finki.wp.web.BlogResource.getAllPosts()
2016-03-05 02:40:55,968 INFO [localhost-startStop-1] o.s.w.s.m.m.a.RequestMappingHandlerMapping [AbstractHandlerMethodMapping.java:217] Mapped "{[/api/blog/comment/{commentId}],methods=[GET],produces=[application/json]}" onto public mk.ukim.finki.wp.model.Comment mk.ukim.finki.wp.web.BlogResource.getCommentById(java.lang.Long)
2016-03-05 02:40:55,969 INFO [localhost-startStop-1] o.s.w.s.m.m.a.RequestMappingHandlerMapping [AbstractHandlerMethodMapping.java:217] Mapped "{[/api/blog/tag/byName/{tagName}],methods=[GET],produces=[application/json]}" onto public mk.ukim.finki.wp.model.Tag mk.ukim.finki.wp.web.BlogResource.getTagByName(java.lang.String)
2016-03-05 02:40:55,970 INFO [localhost-startStop-1] o.s.w.s.m.m.a.RequestMappingHandlerMapping [AbstractHandlerMethodMapping.java:217] Mapped "{[],methods=[GET]}" onto public org.springframework.web.servlet.ModelAndView mk.ukim.finki.wp.web.HomeController.index()
2016-03-05 02:40:55,971 INFO [localhost-startStop-1] o.s.w.s.m.m.a.RequestMappingHandlerMapping [AbstractHandlerMethodMapping.java:217] Mapped "{[],methods=[POST]}" onto public org.springframework.web.servlet.ModelAndView mk.ukim.finki.wp.web.HomeController.post(java.lang.String,java.lang.String,java.util.List<org.springframework.web.multipart.MultipartFile>,java.lang.Boolean,java.util.List<java.lang.String>,javax.servlet.http.HttpSession)
2016-03-05 02:40:56,349 INFO [localhost-startStop-1] o.s.w.s.m.m.a.RequestMappingHandlerAdapter [RequestMappingHandlerAdapter.java:517] Looking for @ControllerAdvice: WebApplicationContext for namespace 'dispatcherServlet-servlet': startup date [Sat Mar 05 02:40:55 CET 2016]; parent: Root WebApplicationContext
2016-03-05 02:40:56,404 INFO [localhost-startStop-1] o.s.w.s.m.m.a.RequestMappingHandlerAdapter [RequestMappingHandlerAdapter.java:517] Looking for @ControllerAdvice: WebApplicationContext for namespace 'dispatcherServlet-servlet': startup date [Sat Mar 05 02:40:55 CET 2016]; parent: Root WebApplicationContext
2016-03-05 02:40:56,523 INFO [localhost-startStop-1] o.s.w.s.h.SimpleUrlHandlerMapping [AbstractUrlHandlerMapping.java:314] Mapped URL path [/resources/**] onto handler 'org.springframework.web.servlet.resource.ResourceHttpRequestHandler#0'
2016-03-05 02:40:56,538 INFO [localhost-startStop-1] o.s.w.s.h.SimpleUrlHandlerMapping [AbstractUrlHandlerMapping.java:301] Root mapping to handler of type [class org.springframework.web.servlet.mvc.ParameterizableViewController]
2016-03-05 02:40:56,549 INFO [localhost-startStop-1] o.s.w.s.h.SimpleUrlHandlerMapping [AbstractUrlHandlerMapping.java:314] Mapped URL path [/**] onto handler 'org.springframework.web.servlet.resource.DefaultServletHttpRequestHandler#0'
2016-03-05 02:40:56,611 INFO [localhost-startStop-1] o.s.w.s.DispatcherServlet [FrameworkServlet.java:504] FrameworkServlet 'dispatcherServlet': initialization completed in 1178 ms
2016-03-05 02:41:09,484 WARN [http-bio-8080-exec-1] o.h.e.j.s.SqlExceptionHelper [SqlExceptionHelper.java:144] SQL Error: 1064, SQLState: 42000
2016-03-05 02:41:09,486 ERROR [http-bio-8080-exec-1] o.h.e.j.s.SqlExceptionHelper [SqlExceptionHelper.java:146] You have an error in your SQL syntax; check the manual that corresponds to your MySQL server version for the right syntax to use near 'in (1))' at line 1
2016-03-05 02:41:09,499 WARN [http-bio-8080-exec-1] o.h.e.j.s.SqlExceptionHelper [SqlExceptionHelper.java:232] SQL Warning Code: 1064, SQLState: 42000
2016-03-05 02:41:09,499 WARN [http-bio-8080-exec-1] o.h.e.j.s.SqlExceptionHelper [SqlExceptionHelper.java:233] You have an error in your SQL syntax; check the manual that corresponds to your MySQL server version for the right syntax to use near 'in (1))' at line 1
