2016-03-27 17:28:10,092 INFO [localhost-startStop-1] o.s.w.c.ContextLoader [ContextLoader.java:285] Root WebApplicationContext: initialization started
2016-03-27 17:28:10,427 INFO [localhost-startStop-1] o.s.w.c.s.XmlWebApplicationContext [AbstractApplicationContext.java:510] Refreshing Root WebApplicationContext: startup date [Sun Mar 27 17:28:10 CEST 2016]; root of context hierarchy
2016-03-27 17:28:10,542 INFO [localhost-startStop-1] o.s.b.f.x.XmlBeanDefinitionReader [XmlBeanDefinitionReader.java:317] Loading XML bean definitions from class path resource [spring/business-config.xml]
2016-03-27 17:28:10,998 INFO [localhost-startStop-1] o.s.b.f.x.XmlBeanDefinitionReader [XmlBeanDefinitionReader.java:317] Loading XML bean definitions from class path resource [spring/persistence-config.xml]
2016-03-27 17:28:11,416 INFO [localhost-startStop-1] o.s.c.s.PropertySourcesPlaceholderConfigurer [PropertiesLoaderSupport.java:172] Loading properties file from class path resource [spring/data-access.properties]
2016-03-27 17:28:11,447 INFO [localhost-startStop-1] o.s.b.f.a.AutowiredAnnotationBeanPostProcessor [AutowiredAnnotationBeanPostProcessor.java:153] JSR-330 'javax.inject.Inject' annotation found and supported for autowiring
2016-03-27 17:28:11,835 INFO [localhost-startStop-1] o.s.o.j.LocalContainerEntityManagerFactoryBean [LocalContainerEntityManagerFactoryBean.java:339] Building JPA container EntityManagerFactory for persistence unit 'wp'
2016-03-27 17:28:11,869 INFO [localhost-startStop-1] o.h.j.i.u.LogHelper [LogHelper.java:46] HHH000204: Processing PersistenceUnitInfo [
	name: wp
	...]
2016-03-27 17:28:12,270 INFO [localhost-startStop-1] o.h.Version [Version.java:54] HHH000412: Hibernate Core {4.3.10.Final}
2016-03-27 17:28:12,275 INFO [localhost-startStop-1] o.h.c.Environment [Environment.java:239] HHH000206: hibernate.properties not found
2016-03-27 17:28:12,280 INFO [localhost-startStop-1] o.h.c.Environment [Environment.java:346] HHH000021: Bytecode provider name : javassist
2016-03-27 17:28:12,630 INFO [localhost-startStop-1] o.h.a.c.Version [JavaReflectionManager.java:66] HCANN000001: Hibernate Commons Annotations {4.0.5.Final}
2016-03-27 17:28:13,546 INFO [localhost-startStop-1] o.h.d.Dialect [Dialect.java:145] HHH000400: Using dialect: org.hibernate.dialect.MySQLDialect
2016-03-27 17:28:14,191 INFO [localhost-startStop-1] o.h.h.i.a.ASTQueryTranslatorFactory [ASTQueryTranslatorFactory.java:47] HHH000397: Using ASTQueryTranslatorFactory
2016-03-27 17:28:14,298 INFO [localhost-startStop-1] o.h.v.i.u.Version [Version.java:27] HV000001: Hibernate Validator 5.1.3.Final
2016-03-27 17:28:15,523 INFO [localhost-startStop-1] o.h.t.h.SchemaUpdate [SchemaUpdate.java:207] HHH000228: Running hbm2ddl schema update
2016-03-27 17:28:15,524 INFO [localhost-startStop-1] o.h.t.h.SchemaUpdate [SchemaUpdate.java:218] HHH000102: Fetching database metadata
2016-03-27 17:28:15,527 INFO [localhost-startStop-1] o.h.t.h.SchemaUpdate [SchemaUpdate.java:230] HHH000396: Updating schema
2016-03-27 17:28:15,671 INFO [localhost-startStop-1] o.h.t.h.TableMetadata [TableMetadata.java:65] HHH000261: Table found: java_blog.blog
2016-03-27 17:28:15,672 INFO [localhost-startStop-1] o.h.t.h.TableMetadata [TableMetadata.java:66] HHH000037: Columns: [name, description, id]
2016-03-27 17:28:15,672 INFO [localhost-startStop-1] o.h.t.h.TableMetadata [TableMetadata.java:68] HHH000108: Foreign keys: []
2016-03-27 17:28:15,673 INFO [localhost-startStop-1] o.h.t.h.TableMetadata [TableMetadata.java:69] HHH000126: Indexes: [primary]
2016-03-27 17:28:15,770 INFO [localhost-startStop-1] o.h.t.h.TableMetadata [TableMetadata.java:65] HHH000261: Table found: java_blog.category
2016-03-27 17:28:15,771 INFO [localhost-startStop-1] o.h.t.h.TableMetadata [TableMetadata.java:66] HHH000037: Columns: [blog_id, name, id]
2016-03-27 17:28:15,772 INFO [localhost-startStop-1] o.h.t.h.TableMetadata [TableMetadata.java:68] HHH000108: Foreign keys: [fk_4bv8ll1clbk1o710s33f18cjy]
2016-03-27 17:28:15,772 INFO [localhost-startStop-1] o.h.t.h.TableMetadata [TableMetadata.java:69] HHH000126: Indexes: [uk_foei036ov74bv692o5lh5oi66, fk_4bv8ll1clbk1o710s33f18cjy, primary]
2016-03-27 17:28:15,876 INFO [localhost-startStop-1] o.h.t.h.TableMetadata [TableMetadata.java:65] HHH000261: Table found: java_blog.comment
2016-03-27 17:28:15,877 INFO [localhost-startStop-1] o.h.t.h.TableMetadata [TableMetadata.java:66] HHH000037: Columns: [date, sub_comment_id, website, post_id, author, id, content, email]
2016-03-27 17:28:15,880 INFO [localhost-startStop-1] o.h.t.h.TableMetadata [TableMetadata.java:68] HHH000108: Foreign keys: [fk_948uvh1i6013ukmhda57jpefc, fk_apirq8ka64iidc18f3k6x5tc5]
2016-03-27 17:28:15,881 INFO [localhost-startStop-1] o.h.t.h.TableMetadata [TableMetadata.java:69] HHH000126: Indexes: [fk_948uvh1i6013ukmhda57jpefc, fk_apirq8ka64iidc18f3k6x5tc5, primary]
2016-03-27 17:28:15,922 INFO [localhost-startStop-1] o.h.t.h.TableMetadata [TableMetadata.java:65] HHH000261: Table found: java_blog.post
2016-03-27 17:28:15,922 INFO [localhost-startStop-1] o.h.t.h.TableMetadata [TableMetadata.java:66] HHH000037: Columns: [date, user_id, rating, id, title, content, enabled]
2016-03-27 17:28:15,923 INFO [localhost-startStop-1] o.h.t.h.TableMetadata [TableMetadata.java:68] HHH000108: Foreign keys: [fk_s7ui38nhrh0c7q4nfpgf93bfk]
2016-03-27 17:28:15,923 INFO [localhost-startStop-1] o.h.t.h.TableMetadata [TableMetadata.java:69] HHH000126: Indexes: [fk_s7ui38nhrh0c7q4nfpgf93bfk, primary]
2016-03-27 17:28:15,992 INFO [localhost-startStop-1] o.h.t.h.TableMetadata [TableMetadata.java:65] HHH000261: Table found: java_blog.tag
2016-03-27 17:28:15,992 INFO [localhost-startStop-1] o.h.t.h.TableMetadata [TableMetadata.java:66] HHH000037: Columns: [name, id]
2016-03-27 17:28:15,993 INFO [localhost-startStop-1] o.h.t.h.TableMetadata [TableMetadata.java:68] HHH000108: Foreign keys: []
2016-03-27 17:28:15,993 INFO [localhost-startStop-1] o.h.t.h.TableMetadata [TableMetadata.java:69] HHH000126: Indexes: [primary, uk_24642shpebunaq3ggshotv9hk]
2016-03-27 17:28:16,096 INFO [localhost-startStop-1] o.h.t.h.TableMetadata [TableMetadata.java:65] HHH000261: Table found: java_blog.user
2016-03-27 17:28:16,097 INFO [localhost-startStop-1] o.h.t.h.TableMetadata [TableMetadata.java:66] HHH000037: Columns: [password, isadmin, surname, imageurl, name, uploadpath, id, email, username]
2016-03-27 17:28:16,097 INFO [localhost-startStop-1] o.h.t.h.TableMetadata [TableMetadata.java:68] HHH000108: Foreign keys: []
2016-03-27 17:28:16,098 INFO [localhost-startStop-1] o.h.t.h.TableMetadata [TableMetadata.java:69] HHH000126: Indexes: [uk_jreodf78a7pl5qidfh43axdfb, primary]
2016-03-27 17:28:16,188 INFO [localhost-startStop-1] o.h.t.h.TableMetadata [TableMetadata.java:65] HHH000261: Table found: java_blog.post_categories
2016-03-27 17:28:16,188 INFO [localhost-startStop-1] o.h.t.h.TableMetadata [TableMetadata.java:66] HHH000037: Columns: [cat_id, id]
2016-03-27 17:28:16,189 INFO [localhost-startStop-1] o.h.t.h.TableMetadata [TableMetadata.java:68] HHH000108: Foreign keys: [fk_230q54bqb82yj49m0c14o9pmd, fk_s46ut2yutkkkc3htv42bp0v9h]
2016-03-27 17:28:16,189 INFO [localhost-startStop-1] o.h.t.h.TableMetadata [TableMetadata.java:69] HHH000126: Indexes: [fk_230q54bqb82yj49m0c14o9pmd, fk_s46ut2yutkkkc3htv42bp0v9h]
2016-03-27 17:28:16,236 INFO [localhost-startStop-1] o.h.t.h.TableMetadata [TableMetadata.java:65] HHH000261: Table found: java_blog.post_image_urls
2016-03-27 17:28:16,236 INFO [localhost-startStop-1] o.h.t.h.TableMetadata [TableMetadata.java:66] HHH000037: Columns: [image_url, id]
2016-03-27 17:28:16,237 INFO [localhost-startStop-1] o.h.t.h.TableMetadata [TableMetadata.java:68] HHH000108: Foreign keys: [fk_65wldw1rxrqdf4jsi8lphe6t4]
2016-03-27 17:28:16,238 INFO [localhost-startStop-1] o.h.t.h.TableMetadata [TableMetadata.java:69] HHH000126: Indexes: [uk_csptxsmdum3y13jp2rtoxk6vu]
2016-03-27 17:28:16,270 INFO [localhost-startStop-1] o.h.t.h.TableMetadata [TableMetadata.java:65] HHH000261: Table found: java_blog.post_tags
2016-03-27 17:28:16,271 INFO [localhost-startStop-1] o.h.t.h.TableMetadata [TableMetadata.java:66] HHH000037: Columns: [tag_id, id]
2016-03-27 17:28:16,272 INFO [localhost-startStop-1] o.h.t.h.TableMetadata [TableMetadata.java:68] HHH000108: Foreign keys: [fk_n8k2owli9ecanh4phj01mddvv, fk_38vimqfhetfvqs16abqbrmy59]
2016-03-27 17:28:16,273 INFO [localhost-startStop-1] o.h.t.h.TableMetadata [TableMetadata.java:69] HHH000126: Indexes: [fk_n8k2owli9ecanh4phj01mddvv, fk_38vimqfhetfvqs16abqbrmy59]
2016-03-27 17:28:16,275 INFO [localhost-startStop-1] o.h.t.h.SchemaUpdate [SchemaUpdate.java:267] HHH000232: Schema update complete
2016-03-27 17:28:16,808 INFO [localhost-startStop-1] o.s.w.c.ContextLoader [ContextLoader.java:325] Root WebApplicationContext: initialization completed in 6708 ms
2016-03-27 17:28:16,853 INFO [localhost-startStop-1] o.s.w.s.DispatcherServlet [FrameworkServlet.java:485] FrameworkServlet 'dispatcherServlet': initialization started
2016-03-27 17:28:16,858 INFO [localhost-startStop-1] o.s.w.c.s.XmlWebApplicationContext [AbstractApplicationContext.java:510] Refreshing WebApplicationContext for namespace 'dispatcherServlet-servlet': startup date [Sun Mar 27 17:28:16 CEST 2016]; parent: Root WebApplicationContext
2016-03-27 17:28:16,859 INFO [localhost-startStop-1] o.s.b.f.x.XmlBeanDefinitionReader [XmlBeanDefinitionReader.java:317] Loading XML bean definitions from class path resource [spring/mvc-core-config.xml]
2016-03-27 17:28:16,917 INFO [localhost-startStop-1] o.s.b.f.x.XmlBeanDefinitionReader [XmlBeanDefinitionReader.java:317] Loading XML bean definitions from class path resource [spring/mvc-view-config.xml]
2016-03-27 17:28:17,199 INFO [localhost-startStop-1] o.s.b.f.a.AutowiredAnnotationBeanPostProcessor [AutowiredAnnotationBeanPostProcessor.java:153] JSR-330 'javax.inject.Inject' annotation found and supported for autowiring
2016-03-27 17:28:17,665 INFO [localhost-startStop-1] o.s.w.s.m.m.a.RequestMappingHandlerMapping [AbstractHandlerMethodMapping.java:217] Mapped "{[/api/blog/post/search],methods=[GET],produces=[application/json]}" onto public java.util.List<mk.ukim.finki.wp.model.Post> mk.ukim.finki.wp.web.BlogResource.search(java.lang.String)
2016-03-27 17:28:17,667 INFO [localhost-startStop-1] o.s.w.s.m.m.a.RequestMappingHandlerMapping [AbstractHandlerMethodMapping.java:217] Mapped "{[/api/blog/post/{postId}],methods=[GET],produces=[application/json]}" onto public mk.ukim.finki.wp.model.Post mk.ukim.finki.wp.web.BlogResource.getPost(java.lang.Long)
2016-03-27 17:28:17,670 INFO [localhost-startStop-1] o.s.w.s.m.m.a.RequestMappingHandlerMapping [AbstractHandlerMethodMapping.java:217] Mapped "{[/api/blog/category/{categoryId}],methods=[GET],produces=[application/json]}" onto public mk.ukim.finki.wp.model.Category mk.ukim.finki.wp.web.BlogResource.getCategory(java.lang.Long)
2016-03-27 17:28:17,671 INFO [localhost-startStop-1] o.s.w.s.m.m.a.RequestMappingHandlerMapping [AbstractHandlerMethodMapping.java:217] Mapped "{[/api/blog/{blogId}],methods=[GET],produces=[application/json]}" onto public mk.ukim.finki.wp.model.Blog mk.ukim.finki.wp.web.BlogResource.getBlog(java.lang.Long)
2016-03-27 17:28:17,672 INFO [localhost-startStop-1] o.s.w.s.m.m.a.RequestMappingHandlerMapping [AbstractHandlerMethodMapping.java:217] Mapped "{[/api/blog/post/byTag/{tagId}],produces=[application/json]}" onto public java.util.List<mk.ukim.finki.wp.model.Post> mk.ukim.finki.wp.web.BlogResource.getPostsByTag(java.lang.Long)
2016-03-27 17:28:17,674 INFO [localhost-startStop-1] o.s.w.s.m.m.a.RequestMappingHandlerMapping [AbstractHandlerMethodMapping.java:217] Mapped "{[/api/blog/tag/byName/{tagName}],methods=[GET],produces=[application/json]}" onto public mk.ukim.finki.wp.model.Tag mk.ukim.finki.wp.web.BlogResource.getTagByName(java.lang.String)
2016-03-27 17:28:17,675 INFO [localhost-startStop-1] o.s.w.s.m.m.a.RequestMappingHandlerMapping [AbstractHandlerMethodMapping.java:217] Mapped "{[/api/blog/comment/{commentId}],methods=[GET],produces=[application/json]}" onto public mk.ukim.finki.wp.model.Comment mk.ukim.finki.wp.web.BlogResource.getCommentById(java.lang.Long)
2016-03-27 17:28:17,676 INFO [localhost-startStop-1] o.s.w.s.m.m.a.RequestMappingHandlerMapping [AbstractHandlerMethodMapping.java:217] Mapped "{[/api/blog/post],methods=[GET],produces=[application/json]}" onto public java.util.List<mk.ukim.finki.wp.model.Post> mk.ukim.finki.wp.web.BlogResource.getAllPosts()
2016-03-27 17:28:17,677 INFO [localhost-startStop-1] o.s.w.s.m.m.a.RequestMappingHandlerMapping [AbstractHandlerMethodMapping.java:217] Mapped "{[/api/blog/post/add],methods=[POST],produces=[application/json]}" onto public void mk.ukim.finki.wp.web.BlogResource.createPost(java.lang.String,java.lang.String,java.lang.String,java.lang.Long)
2016-03-27 17:28:17,678 INFO [localhost-startStop-1] o.s.w.s.m.m.a.RequestMappingHandlerMapping [AbstractHandlerMethodMapping.java:217] Mapped "{[/api/blog/post],methods=[POST],produces=[application/json]}" onto public void mk.ukim.finki.wp.web.BlogResource.postPost(java.lang.String,java.lang.String,java.util.ArrayList<org.springframework.web.multipart.MultipartFile>,java.lang.Boolean,java.util.List<java.lang.String>,java.util.List<java.lang.String>,javax.servlet.http.HttpSession)
2016-03-27 17:28:17,680 INFO [localhost-startStop-1] o.s.w.s.m.m.a.RequestMappingHandlerMapping [AbstractHandlerMethodMapping.java:217] Mapped "{[/api/blog/comment/add/{postId}/{parentCommentId}],methods=[POST],produces=[application/json]}" onto public void mk.ukim.finki.wp.web.BlogResource.postComment(java.lang.Long,java.lang.Long,java.lang.String,java.lang.String,java.lang.String,java.lang.String)
2016-03-27 17:28:17,682 INFO [localhost-startStop-1] o.s.w.s.m.m.a.RequestMappingHandlerMapping [AbstractHandlerMethodMapping.java:217] Mapped "{[/api/blog/post/recent],methods=[GET],produces=[application/json]}" onto public java.util.List<mk.ukim.finki.wp.model.Post> mk.ukim.finki.wp.web.BlogResource.getRecentPosts()
2016-03-27 17:28:17,683 INFO [localhost-startStop-1] o.s.w.s.m.m.a.RequestMappingHandlerMapping [AbstractHandlerMethodMapping.java:217] Mapped "{[/api/blog/category/byBlog/{blogId}],methods=[GET],produces=[application/json]}" onto public java.util.List<mk.ukim.finki.wp.model.Category> mk.ukim.finki.wp.web.BlogResource.getCategoriesByBlog(java.lang.Long)
2016-03-27 17:28:17,685 INFO [localhost-startStop-1] o.s.w.s.m.m.a.RequestMappingHandlerMapping [AbstractHandlerMethodMapping.java:217] Mapped "{[/api/blog/post/byCategory/{categoryId}],methods=[GET],produces=[application/json]}" onto public java.util.List<mk.ukim.finki.wp.model.Post> mk.ukim.finki.wp.web.BlogResource.getPostsByCategory(java.lang.Long)
2016-03-27 17:28:17,689 INFO [localhost-startStop-1] o.s.w.s.m.m.a.RequestMappingHandlerMapping [AbstractHandlerMethodMapping.java:217] Mapped "{[/api/blog/comment/byPost/{postId}],methods=[GET],produces=[application/json]}" onto public java.util.List<mk.ukim.finki.wp.model.Comment> mk.ukim.finki.wp.web.BlogResource.getCommentsByPost(java.lang.Long)
2016-03-27 17:28:17,692 INFO [localhost-startStop-1] o.s.w.s.m.m.a.RequestMappingHandlerMapping [AbstractHandlerMethodMapping.java:217] Mapped "{[],methods=[GET]}" onto public org.springframework.web.servlet.ModelAndView mk.ukim.finki.wp.web.HomeController.index()
2016-03-27 17:28:17,693 INFO [localhost-startStop-1] o.s.w.s.m.m.a.RequestMappingHandlerMapping [AbstractHandlerMethodMapping.java:217] Mapped "{[],methods=[POST]}" onto public org.springframework.web.servlet.ModelAndView mk.ukim.finki.wp.web.HomeController.post(java.lang.String,java.lang.String,java.util.List<org.springframework.web.multipart.MultipartFile>,java.lang.Boolean,java.util.List<java.lang.String>,javax.servlet.http.HttpSession)
2016-03-27 17:28:17,694 INFO [localhost-startStop-1] o.s.w.s.m.m.a.RequestMappingHandlerMapping [AbstractHandlerMethodMapping.java:217] Mapped "{[/signup],methods=[POST]}" onto public void mk.ukim.finki.wp.web.HomeController.signUp(java.lang.String,java.lang.String,java.lang.String,java.lang.String,java.lang.String,org.springframework.web.multipart.MultipartFile)
2016-03-27 17:28:17,696 INFO [localhost-startStop-1] o.s.w.s.m.m.a.RequestMappingHandlerMapping [AbstractHandlerMethodMapping.java:217] Mapped "{[/api/blog/user/signup],methods=[POST],produces=[application/json]}" onto public void mk.ukim.finki.wp.web.UserRepository.signUp(java.lang.String,java.lang.String,java.lang.String,java.lang.String,java.lang.String)
2016-03-27 17:28:17,697 INFO [localhost-startStop-1] o.s.w.s.m.m.a.RequestMappingHandlerMapping [AbstractHandlerMethodMapping.java:217] Mapped "{[/api/blog/user/login],methods=[POST],produces=[application/json]}" onto public mk.ukim.finki.wp.model.User mk.ukim.finki.wp.web.UserRepository.logIn(java.lang.String,java.lang.String,java.lang.Boolean,javax.servlet.http.HttpServletRequest)
2016-03-27 17:28:18,526 INFO [localhost-startStop-1] o.s.w.s.m.m.a.RequestMappingHandlerAdapter [RequestMappingHandlerAdapter.java:517] Looking for @ControllerAdvice: WebApplicationContext for namespace 'dispatcherServlet-servlet': startup date [Sun Mar 27 17:28:16 CEST 2016]; parent: Root WebApplicationContext
2016-03-27 17:28:18,600 INFO [localhost-startStop-1] o.s.w.s.m.m.a.RequestMappingHandlerAdapter [RequestMappingHandlerAdapter.java:517] Looking for @ControllerAdvice: WebApplicationContext for namespace 'dispatcherServlet-servlet': startup date [Sun Mar 27 17:28:16 CEST 2016]; parent: Root WebApplicationContext
2016-03-27 17:28:18,725 INFO [localhost-startStop-1] o.s.w.s.h.SimpleUrlHandlerMapping [AbstractUrlHandlerMapping.java:314] Mapped URL path [/resources/**] onto handler 'org.springframework.web.servlet.resource.ResourceHttpRequestHandler#0'
2016-03-27 17:28:18,743 INFO [localhost-startStop-1] o.s.w.s.h.SimpleUrlHandlerMapping [AbstractUrlHandlerMapping.java:301] Root mapping to handler of type [class org.springframework.web.servlet.mvc.ParameterizableViewController]
2016-03-27 17:28:18,750 INFO [localhost-startStop-1] o.s.w.s.h.SimpleUrlHandlerMapping [AbstractUrlHandlerMapping.java:314] Mapped URL path [/**] onto handler 'org.springframework.web.servlet.resource.DefaultServletHttpRequestHandler#0'
2016-03-27 17:28:18,814 INFO [localhost-startStop-1] o.s.w.s.DispatcherServlet [FrameworkServlet.java:504] FrameworkServlet 'dispatcherServlet': initialization completed in 1961 ms
